<?xml version="1.0" encoding="utf-8"?>
<CoverageSession xmlns:xsd="http://www.w3.org/2001/XMLSchema" xmlns:xsi="http://www.w3.org/2001/XMLSchema-instance" Version="4.7.922.0">
  <Summary numSequencePoints="1264" visitedSequencePoints="67" numBranchPoints="380" visitedBranchPoints="18" sequenceCoverage="5.30" branchCoverage="4.74" maxCyclomaticComplexity="8" minCyclomaticComplexity="1" maxCrapScore="72" minCrapScore="1" visitedClasses="2" numClasses="21" visitedMethods="18" numMethods="218" />
  <Modules>
    <Module hash="A8-2B-CE-C6-5A-0F-16-FA-81-1F-F0-D6-F8-9B-2D-04-59-A5-F0-40">
      <Summary numSequencePoints="32" visitedSequencePoints="32" numBranchPoints="5" visitedBranchPoints="5" sequenceCoverage="100" branchCoverage="100" maxCyclomaticComplexity="1" minCyclomaticComplexity="1" maxCrapScore="2" minCrapScore="1" visitedClasses="1" numClasses="1" visitedMethods="5" numMethods="5" />
      <ModulePath>D:\Mydata\視窗程式設計\Drawing\DrawingFormTests\bin\Debug\fine-code-coverage\build-output\DrawingFormTests.dll</ModulePath>
      <ModuleTime>2022-01-12T13:01:44.2298389Z</ModuleTime>
      <ModuleName>DrawingFormTests</ModuleName>
      <Files>
        <File uid="1" fullPath="D:\Mydata\視窗程式設計\Drawing\DrawingFormTests\presentationModel\PresentationTests.cs" />
      </Files>
      <Classes>
        <Class>
          <Summary numSequencePoints="32" visitedSequencePoints="32" numBranchPoints="5" visitedBranchPoints="5" sequenceCoverage="100" branchCoverage="100" maxCyclomaticComplexity="1" minCyclomaticComplexity="1" maxCrapScore="2" minCrapScore="1" visitedClasses="1" numClasses="1" visitedMethods="5" numMethods="5" />
          <FullName>DrawingForm.presentationModel.Tests.PresentationTests</FullName>
          <Methods>
            <Method visited="true" cyclomaticComplexity="1" nPathComplexity="0" sequenceCoverage="100" branchCoverage="100" crapScore="1" isConstructor="false" isStatic="false" isGetter="false" isSetter="false">
              <Summary numSequencePoints="4" visitedSequencePoints="4" numBranchPoints="1" visitedBranchPoints="1" sequenceCoverage="100" branchCoverage="100" maxCyclomaticComplexity="1" minCyclomaticComplexity="1" maxCrapScore="1" minCrapScore="1" visitedClasses="0" numClasses="0" visitedMethods="1" numMethods="1" />
              <MetadataToken>100663297</MetadataToken>
              <Name>System.Void DrawingForm.presentationModel.Tests.PresentationTests::PresentationTest()</Name>
              <FileRef uid="1" />
              <SequencePoints>
                <SequencePoint vc="1" uspid="1" ordinal="0" offset="0" sl="17" sc="9" el="17" ec="10" bec="0" bev="0" fileid="1" />
                <SequencePoint vc="1" uspid="2" ordinal="1" offset="1" sl="18" sc="13" el="18" ec="128" bec="0" bev="0" fileid="1" />
                <SequencePoint vc="1" uspid="3" ordinal="2" offset="7" sl="19" sc="13" el="19" ec="55" bec="0" bev="0" fileid="1" />
                <SequencePoint vc="1" uspid="4" ordinal="3" offset="20" sl="20" sc="9" el="20" ec="10" bec="0" bev="0" fileid="1" />
              </SequencePoints>
              <BranchPoints />
              <MethodPoint xsi:type="SequencePoint" vc="1" uspid="1" ordinal="0" offset="0" sl="17" sc="9" el="17" ec="10" bec="0" bev="0" fileid="1" />
            </Method>
            <Method visited="true" cyclomaticComplexity="1" nPathComplexity="0" sequenceCoverage="100" branchCoverage="100" crapScore="1" isConstructor="false" isStatic="false" isGetter="false" isSetter="false">
              <Summary numSequencePoints="7" visitedSequencePoints="7" numBranchPoints="1" visitedBranchPoints="1" sequenceCoverage="100" branchCoverage="100" maxCyclomaticComplexity="1" minCyclomaticComplexity="1" maxCrapScore="1" minCrapScore="1" visitedClasses="0" numClasses="0" visitedMethods="1" numMethods="1" />
              <MetadataToken>100663298</MetadataToken>
              <Name>System.Void DrawingForm.presentationModel.Tests.PresentationTests::IsRectangleFalseTest()</Name>
              <FileRef uid="1" />
              <SequencePoints>
                <SequencePoint vc="1" uspid="5" ordinal="0" offset="0" sl="25" sc="9" el="25" ec="10" bec="0" bev="0" fileid="1" />
                <SequencePoint vc="1" uspid="6" ordinal="1" offset="1" sl="26" sc="13" el="26" ec="128" bec="0" bev="0" fileid="1" />
                <SequencePoint vc="1" uspid="7" ordinal="2" offset="7" sl="27" sc="13" el="27" ec="45" bec="0" bev="0" fileid="1" />
                <SequencePoint vc="1" uspid="8" ordinal="3" offset="14" sl="28" sc="13" el="28" ec="62" bec="0" bev="0" fileid="1" />
                <SequencePoint vc="1" uspid="9" ordinal="4" offset="27" sl="29" sc="13" el="29" ec="59" bec="0" bev="0" fileid="1" />
                <SequencePoint vc="1" uspid="10" ordinal="5" offset="40" sl="30" sc="13" el="30" ec="56" bec="0" bev="0" fileid="1" />
                <SequencePoint vc="1" uspid="11" ordinal="6" offset="53" sl="31" sc="9" el="31" ec="10" bec="0" bev="0" fileid="1" />
              </SequencePoints>
              <BranchPoints />
              <MethodPoint xsi:type="SequencePoint" vc="1" uspid="5" ordinal="0" offset="0" sl="25" sc="9" el="25" ec="10" bec="0" bev="0" fileid="1" />
            </Method>
            <Method visited="true" cyclomaticComplexity="1" nPathComplexity="0" sequenceCoverage="100" branchCoverage="100" crapScore="1" isConstructor="false" isStatic="false" isGetter="false" isSetter="false">
              <Summary numSequencePoints="7" visitedSequencePoints="7" numBranchPoints="1" visitedBranchPoints="1" sequenceCoverage="100" branchCoverage="100" maxCyclomaticComplexity="1" minCyclomaticComplexity="1" maxCrapScore="1" minCrapScore="1" visitedClasses="0" numClasses="0" visitedMethods="1" numMethods="1" />
              <MetadataToken>100663299</MetadataToken>
              <Name>System.Void DrawingForm.presentationModel.Tests.PresentationTests::IsEllipseFalseTest()</Name>
              <FileRef uid="1" />
              <SequencePoints>
                <SequencePoint vc="1" uspid="12" ordinal="0" offset="0" sl="36" sc="9" el="36" ec="10" bec="0" bev="0" fileid="1" />
                <SequencePoint vc="1" uspid="13" ordinal="1" offset="1" sl="37" sc="13" el="37" ec="128" bec="0" bev="0" fileid="1" />
                <SequencePoint vc="1" uspid="14" ordinal="2" offset="7" sl="38" sc="13" el="38" ec="43" bec="0" bev="0" fileid="1" />
                <SequencePoint vc="1" uspid="15" ordinal="3" offset="14" sl="39" sc="13" el="39" ec="61" bec="0" bev="0" fileid="1" />
                <SequencePoint vc="1" uspid="16" ordinal="4" offset="27" sl="40" sc="13" el="40" ec="56" bec="0" bev="0" fileid="1" />
                <SequencePoint vc="1" uspid="17" ordinal="5" offset="40" sl="41" sc="13" el="41" ec="60" bec="0" bev="0" fileid="1" />
                <SequencePoint vc="1" uspid="18" ordinal="6" offset="53" sl="42" sc="9" el="42" ec="10" bec="0" bev="0" fileid="1" />
              </SequencePoints>
              <BranchPoints />
              <MethodPoint xsi:type="SequencePoint" vc="1" uspid="12" ordinal="0" offset="0" sl="36" sc="9" el="36" ec="10" bec="0" bev="0" fileid="1" />
            </Method>
            <Method visited="true" cyclomaticComplexity="1" nPathComplexity="0" sequenceCoverage="100" branchCoverage="100" crapScore="1" isConstructor="false" isStatic="false" isGetter="false" isSetter="false">
              <Summary numSequencePoints="7" visitedSequencePoints="7" numBranchPoints="1" visitedBranchPoints="1" sequenceCoverage="100" branchCoverage="100" maxCyclomaticComplexity="1" minCyclomaticComplexity="1" maxCrapScore="1" minCrapScore="1" visitedClasses="0" numClasses="0" visitedMethods="1" numMethods="1" />
              <MetadataToken>100663300</MetadataToken>
              <Name>System.Void DrawingForm.presentationModel.Tests.PresentationTests::IsLineFalseTest()</Name>
              <FileRef uid="1" />
              <SequencePoints>
                <SequencePoint vc="1" uspid="19" ordinal="0" offset="0" sl="47" sc="9" el="47" ec="10" bec="0" bev="0" fileid="1" />
                <SequencePoint vc="1" uspid="20" ordinal="1" offset="1" sl="48" sc="13" el="48" ec="128" bec="0" bev="0" fileid="1" />
                <SequencePoint vc="1" uspid="21" ordinal="2" offset="7" sl="49" sc="13" el="49" ec="40" bec="0" bev="0" fileid="1" />
                <SequencePoint vc="1" uspid="22" ordinal="3" offset="14" sl="50" sc="13" el="50" ec="61" bec="0" bev="0" fileid="1" />
                <SequencePoint vc="1" uspid="23" ordinal="4" offset="27" sl="51" sc="13" el="51" ec="57" bec="0" bev="0" fileid="1" />
                <SequencePoint vc="1" uspid="24" ordinal="5" offset="40" sl="52" sc="13" el="52" ec="59" bec="0" bev="0" fileid="1" />
                <SequencePoint vc="1" uspid="25" ordinal="6" offset="53" sl="53" sc="9" el="53" ec="10" bec="0" bev="0" fileid="1" />
              </SequencePoints>
              <BranchPoints />
              <MethodPoint xsi:type="SequencePoint" vc="1" uspid="19" ordinal="0" offset="0" sl="47" sc="9" el="47" ec="10" bec="0" bev="0" fileid="1" />
            </Method>
            <Method visited="true" cyclomaticComplexity="1" nPathComplexity="0" sequenceCoverage="100" branchCoverage="100" crapScore="1" isConstructor="false" isStatic="false" isGetter="false" isSetter="false">
              <Summary numSequencePoints="7" visitedSequencePoints="7" numBranchPoints="1" visitedBranchPoints="1" sequenceCoverage="100" branchCoverage="100" maxCyclomaticComplexity="1" minCyclomaticComplexity="1" maxCrapScore="1" minCrapScore="1" visitedClasses="0" numClasses="0" visitedMethods="1" numMethods="1" />
              <MetadataToken>100663301</MetadataToken>
              <Name>System.Void DrawingForm.presentationModel.Tests.PresentationTests::IsAllTrueTest()</Name>
              <FileRef uid="1" />
              <SequencePoints>
                <SequencePoint vc="1" uspid="26" ordinal="0" offset="0" sl="58" sc="9" el="58" ec="10" bec="0" bev="0" fileid="1" />
                <SequencePoint vc="1" uspid="27" ordinal="1" offset="1" sl="59" sc="13" el="59" ec="128" bec="0" bev="0" fileid="1" />
                <SequencePoint vc="1" uspid="28" ordinal="2" offset="7" sl="60" sc="13" el="60" ec="38" bec="0" bev="0" fileid="1" />
                <SequencePoint vc="1" uspid="29" ordinal="3" offset="14" sl="61" sc="13" el="61" ec="61" bec="0" bev="0" fileid="1" />
                <SequencePoint vc="1" uspid="30" ordinal="4" offset="27" sl="62" sc="13" el="62" ec="56" bec="0" bev="0" fileid="1" />
                <SequencePoint vc="1" uspid="31" ordinal="5" offset="40" sl="63" sc="13" el="63" ec="59" bec="0" bev="0" fileid="1" />
                <SequencePoint vc="1" uspid="32" ordinal="6" offset="53" sl="64" sc="9" el="64" ec="10" bec="0" bev="0" fileid="1" />
              </SequencePoints>
              <BranchPoints />
              <MethodPoint xsi:type="SequencePoint" vc="1" uspid="26" ordinal="0" offset="0" sl="58" sc="9" el="58" ec="10" bec="0" bev="0" fileid="1" />
            </Method>
            <Method visited="false" cyclomaticComplexity="1" nPathComplexity="0" sequenceCoverage="0" branchCoverage="0" crapScore="2" isConstructor="true" isStatic="false" isGetter="false" isSetter="false">
              <Summary numSequencePoints="0" visitedSequencePoints="0" numBranchPoints="0" visitedBranchPoints="0" sequenceCoverage="0" branchCoverage="0" maxCyclomaticComplexity="1" minCyclomaticComplexity="1" maxCrapScore="2" minCrapScore="2" visitedClasses="0" numClasses="0" visitedMethods="0" numMethods="0" />
              <MetadataToken>100663302</MetadataToken>
              <Name>System.Void DrawingForm.presentationModel.Tests.PresentationTests::.ctor()</Name>
              <SequencePoints />
              <BranchPoints />
              <MethodPoint vc="0" uspid="33" ordinal="0" offset="0" />
            </Method>
          </Methods>
        </Class>
      </Classes>
    </Module>
    <Module hash="8C-A2-40-94-58-25-D2-71-45-C3-06-B6-1D-A5-0F-BA-F1-49-06-C2">
      <Summary numSequencePoints="1232" visitedSequencePoints="35" numBranchPoints="375" visitedBranchPoints="13" sequenceCoverage="2.84" branchCoverage="3.47" maxCyclomaticComplexity="8" minCyclomaticComplexity="1" maxCrapScore="72" minCrapScore="1" visitedClasses="1" numClasses="20" visitedMethods="13" numMethods="213" />
      <ModulePath>D:\Mydata\視窗程式設計\Drawing\DrawingFormTests\bin\Debug\fine-code-coverage\build-output\DrawingForm.exe</ModulePath>
      <ModuleTime>2022-01-12T13:00:10.423134Z</ModuleTime>
      <ModuleName>DrawingForm</ModuleName>
      <Files>
        <File uid="3" fullPath="D:\Mydata\視窗程式設計\Drawing\DrawingForm\Check.Designer.cs" />
        <File uid="4" fullPath="D:\Mydata\視窗程式設計\Drawing\DrawingForm\Check.cs" />
        <File uid="5" fullPath="D:\Mydata\視窗程式設計\Drawing\DrawingForm\View\DoubleBufferedPanel.cs" />
        <File uid="6" fullPath="D:\Mydata\視窗程式設計\Drawing\DrawingForm\View\Form1.cs" />
        <File uid="7" fullPath="D:\Mydata\視窗程式設計\Drawing\DrawingForm\View\Form1.Designer.cs" />
        <File uid="10" fullPath="D:\Mydata\視窗程式設計\Drawing\DrawingForm\Program.cs" />
        <File uid="11" fullPath="D:\Mydata\視窗程式設計\Drawing\DrawingForm\View\WindowsFormsGraphicsAdaptor.cs" />
        <File uid="12" fullPath="D:\Mydata\視窗程式設計\Drawing\DrawingForm\presentationModel\PresentationForm.cs" />
        <File uid="13" fullPath="D:\Mydata\視窗程式設計\Drawing\DrawingModel\CommandManager.cs" />
        <File uid="14" fullPath="D:\Mydata\視窗程式設計\Drawing\DrawingModel\DrawCommand.cs" />
        <File uid="15" fullPath="D:\Mydata\視窗程式設計\Drawing\DrawingModel\DrawingLineState.cs" />
        <File uid="16" fullPath="D:\Mydata\視窗程式設計\Drawing\DrawingModel\DrawingState.cs" />
        <File uid="17" fullPath="D:\Mydata\視窗程式設計\Drawing\DrawingModel\Ellipse.cs" />
        <File uid="18" fullPath="D:\Mydata\視窗程式設計\Drawing\DrawingModel\GoogleDriveService.cs" />
        <File uid="19" fullPath="D:\Mydata\視窗程式設計\Drawing\DrawingModel\Line.cs" />
        <File uid="20" fullPath="D:\Mydata\視窗程式設計\Drawing\DrawingModel\Model.cs" />
        <File uid="21" fullPath="D:\Mydata\視窗程式設計\Drawing\DrawingModel\PageFunction.cs" />
        <File uid="22" fullPath="D:\Mydata\視窗程式設計\Drawing\DrawingModel\PointerState.cs" />
        <File uid="23" fullPath="D:\Mydata\視窗程式設計\Drawing\DrawingModel\Rectangle.cs" />
        <File uid="24" fullPath="D:\Mydata\視窗程式設計\Drawing\DrawingModel\SimpleFactory.cs" />
      </Files>
      <Classes>
        <Class>
          <Summary numSequencePoints="57" visitedSequencePoints="0" numBranchPoints="9" visitedBranchPoints="0" sequenceCoverage="0" branchCoverage="0" maxCyclomaticComplexity="3" minCyclomaticComplexity="1" maxCrapScore="12" minCrapScore="2" visitedClasses="0" numClasses="1" visitedMethods="0" numMethods="5" />
          <FullName>DrawingForm.Check</FullName>
          <Methods>
            <Method visited="false" cyclomaticComplexity="1" nPathComplexity="0" sequenceCoverage="0" branchCoverage="0" crapScore="2" isConstructor="true" isStatic="false" isGetter="false" isSetter="false">
              <Summary numSequencePoints="7" visitedSequencePoints="0" numBranchPoints="1" visitedBranchPoints="0" sequenceCoverage="0" branchCoverage="0" maxCyclomaticComplexity="1" minCyclomaticComplexity="1" maxCrapScore="2" minCrapScore="2" visitedClasses="0" numClasses="0" visitedMethods="0" numMethods="1" />
              <MetadataToken>100663297</MetadataToken>
              <Name>System.Void DrawingForm.Check::.ctor(System.String)</Name>
              <FileRef uid="3" />
              <SequencePoints>
                <SequencePoint vc="0" uspid="34" ordinal="0" offset="0" sl="9" sc="9" el="9" ec="68" bec="0" bev="0" fileid="3" />
                <SequencePoint vc="0" uspid="35" ordinal="1" offset="7" sl="15" sc="9" el="15" ec="34" bec="0" bev="0" fileid="4" />
                <SequencePoint vc="0" uspid="36" ordinal="2" offset="14" sl="16" sc="9" el="16" ec="10" bec="0" bev="0" fileid="4" />
                <SequencePoint vc="0" uspid="37" ordinal="3" offset="15" sl="17" sc="13" el="17" ec="35" bec="0" bev="0" fileid="4" />
                <SequencePoint vc="0" uspid="38" ordinal="4" offset="22" sl="18" sc="13" el="18" ec="48" bec="0" bev="0" fileid="4" />
                <SequencePoint vc="0" uspid="39" ordinal="5" offset="51" sl="19" sc="13" el="19" ec="30" bec="0" bev="0" fileid="4" />
                <SequencePoint vc="0" uspid="40" ordinal="6" offset="63" sl="20" sc="9" el="20" ec="10" bec="0" bev="0" fileid="4" />
              </SequencePoints>
              <BranchPoints />
              <MethodPoint xsi:type="SequencePoint" vc="0" uspid="34" ordinal="0" offset="0" sl="9" sc="9" el="9" ec="68" bec="0" bev="0" fileid="3" />
            </Method>
            <Method visited="false" cyclomaticComplexity="1" nPathComplexity="0" sequenceCoverage="0" branchCoverage="0" crapScore="2" isConstructor="false" isStatic="false" isGetter="false" isSetter="false">
              <Summary numSequencePoints="3" visitedSequencePoints="0" numBranchPoints="1" visitedBranchPoints="0" sequenceCoverage="0" branchCoverage="0" maxCyclomaticComplexity="1" minCyclomaticComplexity="1" maxCrapScore="2" minCrapScore="2" visitedClasses="0" numClasses="0" visitedMethods="0" numMethods="1" />
              <MetadataToken>100663298</MetadataToken>
              <Name>System.Void DrawingForm.Check::ClickButton2(System.Object,System.EventArgs)</Name>
              <FileRef uid="4" />
              <SequencePoints>
                <SequencePoint vc="0" uspid="41" ordinal="0" offset="0" sl="24" sc="9" el="24" ec="10" bec="0" bev="0" fileid="4" />
                <SequencePoint vc="0" uspid="42" ordinal="1" offset="1" sl="25" sc="13" el="25" ec="45" bec="0" bev="0" fileid="4" />
                <SequencePoint vc="0" uspid="43" ordinal="2" offset="9" sl="26" sc="9" el="26" ec="10" bec="0" bev="0" fileid="4" />
              </SequencePoints>
              <BranchPoints />
              <MethodPoint xsi:type="SequencePoint" vc="0" uspid="41" ordinal="0" offset="0" sl="24" sc="9" el="24" ec="10" bec="0" bev="0" fileid="4" />
            </Method>
            <Method visited="false" cyclomaticComplexity="1" nPathComplexity="0" sequenceCoverage="0" branchCoverage="0" crapScore="2" isConstructor="false" isStatic="false" isGetter="false" isSetter="false">
              <Summary numSequencePoints="3" visitedSequencePoints="0" numBranchPoints="1" visitedBranchPoints="0" sequenceCoverage="0" branchCoverage="0" maxCyclomaticComplexity="1" minCyclomaticComplexity="1" maxCrapScore="2" minCrapScore="2" visitedClasses="0" numClasses="0" visitedMethods="0" numMethods="1" />
              <MetadataToken>100663299</MetadataToken>
              <Name>System.Void DrawingForm.Check::ClickButton1(System.Object,System.EventArgs)</Name>
              <FileRef uid="4" />
              <SequencePoints>
                <SequencePoint vc="0" uspid="44" ordinal="0" offset="0" sl="30" sc="9" el="30" ec="10" bec="0" bev="0" fileid="4" />
                <SequencePoint vc="0" uspid="45" ordinal="1" offset="1" sl="31" sc="13" el="31" ec="44" bec="0" bev="0" fileid="4" />
                <SequencePoint vc="0" uspid="46" ordinal="2" offset="9" sl="32" sc="9" el="32" ec="10" bec="0" bev="0" fileid="4" />
              </SequencePoints>
              <BranchPoints />
              <MethodPoint xsi:type="SequencePoint" vc="0" uspid="44" ordinal="0" offset="0" sl="30" sc="9" el="30" ec="10" bec="0" bev="0" fileid="4" />
            </Method>
            <Method visited="false" cyclomaticComplexity="3" nPathComplexity="4" sequenceCoverage="0" branchCoverage="0" crapScore="12" isConstructor="false" isStatic="false" isGetter="false" isSetter="false">
              <Summary numSequencePoints="7" visitedSequencePoints="0" numBranchPoints="5" visitedBranchPoints="0" sequenceCoverage="0" branchCoverage="0" maxCyclomaticComplexity="3" minCyclomaticComplexity="3" maxCrapScore="12" minCrapScore="12" visitedClasses="0" numClasses="0" visitedMethods="0" numMethods="1" />
              <MetadataToken>100663300</MetadataToken>
              <Name>System.Void DrawingForm.Check::Dispose(System.Boolean)</Name>
              <FileRef uid="3" />
              <SequencePoints>
                <SequencePoint vc="0" uspid="47" ordinal="0" offset="0" sl="16" sc="9" el="16" ec="10" bec="0" bev="0" fileid="3" />
                <SequencePoint vc="0" uspid="48" ordinal="1" offset="1" sl="17" sc="13" el="17" ec="51" bec="4" bev="0" fileid="3" />
                <SequencePoint vc="0" uspid="49" ordinal="2" offset="20" sl="18" sc="13" el="18" ec="14" bec="0" bev="0" fileid="3" />
                <SequencePoint vc="0" uspid="50" ordinal="3" offset="21" sl="19" sc="17" el="19" ec="38" bec="0" bev="0" fileid="3" />
                <SequencePoint vc="0" uspid="51" ordinal="4" offset="33" sl="20" sc="13" el="20" ec="14" bec="0" bev="0" fileid="3" />
                <SequencePoint vc="0" uspid="52" ordinal="5" offset="34" sl="21" sc="13" el="21" ec="37" bec="0" bev="0" fileid="3" />
                <SequencePoint vc="0" uspid="53" ordinal="6" offset="42" sl="22" sc="9" el="22" ec="10" bec="0" bev="0" fileid="3" />
              </SequencePoints>
              <BranchPoints>
                <BranchPoint vc="0" uspid="54" ordinal="0" offset="2" sl="17" path="0" offsetend="4" fileid="3" />
                <BranchPoint vc="0" uspid="55" ordinal="1" offset="2" sl="17" path="1" offsetend="15" fileid="3" />
                <BranchPoint vc="0" uspid="56" ordinal="2" offset="18" sl="17" path="0" offsetend="20" fileid="3" />
                <BranchPoint vc="0" uspid="57" ordinal="3" offset="18" sl="17" path="1" offsetend="34" fileid="3" />
              </BranchPoints>
              <MethodPoint xsi:type="SequencePoint" vc="0" uspid="47" ordinal="0" offset="0" sl="16" sc="9" el="16" ec="10" bec="0" bev="0" fileid="3" />
            </Method>
            <Method visited="false" cyclomaticComplexity="1" nPathComplexity="0" sequenceCoverage="0" branchCoverage="0" crapScore="2" isConstructor="false" isStatic="false" isGetter="false" isSetter="false">
              <Summary numSequencePoints="37" visitedSequencePoints="0" numBranchPoints="1" visitedBranchPoints="0" sequenceCoverage="0" branchCoverage="0" maxCyclomaticComplexity="1" minCyclomaticComplexity="1" maxCrapScore="2" minCrapScore="2" visitedClasses="0" numClasses="0" visitedMethods="0" numMethods="1" />
              <MetadataToken>100663301</MetadataToken>
              <Name>System.Void DrawingForm.Check::InitializeComponent()</Name>
              <FileRef uid="3" />
              <SequencePoints>
                <SequencePoint vc="0" uspid="58" ordinal="0" offset="0" sl="31" sc="9" el="31" ec="10" bec="0" bev="0" fileid="3" />
                <SequencePoint vc="0" uspid="59" ordinal="1" offset="1" sl="32" sc="13" el="32" ec="61" bec="0" bev="0" fileid="3" />
                <SequencePoint vc="0" uspid="60" ordinal="2" offset="12" sl="33" sc="13" el="33" ec="63" bec="0" bev="0" fileid="3" />
                <SequencePoint vc="0" uspid="61" ordinal="3" offset="23" sl="34" sc="13" el="34" ec="63" bec="0" bev="0" fileid="3" />
                <SequencePoint vc="0" uspid="62" ordinal="4" offset="34" sl="35" sc="13" el="35" ec="34" bec="0" bev="0" fileid="3" />
                <SequencePoint vc="0" uspid="63" ordinal="5" offset="41" sl="39" sc="13" el="39" ec="42" bec="0" bev="0" fileid="3" />
                <SequencePoint vc="0" uspid="64" ordinal="6" offset="54" sl="40" sc="13" el="40" ec="151" bec="0" bev="0" fileid="3" />
                <SequencePoint vc="0" uspid="65" ordinal="7" offset="88" sl="41" sc="13" el="41" ec="70" bec="0" bev="0" fileid="3" />
                <SequencePoint vc="0" uspid="66" ordinal="8" offset="109" sl="42" sc="13" el="42" ec="43" bec="0" bev="0" fileid="3" />
                <SequencePoint vc="0" uspid="67" ordinal="9" offset="126" sl="43" sc="13" el="43" ec="66" bec="0" bev="0" fileid="3" />
                <SequencePoint vc="0" uspid="68" ordinal="10" offset="150" sl="44" sc="13" el="44" ec="39" bec="0" bev="0" fileid="3" />
                <SequencePoint vc="0" uspid="69" ordinal="11" offset="163" sl="45" sc="13" el="45" ec="44" bec="0" bev="0" fileid="3" />
                <SequencePoint vc="0" uspid="70" ordinal="12" offset="180" sl="49" sc="13" el="49" ec="72" bec="0" bev="0" fileid="3" />
                <SequencePoint vc="0" uspid="71" ordinal="13" offset="201" sl="50" sc="13" el="50" ec="45" bec="0" bev="0" fileid="3" />
                <SequencePoint vc="0" uspid="72" ordinal="14" offset="218" sl="51" sc="13" el="51" ec="67" bec="0" bev="0" fileid="3" />
                <SequencePoint vc="0" uspid="73" ordinal="15" offset="242" sl="52" sc="13" el="52" ec="40" bec="0" bev="0" fileid="3" />
                <SequencePoint vc="0" uspid="74" ordinal="16" offset="255" sl="53" sc="13" el="53" ec="39" bec="0" bev="0" fileid="3" />
                <SequencePoint vc="0" uspid="75" ordinal="17" offset="272" sl="54" sc="13" el="54" ec="58" bec="0" bev="0" fileid="3" />
                <SequencePoint vc="0" uspid="76" ordinal="18" offset="285" sl="55" sc="13" el="55" ec="79" bec="0" bev="0" fileid="3" />
                <SequencePoint vc="0" uspid="77" ordinal="19" offset="309" sl="59" sc="13" el="59" ec="73" bec="0" bev="0" fileid="3" />
                <SequencePoint vc="0" uspid="78" ordinal="20" offset="333" sl="60" sc="13" el="60" ec="45" bec="0" bev="0" fileid="3" />
                <SequencePoint vc="0" uspid="79" ordinal="21" offset="350" sl="61" sc="13" el="61" ec="67" bec="0" bev="0" fileid="3" />
                <SequencePoint vc="0" uspid="80" ordinal="22" offset="374" sl="62" sc="13" el="62" ec="40" bec="0" bev="0" fileid="3" />
                <SequencePoint vc="0" uspid="81" ordinal="23" offset="387" sl="63" sc="13" el="63" ec="40" bec="0" bev="0" fileid="3" />
                <SequencePoint vc="0" uspid="82" ordinal="24" offset="404" sl="64" sc="13" el="64" ec="58" bec="0" bev="0" fileid="3" />
                <SequencePoint vc="0" uspid="83" ordinal="25" offset="417" sl="65" sc="13" el="65" ec="79" bec="0" bev="0" fileid="3" />
                <SequencePoint vc="0" uspid="84" ordinal="26" offset="441" sl="69" sc="13" el="69" ec="74" bec="0" bev="0" fileid="3" />
                <SequencePoint vc="0" uspid="85" ordinal="27" offset="463" sl="70" sc="13" el="70" ec="74" bec="0" bev="0" fileid="3" />
                <SequencePoint vc="0" uspid="86" ordinal="28" offset="471" sl="71" sc="13" el="71" ec="65" bec="0" bev="0" fileid="3" />
                <SequencePoint vc="0" uspid="87" ordinal="29" offset="493" sl="72" sc="13" el="72" ec="46" bec="0" bev="0" fileid="3" />
                <SequencePoint vc="0" uspid="88" ordinal="30" offset="511" sl="73" sc="13" el="73" ec="46" bec="0" bev="0" fileid="3" />
                <SequencePoint vc="0" uspid="89" ordinal="31" offset="529" sl="74" sc="13" el="74" ec="45" bec="0" bev="0" fileid="3" />
                <SequencePoint vc="0" uspid="90" ordinal="32" offset="547" sl="75" sc="13" el="75" ec="33" bec="0" bev="0" fileid="3" />
                <SequencePoint vc="0" uspid="91" ordinal="33" offset="559" sl="76" sc="13" el="76" ec="33" bec="0" bev="0" fileid="3" />
                <SequencePoint vc="0" uspid="92" ordinal="34" offset="571" sl="77" sc="13" el="77" ec="38" bec="0" bev="0" fileid="3" />
                <SequencePoint vc="0" uspid="93" ordinal="35" offset="579" sl="78" sc="13" el="78" ec="34" bec="0" bev="0" fileid="3" />
                <SequencePoint vc="0" uspid="94" ordinal="36" offset="586" sl="80" sc="9" el="80" ec="10" bec="0" bev="0" fileid="3" />
              </SequencePoints>
              <BranchPoints />
              <MethodPoint xsi:type="SequencePoint" vc="0" uspid="58" ordinal="0" offset="0" sl="31" sc="9" el="31" ec="10" bec="0" bev="0" fileid="3" />
            </Method>
          </Methods>
        </Class>
        <Class>
          <Summary numSequencePoints="4" visitedSequencePoints="0" numBranchPoints="1" visitedBranchPoints="0" sequenceCoverage="0" branchCoverage="0" maxCyclomaticComplexity="1" minCyclomaticComplexity="1" maxCrapScore="2" minCrapScore="2" visitedClasses="0" numClasses="1" visitedMethods="0" numMethods="1" />
          <FullName>DrawingForm.DoubleBufferedPanel</FullName>
          <Methods>
            <Method visited="false" cyclomaticComplexity="1" nPathComplexity="0" sequenceCoverage="0" branchCoverage="0" crapScore="2" isConstructor="true" isStatic="false" isGetter="false" isSetter="false">
              <Summary numSequencePoints="4" visitedSequencePoints="0" numBranchPoints="1" visitedBranchPoints="0" sequenceCoverage="0" branchCoverage="0" maxCyclomaticComplexity="1" minCyclomaticComplexity="1" maxCrapScore="2" minCrapScore="2" visitedClasses="0" numClasses="0" visitedMethods="0" numMethods="1" />
              <MetadataToken>100663302</MetadataToken>
              <Name>System.Void DrawingForm.DoubleBufferedPanel::.ctor()</Name>
              <FileRef uid="5" />
              <SequencePoints>
                <SequencePoint vc="0" uspid="95" ordinal="0" offset="0" sl="7" sc="9" el="7" ec="37" bec="0" bev="0" fileid="5" />
                <SequencePoint vc="0" uspid="96" ordinal="1" offset="7" sl="8" sc="9" el="8" ec="10" bec="0" bev="0" fileid="5" />
                <SequencePoint vc="0" uspid="97" ordinal="2" offset="8" sl="13" sc="13" el="13" ec="35" bec="0" bev="0" fileid="5" />
                <SequencePoint vc="0" uspid="98" ordinal="3" offset="16" sl="14" sc="9" el="14" ec="10" bec="0" bev="0" fileid="5" />
              </SequencePoints>
              <BranchPoints />
              <MethodPoint xsi:type="SequencePoint" vc="0" uspid="95" ordinal="0" offset="0" sl="7" sc="9" el="7" ec="37" bec="0" bev="0" fileid="5" />
            </Method>
          </Methods>
        </Class>
        <Class>
          <Summary numSequencePoints="309" visitedSequencePoints="0" numBranchPoints="68" visitedBranchPoints="0" sequenceCoverage="0" branchCoverage="0" maxCyclomaticComplexity="5" minCyclomaticComplexity="1" maxCrapScore="30" minCrapScore="2" visitedClasses="0" numClasses="1" visitedMethods="0" numMethods="30" />
          <FullName>DrawingForm.Form1</FullName>
          <Methods>
            <Method visited="false" cyclomaticComplexity="1" nPathComplexity="0" sequenceCoverage="0" branchCoverage="0" crapScore="2" isConstructor="true" isStatic="false" isGetter="false" isSetter="false">
              <Summary numSequencePoints="23" visitedSequencePoints="0" numBranchPoints="1" visitedBranchPoints="0" sequenceCoverage="0" branchCoverage="0" maxCyclomaticComplexity="1" minCyclomaticComplexity="1" maxCrapScore="2" minCrapScore="2" visitedClasses="0" numClasses="0" visitedMethods="0" numMethods="1" />
              <MetadataToken>100663303</MetadataToken>
              <Name>System.Void DrawingForm.Form1::.ctor(DrawingModel.Model)</Name>
              <FileRef uid="6" />
              <SequencePoints>
                <SequencePoint vc="0" uspid="99" ordinal="0" offset="0" sl="14" sc="9" el="14" ec="51" bec="0" bev="0" fileid="6" />
                <SequencePoint vc="0" uspid="100" ordinal="1" offset="11" sl="16" sc="9" el="16" ec="101" bec="0" bev="0" fileid="6" />
                <SequencePoint vc="0" uspid="101" ordinal="2" offset="22" sl="9" sc="9" el="9" ec="68" bec="0" bev="0" fileid="7" />
                <SequencePoint vc="0" uspid="102" ordinal="3" offset="29" sl="36" sc="9" el="36" ec="47" bec="0" bev="0" fileid="6" />
                <SequencePoint vc="0" uspid="103" ordinal="4" offset="36" sl="37" sc="9" el="37" ec="10" bec="0" bev="0" fileid="6" />
                <SequencePoint vc="0" uspid="104" ordinal="5" offset="37" sl="40" sc="13" el="40" ec="35" bec="0" bev="0" fileid="6" />
                <SequencePoint vc="0" uspid="105" ordinal="6" offset="44" sl="41" sc="13" el="41" ec="43" bec="0" bev="0" fileid="6" />
                <SequencePoint vc="0" uspid="106" ordinal="7" offset="57" sl="42" sc="13" el="42" ec="51" bec="0" bev="0" fileid="6" />
                <SequencePoint vc="0" uspid="107" ordinal="8" offset="74" sl="43" sc="13" el="43" ec="61" bec="0" bev="0" fileid="6" />
                <SequencePoint vc="0" uspid="108" ordinal="9" offset="98" sl="44" sc="13" el="44" ec="60" bec="0" bev="0" fileid="6" />
                <SequencePoint vc="0" uspid="109" ordinal="10" offset="122" sl="45" sc="13" el="45" ec="59" bec="0" bev="0" fileid="6" />
                <SequencePoint vc="0" uspid="110" ordinal="11" offset="146" sl="46" sc="13" el="46" ec="53" bec="0" bev="0" fileid="6" />
                <SequencePoint vc="0" uspid="111" ordinal="12" offset="170" sl="47" sc="13" el="47" ec="48" bec="0" bev="0" fileid="6" />
                <SequencePoint vc="0" uspid="112" ordinal="13" offset="194" sl="48" sc="13" el="48" ec="35" bec="0" bev="0" fileid="6" />
                <SequencePoint vc="0" uspid="113" ordinal="14" offset="212" sl="49" sc="13" el="49" ec="28" bec="0" bev="0" fileid="6" />
                <SequencePoint vc="0" uspid="114" ordinal="15" offset="219" sl="50" sc="13" el="50" ec="56" bec="0" bev="0" fileid="6" />
                <SequencePoint vc="0" uspid="115" ordinal="16" offset="243" sl="51" sc="13" el="51" ec="35" bec="0" bev="0" fileid="6" />
                <SequencePoint vc="0" uspid="116" ordinal="17" offset="256" sl="52" sc="13" el="52" ec="35" bec="0" bev="0" fileid="6" />
                <SequencePoint vc="0" uspid="117" ordinal="18" offset="269" sl="53" sc="13" el="53" ec="30" bec="0" bev="0" fileid="6" />
                <SequencePoint vc="0" uspid="118" ordinal="19" offset="276" sl="54" sc="13" el="54" ec="103" bec="0" bev="0" fileid="6" />
                <SequencePoint vc="0" uspid="119" ordinal="20" offset="297" sl="55" sc="13" el="55" ec="50" bec="0" bev="0" fileid="6" />
                <SequencePoint vc="0" uspid="120" ordinal="21" offset="314" sl="56" sc="13" el="56" ec="50" bec="0" bev="0" fileid="6" />
                <SequencePoint vc="0" uspid="121" ordinal="22" offset="331" sl="57" sc="9" el="57" ec="10" bec="0" bev="0" fileid="6" />
              </SequencePoints>
              <BranchPoints />
              <MethodPoint xsi:type="SequencePoint" vc="0" uspid="99" ordinal="0" offset="0" sl="14" sc="9" el="14" ec="51" bec="0" bev="0" fileid="6" />
            </Method>
            <Method visited="false" cyclomaticComplexity="1" nPathComplexity="0" sequenceCoverage="0" branchCoverage="0" crapScore="2" isConstructor="false" isStatic="false" isGetter="false" isSetter="false">
              <Summary numSequencePoints="6" visitedSequencePoints="0" numBranchPoints="1" visitedBranchPoints="0" sequenceCoverage="0" branchCoverage="0" maxCyclomaticComplexity="1" minCyclomaticComplexity="1" maxCrapScore="2" minCrapScore="2" visitedClasses="0" numClasses="0" visitedMethods="0" numMethods="1" />
              <MetadataToken>100663304</MetadataToken>
              <Name>System.Void DrawingForm.Form1::HandleClearButtonClick(System.Object,System.EventArgs)</Name>
              <FileRef uid="6" />
              <SequencePoints>
                <SequencePoint vc="0" uspid="122" ordinal="0" offset="0" sl="61" sc="9" el="61" ec="10" bec="0" bev="0" fileid="6" />
                <SequencePoint vc="0" uspid="123" ordinal="1" offset="1" sl="62" sc="13" el="62" ec="28" bec="0" bev="0" fileid="6" />
                <SequencePoint vc="0" uspid="124" ordinal="2" offset="13" sl="63" sc="13" el="63" ec="39" bec="0" bev="0" fileid="6" />
                <SequencePoint vc="0" uspid="125" ordinal="3" offset="25" sl="64" sc="13" el="64" ec="40" bec="0" bev="0" fileid="6" />
                <SequencePoint vc="0" uspid="126" ordinal="4" offset="38" sl="65" sc="13" el="65" ec="25" bec="0" bev="0" fileid="6" />
                <SequencePoint vc="0" uspid="127" ordinal="5" offset="45" sl="66" sc="9" el="66" ec="10" bec="0" bev="0" fileid="6" />
              </SequencePoints>
              <BranchPoints />
              <MethodPoint xsi:type="SequencePoint" vc="0" uspid="122" ordinal="0" offset="0" sl="61" sc="9" el="61" ec="10" bec="0" bev="0" fileid="6" />
            </Method>
            <Method visited="false" cyclomaticComplexity="3" nPathComplexity="4" sequenceCoverage="0" branchCoverage="0" crapScore="12" isConstructor="false" isStatic="false" isGetter="false" isSetter="false">
              <Summary numSequencePoints="12" visitedSequencePoints="0" numBranchPoints="5" visitedBranchPoints="0" sequenceCoverage="0" branchCoverage="0" maxCyclomaticComplexity="3" minCyclomaticComplexity="3" maxCrapScore="12" minCrapScore="12" visitedClasses="0" numClasses="0" visitedMethods="0" numMethods="1" />
              <MetadataToken>100663305</MetadataToken>
              <Name>System.Void DrawingForm.Form1::HandleCanvasClick(System.Object,System.Windows.Forms.MouseEventArgs)</Name>
              <FileRef uid="6" />
              <SequencePoints>
                <SequencePoint vc="0" uspid="128" ordinal="0" offset="0" sl="70" sc="9" el="70" ec="10" bec="0" bev="0" fileid="6" />
                <SequencePoint vc="0" uspid="129" ordinal="1" offset="1" sl="71" sc="13" el="71" ec="29" bec="0" bev="0" fileid="6" />
                <SequencePoint vc="0" uspid="130" ordinal="2" offset="7" sl="72" sc="13" el="72" ec="37" bec="2" bev="0" fileid="6" />
                <SequencePoint vc="0" uspid="131" ordinal="3" offset="25" sl="73" sc="17" el="73" ec="50" bec="0" bev="0" fileid="6" />
                <SequencePoint vc="0" uspid="132" ordinal="4" offset="51" sl="74" sc="13" el="74" ec="27" bec="2" bev="0" fileid="6" />
                <SequencePoint vc="0" uspid="133" ordinal="5" offset="66" sl="75" sc="13" el="75" ec="14" bec="0" bev="0" fileid="6" />
                <SequencePoint vc="0" uspid="134" ordinal="6" offset="67" sl="76" sc="17" el="76" ec="42" bec="0" bev="0" fileid="6" />
                <SequencePoint vc="0" uspid="135" ordinal="7" offset="80" sl="77" sc="17" el="77" ec="76" bec="0" bev="0" fileid="6" />
                <SequencePoint vc="0" uspid="136" ordinal="8" offset="121" sl="78" sc="17" el="78" ec="58" bec="0" bev="0" fileid="6" />
                <SequencePoint vc="0" uspid="137" ordinal="9" offset="144" sl="79" sc="13" el="79" ec="14" bec="0" bev="0" fileid="6" />
                <SequencePoint vc="0" uspid="138" ordinal="10" offset="147" sl="80" sc="17" el="80" ec="43" bec="0" bev="0" fileid="6" />
                <SequencePoint vc="0" uspid="139" ordinal="11" offset="160" sl="81" sc="9" el="81" ec="10" bec="0" bev="0" fileid="6" />
              </SequencePoints>
              <BranchPoints>
                <BranchPoint vc="0" uspid="140" ordinal="0" offset="23" sl="72" path="0" offsetend="25" fileid="6" />
                <BranchPoint vc="0" uspid="141" ordinal="1" offset="23" sl="72" path="1" offsetend="51" fileid="6" />
                <BranchPoint vc="0" uspid="142" ordinal="2" offset="64" sl="74" path="0" offsetend="66" fileid="6" />
                <BranchPoint vc="0" uspid="143" ordinal="3" offset="64" sl="74" path="1" offsetend="147" fileid="6" />
              </BranchPoints>
              <MethodPoint xsi:type="SequencePoint" vc="0" uspid="128" ordinal="0" offset="0" sl="70" sc="9" el="70" ec="10" bec="0" bev="0" fileid="6" />
            </Method>
            <Method visited="false" cyclomaticComplexity="3" nPathComplexity="4" sequenceCoverage="0" branchCoverage="0" crapScore="12" isConstructor="false" isStatic="false" isGetter="false" isSetter="false">
              <Summary numSequencePoints="9" visitedSequencePoints="0" numBranchPoints="5" visitedBranchPoints="0" sequenceCoverage="0" branchCoverage="0" maxCyclomaticComplexity="3" minCyclomaticComplexity="3" maxCrapScore="12" minCrapScore="12" visitedClasses="0" numClasses="0" visitedMethods="0" numMethods="1" />
              <MetadataToken>100663306</MetadataToken>
              <Name>System.Void DrawingForm.Form1::HandleCanvasPointerPressed(System.Object,System.Windows.Forms.MouseEventArgs)</Name>
              <FileRef uid="6" />
              <SequencePoints>
                <SequencePoint vc="0" uspid="144" ordinal="0" offset="0" sl="85" sc="9" el="85" ec="10" bec="0" bev="0" fileid="6" />
                <SequencePoint vc="0" uspid="145" ordinal="1" offset="1" sl="86" sc="13" el="86" ec="36" bec="2" bev="0" fileid="6" />
                <SequencePoint vc="0" uspid="146" ordinal="2" offset="16" sl="87" sc="17" el="87" ec="55" bec="0" bev="0" fileid="6" />
                <SequencePoint vc="0" uspid="147" ordinal="3" offset="50" sl="88" sc="18" el="88" ec="50" bec="2" bev="0" fileid="6" />
                <SequencePoint vc="0" uspid="148" ordinal="4" offset="79" sl="89" sc="13" el="89" ec="14" bec="0" bev="0" fileid="6" />
                <SequencePoint vc="0" uspid="149" ordinal="5" offset="80" sl="90" sc="17" el="90" ec="41" bec="0" bev="0" fileid="6" />
                <SequencePoint vc="0" uspid="150" ordinal="6" offset="101" sl="91" sc="17" el="91" ec="33" bec="0" bev="0" fileid="6" />
                <SequencePoint vc="0" uspid="151" ordinal="7" offset="108" sl="92" sc="13" el="92" ec="14" bec="0" bev="0" fileid="6" />
                <SequencePoint vc="0" uspid="152" ordinal="8" offset="109" sl="93" sc="9" el="93" ec="10" bec="0" bev="0" fileid="6" />
              </SequencePoints>
              <BranchPoints>
                <BranchPoint vc="0" uspid="153" ordinal="0" offset="14" sl="86" path="0" offsetend="16" fileid="6" />
                <BranchPoint vc="0" uspid="154" ordinal="1" offset="14" sl="86" path="1" offsetend="50" fileid="6" />
                <BranchPoint vc="0" uspid="155" ordinal="2" offset="77" sl="88" path="0" offsetend="79" fileid="6" />
                <BranchPoint vc="0" uspid="156" ordinal="3" offset="77" sl="88" path="1" offsetend="109" fileid="6" />
              </BranchPoints>
              <MethodPoint xsi:type="SequencePoint" vc="0" uspid="144" ordinal="0" offset="0" sl="85" sc="9" el="85" ec="10" bec="0" bev="0" fileid="6" />
            </Method>
            <Method visited="false" cyclomaticComplexity="1" nPathComplexity="0" sequenceCoverage="0" branchCoverage="0" crapScore="2" isConstructor="false" isStatic="false" isGetter="false" isSetter="false">
              <Summary numSequencePoints="3" visitedSequencePoints="0" numBranchPoints="1" visitedBranchPoints="0" sequenceCoverage="0" branchCoverage="0" maxCyclomaticComplexity="1" minCyclomaticComplexity="1" maxCrapScore="2" minCrapScore="2" visitedClasses="0" numClasses="0" visitedMethods="0" numMethods="1" />
              <MetadataToken>100663307</MetadataToken>
              <Name>System.Void DrawingForm.Form1::SetFirstPoint(System.Single,System.Single)</Name>
              <FileRef uid="6" />
              <SequencePoints>
                <SequencePoint vc="0" uspid="157" ordinal="0" offset="0" sl="97" sc="9" el="97" ec="10" bec="0" bev="0" fileid="6" />
                <SequencePoint vc="0" uspid="158" ordinal="1" offset="1" sl="98" sc="13" el="98" ec="49" bec="0" bev="0" fileid="6" />
                <SequencePoint vc="0" uspid="159" ordinal="2" offset="15" sl="99" sc="9" el="99" ec="10" bec="0" bev="0" fileid="6" />
              </SequencePoints>
              <BranchPoints />
              <MethodPoint xsi:type="SequencePoint" vc="0" uspid="157" ordinal="0" offset="0" sl="97" sc="9" el="97" ec="10" bec="0" bev="0" fileid="6" />
            </Method>
            <Method visited="false" cyclomaticComplexity="2" nPathComplexity="2" sequenceCoverage="0" branchCoverage="0" crapScore="6" isConstructor="false" isStatic="false" isGetter="false" isSetter="false">
              <Summary numSequencePoints="14" visitedSequencePoints="0" numBranchPoints="3" visitedBranchPoints="0" sequenceCoverage="0" branchCoverage="0" maxCyclomaticComplexity="2" minCyclomaticComplexity="2" maxCrapScore="6" minCrapScore="6" visitedClasses="0" numClasses="0" visitedMethods="0" numMethods="1" />
              <MetadataToken>100663308</MetadataToken>
              <Name>System.Void DrawingForm.Form1::HandleCanvasPointerReleased(System.Object,System.Windows.Forms.MouseEventArgs)</Name>
              <FileRef uid="6" />
              <SequencePoints>
                <SequencePoint vc="0" uspid="160" ordinal="0" offset="0" sl="103" sc="9" el="103" ec="10" bec="0" bev="0" fileid="6" />
                <SequencePoint vc="0" uspid="161" ordinal="1" offset="1" sl="104" sc="13" el="104" ec="36" bec="2" bev="0" fileid="6" />
                <SequencePoint vc="0" uspid="162" ordinal="2" offset="16" sl="105" sc="13" el="105" ec="14" bec="0" bev="0" fileid="6" />
                <SequencePoint vc="0" uspid="163" ordinal="3" offset="17" sl="106" sc="17" el="106" ec="57" bec="0" bev="0" fileid="6" />
                <SequencePoint vc="0" uspid="164" ordinal="4" offset="49" sl="107" sc="17" el="107" ec="31" bec="0" bev="0" fileid="6" />
                <SequencePoint vc="0" uspid="165" ordinal="5" offset="56" sl="108" sc="17" el="108" ec="44" bec="0" bev="0" fileid="6" />
                <SequencePoint vc="0" uspid="166" ordinal="6" offset="69" sl="109" sc="17" el="109" ec="29" bec="0" bev="0" fileid="6" />
                <SequencePoint vc="0" uspid="167" ordinal="7" offset="76" sl="110" sc="13" el="110" ec="14" bec="0" bev="0" fileid="6" />
                <SequencePoint vc="0" uspid="168" ordinal="8" offset="79" sl="112" sc="13" el="112" ec="14" bec="0" bev="0" fileid="6" />
                <SequencePoint vc="0" uspid="169" ordinal="9" offset="80" sl="113" sc="17" el="113" ec="43" bec="0" bev="0" fileid="6" />
                <SequencePoint vc="0" uspid="170" ordinal="10" offset="92" sl="114" sc="17" el="114" ec="34" bec="0" bev="0" fileid="6" />
                <SequencePoint vc="0" uspid="171" ordinal="11" offset="99" sl="115" sc="17" el="115" ec="29" bec="0" bev="0" fileid="6" />
                <SequencePoint vc="0" uspid="172" ordinal="12" offset="106" sl="116" sc="13" el="116" ec="14" bec="0" bev="0" fileid="6" />
                <SequencePoint vc="0" uspid="173" ordinal="13" offset="107" sl="117" sc="9" el="117" ec="10" bec="0" bev="0" fileid="6" />
              </SequencePoints>
              <BranchPoints>
                <BranchPoint vc="0" uspid="174" ordinal="0" offset="14" sl="104" path="0" offsetend="16" fileid="6" />
                <BranchPoint vc="0" uspid="175" ordinal="1" offset="14" sl="104" path="1" offsetend="79" fileid="6" />
              </BranchPoints>
              <MethodPoint xsi:type="SequencePoint" vc="0" uspid="160" ordinal="0" offset="0" sl="103" sc="9" el="103" ec="10" bec="0" bev="0" fileid="6" />
            </Method>
            <Method visited="false" cyclomaticComplexity="1" nPathComplexity="0" sequenceCoverage="0" branchCoverage="0" crapScore="2" isConstructor="false" isStatic="false" isGetter="false" isSetter="false">
              <Summary numSequencePoints="3" visitedSequencePoints="0" numBranchPoints="1" visitedBranchPoints="0" sequenceCoverage="0" branchCoverage="0" maxCyclomaticComplexity="1" minCyclomaticComplexity="1" maxCrapScore="2" minCrapScore="2" visitedClasses="0" numClasses="0" visitedMethods="0" numMethods="1" />
              <MetadataToken>100663309</MetadataToken>
              <Name>System.Void DrawingForm.Form1::CallAllTrue()</Name>
              <FileRef uid="6" />
              <SequencePoints>
                <SequencePoint vc="0" uspid="176" ordinal="0" offset="0" sl="121" sc="9" el="121" ec="10" bec="0" bev="0" fileid="6" />
                <SequencePoint vc="0" uspid="177" ordinal="1" offset="1" sl="122" sc="13" el="122" ec="39" bec="0" bev="0" fileid="6" />
                <SequencePoint vc="0" uspid="178" ordinal="2" offset="13" sl="123" sc="9" el="123" ec="10" bec="0" bev="0" fileid="6" />
              </SequencePoints>
              <BranchPoints />
              <MethodPoint xsi:type="SequencePoint" vc="0" uspid="176" ordinal="0" offset="0" sl="121" sc="9" el="121" ec="10" bec="0" bev="0" fileid="6" />
            </Method>
            <Method visited="false" cyclomaticComplexity="3" nPathComplexity="4" sequenceCoverage="0" branchCoverage="0" crapScore="12" isConstructor="false" isStatic="false" isGetter="false" isSetter="false">
              <Summary numSequencePoints="8" visitedSequencePoints="0" numBranchPoints="5" visitedBranchPoints="0" sequenceCoverage="0" branchCoverage="0" maxCyclomaticComplexity="3" minCyclomaticComplexity="3" maxCrapScore="12" minCrapScore="12" visitedClasses="0" numClasses="0" visitedMethods="0" numMethods="1" />
              <MetadataToken>100663310</MetadataToken>
              <Name>System.Void DrawingForm.Form1::HandleCanvasPointerMoved(System.Object,System.Windows.Forms.MouseEventArgs)</Name>
              <FileRef uid="6" />
              <SequencePoints>
                <SequencePoint vc="0" uspid="179" ordinal="0" offset="0" sl="127" sc="9" el="127" ec="10" bec="0" bev="0" fileid="6" />
                <SequencePoint vc="0" uspid="180" ordinal="1" offset="1" sl="128" sc="13" el="128" ec="36" bec="2" bev="0" fileid="6" />
                <SequencePoint vc="0" uspid="181" ordinal="2" offset="16" sl="129" sc="17" el="129" ec="54" bec="0" bev="0" fileid="6" />
                <SequencePoint vc="0" uspid="182" ordinal="3" offset="50" sl="130" sc="18" el="130" ec="31" bec="2" bev="0" fileid="6" />
                <SequencePoint vc="0" uspid="183" ordinal="4" offset="60" sl="131" sc="13" el="131" ec="14" bec="0" bev="0" fileid="6" />
                <SequencePoint vc="0" uspid="184" ordinal="5" offset="61" sl="132" sc="17" el="132" ec="48" bec="0" bev="0" fileid="6" />
                <SequencePoint vc="0" uspid="185" ordinal="6" offset="87" sl="133" sc="13" el="133" ec="14" bec="0" bev="0" fileid="6" />
                <SequencePoint vc="0" uspid="186" ordinal="7" offset="88" sl="134" sc="9" el="134" ec="10" bec="0" bev="0" fileid="6" />
              </SequencePoints>
              <BranchPoints>
                <BranchPoint vc="0" uspid="187" ordinal="0" offset="14" sl="128" path="0" offsetend="16" fileid="6" />
                <BranchPoint vc="0" uspid="188" ordinal="1" offset="14" sl="128" path="1" offsetend="50" fileid="6" />
                <BranchPoint vc="0" uspid="189" ordinal="2" offset="58" sl="130" path="0" offsetend="60" fileid="6" />
                <BranchPoint vc="0" uspid="190" ordinal="3" offset="58" sl="130" path="1" offsetend="88" fileid="6" />
              </BranchPoints>
              <MethodPoint xsi:type="SequencePoint" vc="0" uspid="179" ordinal="0" offset="0" sl="127" sc="9" el="127" ec="10" bec="0" bev="0" fileid="6" />
            </Method>
            <Method visited="false" cyclomaticComplexity="1" nPathComplexity="0" sequenceCoverage="0" branchCoverage="0" crapScore="2" isConstructor="false" isStatic="false" isGetter="false" isSetter="false">
              <Summary numSequencePoints="3" visitedSequencePoints="0" numBranchPoints="1" visitedBranchPoints="0" sequenceCoverage="0" branchCoverage="0" maxCyclomaticComplexity="1" minCyclomaticComplexity="1" maxCrapScore="2" minCrapScore="2" visitedClasses="0" numClasses="0" visitedMethods="0" numMethods="1" />
              <MetadataToken>100663311</MetadataToken>
              <Name>System.Void DrawingForm.Form1::HandleCanvasPaint(System.Object,System.Windows.Forms.PaintEventArgs)</Name>
              <FileRef uid="6" />
              <SequencePoints>
                <SequencePoint vc="0" uspid="191" ordinal="0" offset="0" sl="141" sc="9" el="141" ec="10" bec="0" bev="0" fileid="6" />
                <SequencePoint vc="0" uspid="192" ordinal="1" offset="1" sl="142" sc="13" el="142" ec="88" bec="0" bev="0" fileid="6" />
                <SequencePoint vc="0" uspid="193" ordinal="2" offset="24" sl="143" sc="9" el="143" ec="10" bec="0" bev="0" fileid="6" />
              </SequencePoints>
              <BranchPoints />
              <MethodPoint xsi:type="SequencePoint" vc="0" uspid="191" ordinal="0" offset="0" sl="141" sc="9" el="141" ec="10" bec="0" bev="0" fileid="6" />
            </Method>
            <Method visited="false" cyclomaticComplexity="1" nPathComplexity="0" sequenceCoverage="0" branchCoverage="0" crapScore="2" isConstructor="false" isStatic="false" isGetter="false" isSetter="false">
              <Summary numSequencePoints="5" visitedSequencePoints="0" numBranchPoints="1" visitedBranchPoints="0" sequenceCoverage="0" branchCoverage="0" maxCyclomaticComplexity="1" minCyclomaticComplexity="1" maxCrapScore="2" minCrapScore="2" visitedClasses="0" numClasses="0" visitedMethods="0" numMethods="1" />
              <MetadataToken>100663312</MetadataToken>
              <Name>System.Void DrawingForm.Form1::HandleModelChanged()</Name>
              <FileRef uid="6" />
              <SequencePoints>
                <SequencePoint vc="0" uspid="194" ordinal="0" offset="0" sl="147" sc="9" el="147" ec="10" bec="0" bev="0" fileid="6" />
                <SequencePoint vc="0" uspid="195" ordinal="1" offset="1" sl="148" sc="13" el="148" ec="50" bec="0" bev="0" fileid="6" />
                <SequencePoint vc="0" uspid="196" ordinal="2" offset="24" sl="149" sc="13" el="149" ec="50" bec="0" bev="0" fileid="6" />
                <SequencePoint vc="0" uspid="197" ordinal="3" offset="47" sl="150" sc="13" el="150" ec="30" bec="0" bev="0" fileid="6" />
                <SequencePoint vc="0" uspid="198" ordinal="4" offset="55" sl="151" sc="9" el="151" ec="10" bec="0" bev="0" fileid="6" />
              </SequencePoints>
              <BranchPoints />
              <MethodPoint xsi:type="SequencePoint" vc="0" uspid="194" ordinal="0" offset="0" sl="147" sc="9" el="147" ec="10" bec="0" bev="0" fileid="6" />
            </Method>
            <Method visited="false" cyclomaticComplexity="1" nPathComplexity="0" sequenceCoverage="0" branchCoverage="0" crapScore="2" isConstructor="false" isStatic="false" isGetter="false" isSetter="false">
              <Summary numSequencePoints="6" visitedSequencePoints="0" numBranchPoints="1" visitedBranchPoints="0" sequenceCoverage="0" branchCoverage="0" maxCyclomaticComplexity="1" minCyclomaticComplexity="1" maxCrapScore="2" minCrapScore="2" visitedClasses="0" numClasses="0" visitedMethods="0" numMethods="1" />
              <MetadataToken>100663313</MetadataToken>
              <Name>System.Void DrawingForm.Form1::ClickRectangle(System.Object,System.EventArgs)</Name>
              <FileRef uid="6" />
              <SequencePoints>
                <SequencePoint vc="0" uspid="199" ordinal="0" offset="0" sl="155" sc="9" el="155" ec="10" bec="0" bev="0" fileid="6" />
                <SequencePoint vc="0" uspid="200" ordinal="1" offset="1" sl="156" sc="13" el="156" ec="45" bec="0" bev="0" fileid="6" />
                <SequencePoint vc="0" uspid="201" ordinal="2" offset="19" sl="157" sc="13" el="157" ec="46" bec="0" bev="0" fileid="6" />
                <SequencePoint vc="0" uspid="202" ordinal="3" offset="31" sl="158" sc="13" el="158" ec="39" bec="0" bev="0" fileid="6" />
                <SequencePoint vc="0" uspid="203" ordinal="4" offset="44" sl="159" sc="13" el="159" ec="25" bec="0" bev="0" fileid="6" />
                <SequencePoint vc="0" uspid="204" ordinal="5" offset="51" sl="160" sc="9" el="160" ec="10" bec="0" bev="0" fileid="6" />
              </SequencePoints>
              <BranchPoints />
              <MethodPoint xsi:type="SequencePoint" vc="0" uspid="199" ordinal="0" offset="0" sl="155" sc="9" el="155" ec="10" bec="0" bev="0" fileid="6" />
            </Method>
            <Method visited="false" cyclomaticComplexity="1" nPathComplexity="0" sequenceCoverage="0" branchCoverage="0" crapScore="2" isConstructor="false" isStatic="false" isGetter="false" isSetter="false">
              <Summary numSequencePoints="6" visitedSequencePoints="0" numBranchPoints="1" visitedBranchPoints="0" sequenceCoverage="0" branchCoverage="0" maxCyclomaticComplexity="1" minCyclomaticComplexity="1" maxCrapScore="2" minCrapScore="2" visitedClasses="0" numClasses="0" visitedMethods="0" numMethods="1" />
              <MetadataToken>100663314</MetadataToken>
              <Name>System.Void DrawingForm.Form1::ClickEllipse(System.Object,System.EventArgs)</Name>
              <FileRef uid="6" />
              <SequencePoints>
                <SequencePoint vc="0" uspid="205" ordinal="0" offset="0" sl="164" sc="9" el="164" ec="10" bec="0" bev="0" fileid="6" />
                <SequencePoint vc="0" uspid="206" ordinal="1" offset="1" sl="165" sc="13" el="165" ec="45" bec="0" bev="0" fileid="6" />
                <SequencePoint vc="0" uspid="207" ordinal="2" offset="19" sl="166" sc="13" el="166" ec="44" bec="0" bev="0" fileid="6" />
                <SequencePoint vc="0" uspid="208" ordinal="3" offset="31" sl="167" sc="13" el="167" ec="39" bec="0" bev="0" fileid="6" />
                <SequencePoint vc="0" uspid="209" ordinal="4" offset="44" sl="168" sc="13" el="168" ec="25" bec="0" bev="0" fileid="6" />
                <SequencePoint vc="0" uspid="210" ordinal="5" offset="51" sl="169" sc="9" el="169" ec="10" bec="0" bev="0" fileid="6" />
              </SequencePoints>
              <BranchPoints />
              <MethodPoint xsi:type="SequencePoint" vc="0" uspid="205" ordinal="0" offset="0" sl="164" sc="9" el="164" ec="10" bec="0" bev="0" fileid="6" />
            </Method>
            <Method visited="false" cyclomaticComplexity="1" nPathComplexity="0" sequenceCoverage="0" branchCoverage="0" crapScore="2" isConstructor="false" isStatic="false" isGetter="false" isSetter="false">
              <Summary numSequencePoints="6" visitedSequencePoints="0" numBranchPoints="1" visitedBranchPoints="0" sequenceCoverage="0" branchCoverage="0" maxCyclomaticComplexity="1" minCyclomaticComplexity="1" maxCrapScore="2" minCrapScore="2" visitedClasses="0" numClasses="0" visitedMethods="0" numMethods="1" />
              <MetadataToken>100663315</MetadataToken>
              <Name>System.Void DrawingForm.Form1::ClickLine(System.Object,System.EventArgs)</Name>
              <FileRef uid="6" />
              <SequencePoints>
                <SequencePoint vc="0" uspid="211" ordinal="0" offset="0" sl="173" sc="9" el="173" ec="10" bec="0" bev="0" fileid="6" />
                <SequencePoint vc="0" uspid="212" ordinal="1" offset="1" sl="174" sc="13" el="174" ec="47" bec="0" bev="0" fileid="6" />
                <SequencePoint vc="0" uspid="213" ordinal="2" offset="19" sl="175" sc="13" el="175" ec="41" bec="0" bev="0" fileid="6" />
                <SequencePoint vc="0" uspid="214" ordinal="3" offset="31" sl="176" sc="13" el="176" ec="39" bec="0" bev="0" fileid="6" />
                <SequencePoint vc="0" uspid="215" ordinal="4" offset="44" sl="177" sc="13" el="177" ec="25" bec="0" bev="0" fileid="6" />
                <SequencePoint vc="0" uspid="216" ordinal="5" offset="51" sl="178" sc="9" el="178" ec="10" bec="0" bev="0" fileid="6" />
              </SequencePoints>
              <BranchPoints />
              <MethodPoint xsi:type="SequencePoint" vc="0" uspid="211" ordinal="0" offset="0" sl="173" sc="9" el="173" ec="10" bec="0" bev="0" fileid="6" />
            </Method>
            <Method visited="false" cyclomaticComplexity="1" nPathComplexity="0" sequenceCoverage="0" branchCoverage="0" crapScore="2" isConstructor="false" isStatic="false" isGetter="false" isSetter="false">
              <Summary numSequencePoints="7" visitedSequencePoints="0" numBranchPoints="1" visitedBranchPoints="0" sequenceCoverage="0" branchCoverage="0" maxCyclomaticComplexity="1" minCyclomaticComplexity="1" maxCrapScore="2" minCrapScore="2" visitedClasses="0" numClasses="0" visitedMethods="0" numMethods="1" />
              <MetadataToken>100663316</MetadataToken>
              <Name>System.Void DrawingForm.Form1::DoRefresh()</Name>
              <FileRef uid="6" />
              <SequencePoints>
                <SequencePoint vc="0" uspid="217" ordinal="0" offset="0" sl="182" sc="9" el="182" ec="10" bec="0" bev="0" fileid="6" />
                <SequencePoint vc="0" uspid="218" ordinal="1" offset="1" sl="183" sc="13" el="183" ec="60" bec="0" bev="0" fileid="6" />
                <SequencePoint vc="0" uspid="219" ordinal="2" offset="24" sl="184" sc="13" el="184" ec="56" bec="0" bev="0" fileid="6" />
                <SequencePoint vc="0" uspid="220" ordinal="3" offset="47" sl="185" sc="13" el="185" ec="50" bec="0" bev="0" fileid="6" />
                <SequencePoint vc="0" uspid="221" ordinal="4" offset="70" sl="186" sc="13" el="186" ec="50" bec="0" bev="0" fileid="6" />
                <SequencePoint vc="0" uspid="222" ordinal="5" offset="93" sl="187" sc="13" el="187" ec="50" bec="0" bev="0" fileid="6" />
                <SequencePoint vc="0" uspid="223" ordinal="6" offset="116" sl="188" sc="9" el="188" ec="10" bec="0" bev="0" fileid="6" />
              </SequencePoints>
              <BranchPoints />
              <MethodPoint xsi:type="SequencePoint" vc="0" uspid="217" ordinal="0" offset="0" sl="182" sc="9" el="182" ec="10" bec="0" bev="0" fileid="6" />
            </Method>
            <Method visited="false" cyclomaticComplexity="1" nPathComplexity="0" sequenceCoverage="0" branchCoverage="0" crapScore="2" isConstructor="false" isStatic="false" isGetter="false" isSetter="false">
              <Summary numSequencePoints="4" visitedSequencePoints="0" numBranchPoints="1" visitedBranchPoints="0" sequenceCoverage="0" branchCoverage="0" maxCyclomaticComplexity="1" minCyclomaticComplexity="1" maxCrapScore="2" minCrapScore="2" visitedClasses="0" numClasses="0" visitedMethods="0" numMethods="1" />
              <MetadataToken>100663317</MetadataToken>
              <Name>System.Void DrawingForm.Form1::ClickRedo(System.Object,System.EventArgs)</Name>
              <FileRef uid="6" />
              <SequencePoints>
                <SequencePoint vc="0" uspid="224" ordinal="0" offset="0" sl="192" sc="9" el="192" ec="10" bec="0" bev="0" fileid="6" />
                <SequencePoint vc="0" uspid="225" ordinal="1" offset="1" sl="193" sc="13" el="193" ec="27" bec="0" bev="0" fileid="6" />
                <SequencePoint vc="0" uspid="226" ordinal="2" offset="13" sl="194" sc="13" el="194" ec="34" bec="0" bev="0" fileid="6" />
                <SequencePoint vc="0" uspid="227" ordinal="3" offset="20" sl="195" sc="9" el="195" ec="10" bec="0" bev="0" fileid="6" />
              </SequencePoints>
              <BranchPoints />
              <MethodPoint xsi:type="SequencePoint" vc="0" uspid="224" ordinal="0" offset="0" sl="192" sc="9" el="192" ec="10" bec="0" bev="0" fileid="6" />
            </Method>
            <Method visited="false" cyclomaticComplexity="1" nPathComplexity="0" sequenceCoverage="0" branchCoverage="0" crapScore="2" isConstructor="false" isStatic="false" isGetter="false" isSetter="false">
              <Summary numSequencePoints="4" visitedSequencePoints="0" numBranchPoints="1" visitedBranchPoints="0" sequenceCoverage="0" branchCoverage="0" maxCyclomaticComplexity="1" minCyclomaticComplexity="1" maxCrapScore="2" minCrapScore="2" visitedClasses="0" numClasses="0" visitedMethods="0" numMethods="1" />
              <MetadataToken>100663318</MetadataToken>
              <Name>System.Void DrawingForm.Form1::ClickUndo(System.Object,System.EventArgs)</Name>
              <FileRef uid="6" />
              <SequencePoints>
                <SequencePoint vc="0" uspid="228" ordinal="0" offset="0" sl="199" sc="9" el="199" ec="10" bec="0" bev="0" fileid="6" />
                <SequencePoint vc="0" uspid="229" ordinal="1" offset="1" sl="200" sc="13" el="200" ec="27" bec="0" bev="0" fileid="6" />
                <SequencePoint vc="0" uspid="230" ordinal="2" offset="13" sl="201" sc="13" el="201" ec="34" bec="0" bev="0" fileid="6" />
                <SequencePoint vc="0" uspid="231" ordinal="3" offset="20" sl="202" sc="9" el="202" ec="10" bec="0" bev="0" fileid="6" />
              </SequencePoints>
              <BranchPoints />
              <MethodPoint xsi:type="SequencePoint" vc="0" uspid="228" ordinal="0" offset="0" sl="199" sc="9" el="199" ec="10" bec="0" bev="0" fileid="6" />
            </Method>
            <Method visited="false" cyclomaticComplexity="1" nPathComplexity="0" sequenceCoverage="0" branchCoverage="0" crapScore="2" isConstructor="false" isStatic="false" isGetter="false" isSetter="false">
              <Summary numSequencePoints="0" visitedSequencePoints="0" numBranchPoints="0" visitedBranchPoints="0" sequenceCoverage="0" branchCoverage="0" maxCyclomaticComplexity="1" minCyclomaticComplexity="1" maxCrapScore="2" minCrapScore="2" visitedClasses="0" numClasses="0" visitedMethods="0" numMethods="0" />
              <MetadataToken>100663319</MetadataToken>
              <Name>System.Void DrawingForm.Form1::ClickSave(System.Object,System.EventArgs)</Name>
              <SequencePoints />
              <BranchPoints />
              <MethodPoint vc="0" uspid="232" ordinal="0" offset="0" />
            </Method>
            <Method visited="false" cyclomaticComplexity="5" nPathComplexity="16" sequenceCoverage="0" branchCoverage="0" crapScore="30" isConstructor="false" isStatic="false" isGetter="false" isSetter="false">
              <Summary numSequencePoints="14" visitedSequencePoints="0" numBranchPoints="9" visitedBranchPoints="0" sequenceCoverage="0" branchCoverage="0" maxCyclomaticComplexity="5" minCyclomaticComplexity="5" maxCrapScore="30" minCrapScore="30" visitedClasses="0" numClasses="0" visitedMethods="0" numMethods="1" />
              <MetadataToken>100663320</MetadataToken>
              <Name>System.Void DrawingForm.Form1::SaveRecord()</Name>
              <FileRef uid="6" />
              <SequencePoints>
                <SequencePoint vc="0" uspid="233" ordinal="0" offset="0" sl="222" sc="9" el="222" ec="10" bec="0" bev="0" fileid="6" />
                <SequencePoint vc="0" uspid="234" ordinal="1" offset="1" sl="223" sc="13" el="223" ec="95" bec="0" bev="0" fileid="6" />
                <SequencePoint vc="0" uspid="235" ordinal="2" offset="13" sl="224" sc="13" el="227" ec="16" bec="2" bev="0" fileid="6" />
                <SequencePoint vc="0" uspid="236" ordinal="3" offset="51" sl="228" sc="18" el="228" ec="27" bec="0" bev="0" fileid="6" />
                <SequencePoint vc="0" uspid="237" ordinal="4" offset="55" sl="229" sc="17" el="229" ec="60" bec="2" bev="0" fileid="6" />
                <SequencePoint vc="0" uspid="238" ordinal="5" offset="82" sl="230" sc="17" el="230" ec="18" bec="0" bev="0" fileid="6" />
                <SequencePoint vc="0" uspid="239" ordinal="6" offset="83" sl="231" sc="21" el="231" ec="92" bec="0" bev="0" fileid="6" />
                <SequencePoint vc="0" uspid="240" ordinal="7" offset="90" sl="232" sc="21" el="235" ec="24" bec="2" bev="0" fileid="6" />
                <SequencePoint vc="0" uspid="241" ordinal="8" offset="129" sl="236" sc="21" el="236" ec="43" bec="0" bev="0" fileid="6" />
                <SequencePoint vc="0" uspid="242" ordinal="9" offset="138" sl="237" sc="21" el="237" ec="28" bec="0" bev="0" fileid="6" />
                <SequencePoint vc="0" uspid="243" ordinal="10" offset="140" sl="228" sc="50" el="228" ec="53" bec="0" bev="0" fileid="6" />
                <SequencePoint vc="0" uspid="244" ordinal="11" offset="144" sl="228" sc="29" el="228" ec="48" bec="2" bev="0" fileid="6" />
                <SequencePoint vc="0" uspid="245" ordinal="12" offset="159" sl="239" sc="13" el="239" ec="53" bec="0" bev="0" fileid="6" />
                <SequencePoint vc="0" uspid="246" ordinal="13" offset="183" sl="240" sc="9" el="240" ec="10" bec="0" bev="0" fileid="6" />
              </SequencePoints>
              <BranchPoints>
                <BranchPoint vc="0" uspid="247" ordinal="0" offset="20" sl="224" path="0" offsetend="22" fileid="6" />
                <BranchPoint vc="0" uspid="248" ordinal="1" offset="20" sl="224" path="1" offsetend="45" fileid="6" />
                <BranchPoint vc="0" uspid="249" ordinal="2" offset="80" sl="229" path="0" offsetend="82" fileid="6" />
                <BranchPoint vc="0" uspid="250" ordinal="3" offset="80" sl="229" path="1" offsetend="140" fileid="6" />
                <BranchPoint vc="0" uspid="251" ordinal="4" offset="97" sl="232" path="0" offsetend="99" fileid="6" />
                <BranchPoint vc="0" uspid="252" ordinal="5" offset="97" sl="232" path="1" offsetend="122" fileid="6" />
                <BranchPoint vc="0" uspid="253" ordinal="6" offset="157" sl="228" path="0" offsetend="159" fileid="6" />
                <BranchPoint vc="0" uspid="254" ordinal="7" offset="157" sl="228" path="1" offsetend="55" fileid="6" />
              </BranchPoints>
              <MethodPoint xsi:type="SequencePoint" vc="0" uspid="233" ordinal="0" offset="0" sl="222" sc="9" el="222" ec="10" bec="0" bev="0" fileid="6" />
            </Method>
            <Method visited="false" cyclomaticComplexity="1" nPathComplexity="0" sequenceCoverage="0" branchCoverage="0" crapScore="2" isConstructor="false" isStatic="false" isGetter="false" isSetter="false">
              <Summary numSequencePoints="3" visitedSequencePoints="0" numBranchPoints="1" visitedBranchPoints="0" sequenceCoverage="0" branchCoverage="0" maxCyclomaticComplexity="1" minCyclomaticComplexity="1" maxCrapScore="2" minCrapScore="2" visitedClasses="0" numClasses="0" visitedMethods="0" numMethods="1" />
              <MetadataToken>100663321</MetadataToken>
              <Name>System.Void DrawingForm.Form1::UpdateFile(Google.Apis.Drive.v2.Data.File)</Name>
              <FileRef uid="6" />
              <SequencePoints>
                <SequencePoint vc="0" uspid="255" ordinal="0" offset="0" sl="244" sc="9" el="244" ec="10" bec="0" bev="0" fileid="6" />
                <SequencePoint vc="0" uspid="256" ordinal="1" offset="1" sl="245" sc="13" el="245" ec="67" bec="0" bev="0" fileid="6" />
                <SequencePoint vc="0" uspid="257" ordinal="2" offset="29" sl="246" sc="9" el="246" ec="10" bec="0" bev="0" fileid="6" />
              </SequencePoints>
              <BranchPoints />
              <MethodPoint xsi:type="SequencePoint" vc="0" uspid="255" ordinal="0" offset="0" sl="244" sc="9" el="244" ec="10" bec="0" bev="0" fileid="6" />
            </Method>
            <Method visited="false" cyclomaticComplexity="1" nPathComplexity="0" sequenceCoverage="0" branchCoverage="0" crapScore="2" isConstructor="false" isStatic="false" isGetter="false" isSetter="false">
              <Summary numSequencePoints="3" visitedSequencePoints="0" numBranchPoints="1" visitedBranchPoints="0" sequenceCoverage="0" branchCoverage="0" maxCyclomaticComplexity="1" minCyclomaticComplexity="1" maxCrapScore="2" minCrapScore="2" visitedClasses="0" numClasses="0" visitedMethods="0" numMethods="1" />
              <MetadataToken>100663322</MetadataToken>
              <Name>System.Collections.Generic.List`1&lt;Google.Apis.Drive.v2.Data.File&gt; DrawingForm.Form1::GetListRootFileCount()</Name>
              <FileRef uid="6" />
              <SequencePoints>
                <SequencePoint vc="0" uspid="258" ordinal="0" offset="0" sl="250" sc="9" el="250" ec="10" bec="0" bev="0" fileid="6" />
                <SequencePoint vc="0" uspid="259" ordinal="1" offset="1" sl="251" sc="13" el="251" ec="53" bec="0" bev="0" fileid="6" />
                <SequencePoint vc="0" uspid="260" ordinal="2" offset="15" sl="252" sc="9" el="252" ec="10" bec="0" bev="0" fileid="6" />
              </SequencePoints>
              <BranchPoints />
              <MethodPoint xsi:type="SequencePoint" vc="0" uspid="258" ordinal="0" offset="0" sl="250" sc="9" el="250" ec="10" bec="0" bev="0" fileid="6" />
            </Method>
            <Method visited="false" cyclomaticComplexity="1" nPathComplexity="0" sequenceCoverage="0" branchCoverage="0" crapScore="2" isConstructor="false" isStatic="false" isGetter="false" isSetter="false">
              <Summary numSequencePoints="3" visitedSequencePoints="0" numBranchPoints="1" visitedBranchPoints="0" sequenceCoverage="0" branchCoverage="0" maxCyclomaticComplexity="1" minCyclomaticComplexity="1" maxCrapScore="2" minCrapScore="2" visitedClasses="0" numClasses="0" visitedMethods="0" numMethods="1" />
              <MetadataToken>100663323</MetadataToken>
              <Name>System.String DrawingForm.Form1::GetRootFileCount(Google.Apis.Drive.v2.Data.File)</Name>
              <FileRef uid="6" />
              <SequencePoints>
                <SequencePoint vc="0" uspid="261" ordinal="0" offset="0" sl="256" sc="9" el="256" ec="10" bec="0" bev="0" fileid="6" />
                <SequencePoint vc="0" uspid="262" ordinal="1" offset="1" sl="257" sc="13" el="257" ec="36" bec="0" bev="0" fileid="6" />
                <SequencePoint vc="0" uspid="263" ordinal="2" offset="10" sl="258" sc="9" el="258" ec="10" bec="0" bev="0" fileid="6" />
              </SequencePoints>
              <BranchPoints />
              <MethodPoint xsi:type="SequencePoint" vc="0" uspid="261" ordinal="0" offset="0" sl="256" sc="9" el="256" ec="10" bec="0" bev="0" fileid="6" />
            </Method>
            <Method visited="false" cyclomaticComplexity="1" nPathComplexity="0" sequenceCoverage="0" branchCoverage="0" crapScore="2" isConstructor="false" isStatic="false" isGetter="false" isSetter="false">
              <Summary numSequencePoints="3" visitedSequencePoints="0" numBranchPoints="1" visitedBranchPoints="0" sequenceCoverage="0" branchCoverage="0" maxCyclomaticComplexity="1" minCyclomaticComplexity="1" maxCrapScore="2" minCrapScore="2" visitedClasses="0" numClasses="0" visitedMethods="0" numMethods="1" />
              <MetadataToken>100663324</MetadataToken>
              <Name>System.Void DrawingForm.Form1::WriteFile()</Name>
              <FileRef uid="6" />
              <SequencePoints>
                <SequencePoint vc="0" uspid="264" ordinal="0" offset="0" sl="262" sc="9" el="262" ec="10" bec="0" bev="0" fileid="6" />
                <SequencePoint vc="0" uspid="265" ordinal="1" offset="1" sl="263" sc="13" el="263" ec="35" bec="0" bev="0" fileid="6" />
                <SequencePoint vc="0" uspid="266" ordinal="2" offset="13" sl="264" sc="9" el="264" ec="10" bec="0" bev="0" fileid="6" />
              </SequencePoints>
              <BranchPoints />
              <MethodPoint xsi:type="SequencePoint" vc="0" uspid="264" ordinal="0" offset="0" sl="262" sc="9" el="262" ec="10" bec="0" bev="0" fileid="6" />
            </Method>
            <Method visited="false" cyclomaticComplexity="2" nPathComplexity="2" sequenceCoverage="0" branchCoverage="0" crapScore="6" isConstructor="false" isStatic="false" isGetter="false" isSetter="false">
              <Summary numSequencePoints="10" visitedSequencePoints="0" numBranchPoints="3" visitedBranchPoints="0" sequenceCoverage="0" branchCoverage="0" maxCyclomaticComplexity="2" minCyclomaticComplexity="2" maxCrapScore="6" minCrapScore="6" visitedClasses="0" numClasses="0" visitedMethods="0" numMethods="1" />
              <MetadataToken>100663325</MetadataToken>
              <Name>System.Void DrawingForm.Form1::ClickLoad(System.Object,System.EventArgs)</Name>
              <FileRef uid="6" />
              <SequencePoints>
                <SequencePoint vc="0" uspid="267" ordinal="0" offset="0" sl="268" sc="9" el="268" ec="10" bec="0" bev="0" fileid="6" />
                <SequencePoint vc="0" uspid="268" ordinal="1" offset="1" sl="269" sc="13" el="269" ec="42" bec="0" bev="0" fileid="6" />
                <SequencePoint vc="0" uspid="269" ordinal="2" offset="12" sl="270" sc="13" el="270" ec="55" bec="2" bev="0" fileid="6" />
                <SequencePoint vc="0" uspid="270" ordinal="3" offset="25" sl="271" sc="13" el="271" ec="14" bec="0" bev="0" fileid="6" />
                <SequencePoint vc="0" uspid="271" ordinal="4" offset="26" sl="272" sc="17" el="272" ec="30" bec="0" bev="0" fileid="6" />
                <SequencePoint vc="0" uspid="272" ordinal="5" offset="33" sl="273" sc="17" el="273" ec="30" bec="0" bev="0" fileid="6" />
                <SequencePoint vc="0" uspid="273" ordinal="6" offset="40" sl="274" sc="13" el="274" ec="14" bec="0" bev="0" fileid="6" />
                <SequencePoint vc="0" uspid="274" ordinal="7" offset="43" sl="276" sc="17" el="276" ec="30" bec="0" bev="0" fileid="6" />
                <SequencePoint vc="0" uspid="275" ordinal="8" offset="50" sl="277" sc="13" el="277" ec="36" bec="0" bev="0" fileid="6" />
                <SequencePoint vc="0" uspid="276" ordinal="9" offset="62" sl="278" sc="9" el="278" ec="10" bec="0" bev="0" fileid="6" />
              </SequencePoints>
              <BranchPoints>
                <BranchPoint vc="0" uspid="277" ordinal="0" offset="23" sl="270" path="0" offsetend="25" fileid="6" />
                <BranchPoint vc="0" uspid="278" ordinal="1" offset="23" sl="270" path="1" offsetend="43" fileid="6" />
              </BranchPoints>
              <MethodPoint xsi:type="SequencePoint" vc="0" uspid="267" ordinal="0" offset="0" sl="268" sc="9" el="268" ec="10" bec="0" bev="0" fileid="6" />
            </Method>
            <Method visited="false" cyclomaticComplexity="4" nPathComplexity="8" sequenceCoverage="0" branchCoverage="0" crapScore="20" isConstructor="false" isStatic="false" isGetter="false" isSetter="false">
              <Summary numSequencePoints="14" visitedSequencePoints="0" numBranchPoints="7" visitedBranchPoints="0" sequenceCoverage="0" branchCoverage="0" maxCyclomaticComplexity="4" minCyclomaticComplexity="4" maxCrapScore="20" minCrapScore="20" visitedClasses="0" numClasses="0" visitedMethods="0" numMethods="1" />
              <MetadataToken>100663326</MetadataToken>
              <Name>System.Void DrawingForm.Form1::LoadRecord()</Name>
              <FileRef uid="6" />
              <SequencePoints>
                <SequencePoint vc="0" uspid="279" ordinal="0" offset="0" sl="282" sc="9" el="282" ec="10" bec="0" bev="0" fileid="6" />
                <SequencePoint vc="0" uspid="280" ordinal="1" offset="1" sl="283" sc="13" el="283" ec="41" bec="0" bev="0" fileid="6" />
                <SequencePoint vc="0" uspid="281" ordinal="2" offset="13" sl="284" sc="13" el="284" ec="95" bec="0" bev="0" fileid="6" />
                <SequencePoint vc="0" uspid="282" ordinal="3" offset="25" sl="285" sc="13" el="288" ec="16" bec="2" bev="0" fileid="6" />
                <SequencePoint vc="0" uspid="283" ordinal="4" offset="63" sl="289" sc="18" el="289" ec="27" bec="0" bev="0" fileid="6" />
                <SequencePoint vc="0" uspid="284" ordinal="5" offset="67" sl="290" sc="17" el="290" ec="60" bec="2" bev="0" fileid="6" />
                <SequencePoint vc="0" uspid="285" ordinal="6" offset="94" sl="291" sc="17" el="291" ec="18" bec="0" bev="0" fileid="6" />
                <SequencePoint vc="0" uspid="286" ordinal="7" offset="95" sl="292" sc="21" el="292" ec="93" bec="0" bev="0" fileid="6" />
                <SequencePoint vc="0" uspid="287" ordinal="8" offset="104" sl="293" sc="21" el="293" ec="48" bec="0" bev="0" fileid="6" />
                <SequencePoint vc="0" uspid="288" ordinal="9" offset="112" sl="294" sc="21" el="294" ec="32" bec="0" bev="0" fileid="6" />
                <SequencePoint vc="0" uspid="289" ordinal="10" offset="119" sl="295" sc="17" el="295" ec="18" bec="0" bev="0" fileid="6" />
                <SequencePoint vc="0" uspid="290" ordinal="11" offset="120" sl="289" sc="50" el="289" ec="53" bec="0" bev="0" fileid="6" />
                <SequencePoint vc="0" uspid="291" ordinal="12" offset="124" sl="289" sc="29" el="289" ec="48" bec="2" bev="0" fileid="6" />
                <SequencePoint vc="0" uspid="292" ordinal="13" offset="139" sl="296" sc="9" el="296" ec="10" bec="0" bev="0" fileid="6" />
              </SequencePoints>
              <BranchPoints>
[...]
              <Summary numSequencePoints="3" visitedSequencePoints="0" numBranchPoints="1" visitedBranchPoints="0" sequenceCoverage="0" branchCoverage="0" maxCyclomaticComplexity="1" minCyclomaticComplexity="1" maxCrapScore="2" minCrapScore="2" visitedClasses="0" numClasses="0" visitedMethods="0" numMethods="1" />
              <MetadataToken>100663516</MetadataToken>
              <Name>System.Void DrawingModel.Rectangle::DrawLine(DrawingModel.IGraphics)</Name>
              <FileRef uid="23" />
              <SequencePoints>
                <SequencePoint vc="0" uspid="1405" ordinal="0" offset="0" sl="69" sc="9" el="69" ec="10" bec="0" bev="0" fileid="23" />
                <SequencePoint vc="0" uspid="1406" ordinal="1" offset="1" sl="70" sc="13" el="70" ec="56" bec="0" bev="0" fileid="23" />
                <SequencePoint vc="0" uspid="1407" ordinal="2" offset="32" sl="71" sc="9" el="71" ec="10" bec="0" bev="0" fileid="23" />
              </SequencePoints>
              <BranchPoints />
              <MethodPoint xsi:type="SequencePoint" vc="0" uspid="1405" ordinal="0" offset="0" sl="69" sc="9" el="69" ec="10" bec="0" bev="0" fileid="23" />
            </Method>
            <Method visited="false" cyclomaticComplexity="1" nPathComplexity="0" sequenceCoverage="0" branchCoverage="0" crapScore="2" isConstructor="false" isStatic="false" isGetter="false" isSetter="false">
              <Summary numSequencePoints="3" visitedSequencePoints="0" numBranchPoints="1" visitedBranchPoints="0" sequenceCoverage="0" branchCoverage="0" maxCyclomaticComplexity="1" minCyclomaticComplexity="1" maxCrapScore="2" minCrapScore="2" visitedClasses="0" numClasses="0" visitedMethods="0" numMethods="1" />
              <MetadataToken>100663517</MetadataToken>
              <Name>System.Void DrawingModel.Rectangle::DrawShape(DrawingModel.IGraphics)</Name>
              <FileRef uid="23" />
              <SequencePoints>
                <SequencePoint vc="0" uspid="1408" ordinal="0" offset="0" sl="75" sc="9" el="75" ec="10" bec="0" bev="0" fileid="23" />
                <SequencePoint vc="0" uspid="1409" ordinal="1" offset="1" sl="76" sc="13" el="76" ec="61" bec="0" bev="0" fileid="23" />
                <SequencePoint vc="0" uspid="1410" ordinal="2" offset="32" sl="77" sc="9" el="77" ec="10" bec="0" bev="0" fileid="23" />
              </SequencePoints>
              <BranchPoints />
              <MethodPoint xsi:type="SequencePoint" vc="0" uspid="1408" ordinal="0" offset="0" sl="75" sc="9" el="75" ec="10" bec="0" bev="0" fileid="23" />
            </Method>
            <Method visited="false" cyclomaticComplexity="1" nPathComplexity="0" sequenceCoverage="0" branchCoverage="0" crapScore="2" isConstructor="false" isStatic="false" isGetter="false" isSetter="false">
              <Summary numSequencePoints="4" visitedSequencePoints="0" numBranchPoints="1" visitedBranchPoints="0" sequenceCoverage="0" branchCoverage="0" maxCyclomaticComplexity="1" minCyclomaticComplexity="1" maxCrapScore="2" minCrapScore="2" visitedClasses="0" numClasses="0" visitedMethods="0" numMethods="1" />
              <MetadataToken>100663518</MetadataToken>
              <Name>DrawingModel.Shape DrawingModel.Rectangle::CreateNew()</Name>
              <FileRef uid="23" />
              <SequencePoints>
                <SequencePoint vc="0" uspid="1411" ordinal="0" offset="0" sl="81" sc="9" el="81" ec="10" bec="0" bev="0" fileid="23" />
                <SequencePoint vc="0" uspid="1412" ordinal="1" offset="1" sl="82" sc="13" el="82" ec="52" bec="0" bev="0" fileid="23" />
                <SequencePoint vc="0" uspid="1413" ordinal="2" offset="13" sl="83" sc="13" el="83" ec="25" bec="0" bev="0" fileid="23" />
                <SequencePoint vc="0" uspid="1414" ordinal="3" offset="17" sl="84" sc="9" el="84" ec="10" bec="0" bev="0" fileid="23" />
              </SequencePoints>
              <BranchPoints />
              <MethodPoint xsi:type="SequencePoint" vc="0" uspid="1411" ordinal="0" offset="0" sl="81" sc="9" el="81" ec="10" bec="0" bev="0" fileid="23" />
            </Method>
            <Method visited="false" cyclomaticComplexity="1" nPathComplexity="0" sequenceCoverage="0" branchCoverage="0" crapScore="2" isConstructor="false" isStatic="false" isGetter="false" isSetter="false">
              <Summary numSequencePoints="6" visitedSequencePoints="0" numBranchPoints="1" visitedBranchPoints="0" sequenceCoverage="0" branchCoverage="0" maxCyclomaticComplexity="1" minCyclomaticComplexity="1" maxCrapScore="2" minCrapScore="2" visitedClasses="0" numClasses="0" visitedMethods="0" numMethods="1" />
              <MetadataToken>100663519</MetadataToken>
              <Name>DrawingModel.Shape DrawingModel.Rectangle::Copy()</Name>
              <FileRef uid="23" />
              <SequencePoints>
                <SequencePoint vc="0" uspid="1415" ordinal="0" offset="0" sl="88" sc="9" el="88" ec="10" bec="0" bev="0" fileid="23" />
                <SequencePoint vc="0" uspid="1416" ordinal="1" offset="1" sl="89" sc="13" el="89" ec="52" bec="0" bev="0" fileid="23" />
                <SequencePoint vc="0" uspid="1417" ordinal="2" offset="13" sl="90" sc="13" el="90" ec="38" bec="0" bev="0" fileid="23" />
                <SequencePoint vc="0" uspid="1418" ordinal="3" offset="32" sl="91" sc="13" el="91" ec="41" bec="0" bev="0" fileid="23" />
                <SequencePoint vc="0" uspid="1419" ordinal="4" offset="51" sl="92" sc="13" el="92" ec="25" bec="0" bev="0" fileid="23" />
                <SequencePoint vc="0" uspid="1420" ordinal="5" offset="55" sl="93" sc="9" el="93" ec="10" bec="0" bev="0" fileid="23" />
              </SequencePoints>
              <BranchPoints />
              <MethodPoint xsi:type="SequencePoint" vc="0" uspid="1415" ordinal="0" offset="0" sl="88" sc="9" el="88" ec="10" bec="0" bev="0" fileid="23" />
            </Method>
            <Method visited="false" cyclomaticComplexity="3" nPathComplexity="4" sequenceCoverage="0" branchCoverage="0" crapScore="12" isConstructor="false" isStatic="false" isGetter="false" isSetter="false">
              <Summary numSequencePoints="5" visitedSequencePoints="0" numBranchPoints="5" visitedBranchPoints="0" sequenceCoverage="0" branchCoverage="0" maxCyclomaticComplexity="3" minCyclomaticComplexity="3" maxCrapScore="12" minCrapScore="12" visitedClasses="0" numClasses="0" visitedMethods="0" numMethods="1" />
              <MetadataToken>100663520</MetadataToken>
              <Name>System.Boolean DrawingModel.Rectangle::CheckContain(System.Single,System.Single)</Name>
              <FileRef uid="23" />
              <SequencePoints>
                <SequencePoint vc="0" uspid="1421" ordinal="0" offset="0" sl="97" sc="9" el="97" ec="10" bec="0" bev="0" fileid="23" />
                <SequencePoint vc="0" uspid="1422" ordinal="1" offset="1" sl="98" sc="13" el="98" ec="90" bec="4" bev="0" fileid="23" />
                <SequencePoint vc="0" uspid="1423" ordinal="2" offset="68" sl="99" sc="17" el="99" ec="29" bec="0" bev="0" fileid="23" />
                <SequencePoint vc="0" uspid="1424" ordinal="3" offset="72" sl="101" sc="17" el="101" ec="30" bec="0" bev="0" fileid="23" />
                <SequencePoint vc="0" uspid="1425" ordinal="4" offset="76" sl="102" sc="9" el="102" ec="10" bec="0" bev="0" fileid="23" />
              </SequencePoints>
              <BranchPoints>
                <BranchPoint vc="0" uspid="1426" ordinal="0" offset="29" sl="98" path="0" offsetend="31" fileid="23" />
                <BranchPoint vc="0" uspid="1427" ordinal="1" offset="29" sl="98" path="1" offsetend="63" fileid="23" />
                <BranchPoint vc="0" uspid="1428" ordinal="2" offset="66" sl="98" path="0" offsetend="68" fileid="23" />
                <BranchPoint vc="0" uspid="1429" ordinal="3" offset="66" sl="98" path="1" offsetend="72" fileid="23" />
              </BranchPoints>
              <MethodPoint xsi:type="SequencePoint" vc="0" uspid="1421" ordinal="0" offset="0" sl="97" sc="9" el="97" ec="10" bec="0" bev="0" fileid="23" />
            </Method>
            <Method visited="false" cyclomaticComplexity="1" nPathComplexity="0" sequenceCoverage="0" branchCoverage="0" crapScore="2" isConstructor="false" isStatic="false" isGetter="false" isSetter="false">
              <Summary numSequencePoints="4" visitedSequencePoints="0" numBranchPoints="1" visitedBranchPoints="0" sequenceCoverage="0" branchCoverage="0" maxCyclomaticComplexity="1" minCyclomaticComplexity="1" maxCrapScore="2" minCrapScore="2" visitedClasses="0" numClasses="0" visitedMethods="0" numMethods="1" />
              <MetadataToken>100663521</MetadataToken>
              <Name>System.Double[] DrawingModel.Rectangle::GetPosition()</Name>
              <FileRef uid="23" />
              <SequencePoints>
                <SequencePoint vc="0" uspid="1430" ordinal="0" offset="0" sl="106" sc="9" el="106" ec="10" bec="0" bev="0" fileid="23" />
                <SequencePoint vc="0" uspid="1431" ordinal="1" offset="1" sl="107" sc="13" el="107" ec="51" bec="0" bev="0" fileid="23" />
                <SequencePoint vc="0" uspid="1432" ordinal="2" offset="44" sl="108" sc="13" el="108" ec="24" bec="0" bev="0" fileid="23" />
                <SequencePoint vc="0" uspid="1433" ordinal="3" offset="48" sl="109" sc="9" el="109" ec="10" bec="0" bev="0" fileid="23" />
              </SequencePoints>
              <BranchPoints />
              <MethodPoint xsi:type="SequencePoint" vc="0" uspid="1430" ordinal="0" offset="0" sl="106" sc="9" el="106" ec="10" bec="0" bev="0" fileid="23" />
            </Method>
            <Method visited="false" cyclomaticComplexity="1" nPathComplexity="0" sequenceCoverage="0" branchCoverage="0" crapScore="2" isConstructor="false" isStatic="false" isGetter="false" isSetter="false">
              <Summary numSequencePoints="6" visitedSequencePoints="0" numBranchPoints="1" visitedBranchPoints="0" sequenceCoverage="0" branchCoverage="0" maxCyclomaticComplexity="1" minCyclomaticComplexity="1" maxCrapScore="2" minCrapScore="2" visitedClasses="0" numClasses="0" visitedMethods="0" numMethods="1" />
              <MetadataToken>100663522</MetadataToken>
              <Name>System.Void DrawingModel.Rectangle::Move(System.Single,System.Single)</Name>
              <FileRef uid="23" />
              <SequencePoints>
                <SequencePoint vc="0" uspid="1434" ordinal="0" offset="0" sl="113" sc="9" el="113" ec="10" bec="0" bev="0" fileid="23" />
                <SequencePoint vc="0" uspid="1435" ordinal="1" offset="1" sl="114" sc="13" el="114" ec="31" bec="0" bev="0" fileid="23" />
                <SequencePoint vc="0" uspid="1436" ordinal="2" offset="17" sl="115" sc="13" el="115" ec="31" bec="0" bev="0" fileid="23" />
                <SequencePoint vc="0" uspid="1437" ordinal="3" offset="33" sl="116" sc="13" el="116" ec="32" bec="0" bev="0" fileid="23" />
                <SequencePoint vc="0" uspid="1438" ordinal="4" offset="49" sl="117" sc="13" el="117" ec="32" bec="0" bev="0" fileid="23" />
                <SequencePoint vc="0" uspid="1439" ordinal="5" offset="65" sl="118" sc="9" el="118" ec="10" bec="0" bev="0" fileid="23" />
              </SequencePoints>
              <BranchPoints />
              <MethodPoint xsi:type="SequencePoint" vc="0" uspid="1434" ordinal="0" offset="0" sl="113" sc="9" el="113" ec="10" bec="0" bev="0" fileid="23" />
            </Method>
            <Method visited="false" cyclomaticComplexity="1" nPathComplexity="0" sequenceCoverage="0" branchCoverage="0" crapScore="2" isConstructor="false" isStatic="false" isGetter="false" isSetter="false">
              <Summary numSequencePoints="3" visitedSequencePoints="0" numBranchPoints="1" visitedBranchPoints="0" sequenceCoverage="0" branchCoverage="0" maxCyclomaticComplexity="1" minCyclomaticComplexity="1" maxCrapScore="2" minCrapScore="2" visitedClasses="0" numClasses="0" visitedMethods="0" numMethods="1" />
              <MetadataToken>100663523</MetadataToken>
              <Name>System.Boolean DrawingModel.Rectangle::CheckType()</Name>
              <FileRef uid="23" />
              <SequencePoints>
                <SequencePoint vc="0" uspid="1440" ordinal="0" offset="0" sl="122" sc="9" el="122" ec="10" bec="0" bev="0" fileid="23" />
                <SequencePoint vc="0" uspid="1441" ordinal="1" offset="1" sl="123" sc="13" el="123" ec="25" bec="0" bev="0" fileid="23" />
                <SequencePoint vc="0" uspid="1442" ordinal="2" offset="5" sl="124" sc="9" el="124" ec="10" bec="0" bev="0" fileid="23" />
              </SequencePoints>
              <BranchPoints />
              <MethodPoint xsi:type="SequencePoint" vc="0" uspid="1440" ordinal="0" offset="0" sl="122" sc="9" el="122" ec="10" bec="0" bev="0" fileid="23" />
            </Method>
          </Methods>
        </Class>
        <Class>
          <Summary numSequencePoints="0" visitedSequencePoints="0" numBranchPoints="0" visitedBranchPoints="0" sequenceCoverage="0" branchCoverage="0" maxCyclomaticComplexity="1" minCyclomaticComplexity="1" maxCrapScore="2" minCrapScore="2" visitedClasses="0" numClasses="0" visitedMethods="0" numMethods="0" />
          <FullName>DrawingModel.Shape</FullName>
          <Methods>
            <Method visited="false" cyclomaticComplexity="1" nPathComplexity="0" sequenceCoverage="0" branchCoverage="0" crapScore="2" isConstructor="true" isStatic="false" isGetter="false" isSetter="false">
              <Summary numSequencePoints="0" visitedSequencePoints="0" numBranchPoints="0" visitedBranchPoints="0" sequenceCoverage="0" branchCoverage="0" maxCyclomaticComplexity="1" minCyclomaticComplexity="1" maxCrapScore="2" minCrapScore="2" visitedClasses="0" numClasses="0" visitedMethods="0" numMethods="0" />
              <MetadataToken>100663536</MetadataToken>
              <Name>System.Void DrawingModel.Shape::.ctor()</Name>
              <SequencePoints />
              <BranchPoints />
              <MethodPoint vc="0" uspid="1443" ordinal="0" offset="0" />
            </Method>
          </Methods>
        </Class>
        <Class>
          <Summary numSequencePoints="11" visitedSequencePoints="0" numBranchPoints="6" visitedBranchPoints="0" sequenceCoverage="0" branchCoverage="0" maxCyclomaticComplexity="3" minCyclomaticComplexity="1" maxCrapScore="12" minCrapScore="2" visitedClasses="0" numClasses="1" visitedMethods="0" numMethods="2" />
          <FullName>DrawingModel.SimpleFactory</FullName>
          <Methods>
            <Method visited="false" cyclomaticComplexity="1" nPathComplexity="0" sequenceCoverage="0" branchCoverage="0" crapScore="2" isConstructor="true" isStatic="false" isGetter="false" isSetter="false">
              <Summary numSequencePoints="4" visitedSequencePoints="0" numBranchPoints="1" visitedBranchPoints="0" sequenceCoverage="0" branchCoverage="0" maxCyclomaticComplexity="1" minCyclomaticComplexity="1" maxCrapScore="2" minCrapScore="2" visitedClasses="0" numClasses="0" visitedMethods="0" numMethods="1" />
              <MetadataToken>100663537</MetadataToken>
              <Name>System.Void DrawingModel.SimpleFactory::.ctor(DrawingModel.Model)</Name>
              <FileRef uid="24" />
              <SequencePoints>
                <SequencePoint vc="0" uspid="1444" ordinal="0" offset="0" sl="13" sc="9" el="13" ec="42" bec="0" bev="0" fileid="24" />
                <SequencePoint vc="0" uspid="1445" ordinal="1" offset="7" sl="14" sc="9" el="14" ec="10" bec="0" bev="0" fileid="24" />
                <SequencePoint vc="0" uspid="1446" ordinal="2" offset="8" sl="15" sc="13" el="15" ec="28" bec="0" bev="0" fileid="24" />
                <SequencePoint vc="0" uspid="1447" ordinal="3" offset="15" sl="16" sc="9" el="16" ec="10" bec="0" bev="0" fileid="24" />
              </SequencePoints>
              <BranchPoints />
              <MethodPoint xsi:type="SequencePoint" vc="0" uspid="1444" ordinal="0" offset="0" sl="13" sc="9" el="13" ec="42" bec="0" bev="0" fileid="24" />
            </Method>
            <Method visited="false" cyclomaticComplexity="3" nPathComplexity="4" sequenceCoverage="0" branchCoverage="0" crapScore="12" isConstructor="false" isStatic="false" isGetter="false" isSetter="false">
              <Summary numSequencePoints="7" visitedSequencePoints="0" numBranchPoints="5" visitedBranchPoints="0" sequenceCoverage="0" branchCoverage="0" maxCyclomaticComplexity="3" minCyclomaticComplexity="3" maxCrapScore="12" minCrapScore="12" visitedClasses="0" numClasses="0" visitedMethods="0" numMethods="1" />
              <MetadataToken>100663538</MetadataToken>
              <Name>DrawingModel.Shape DrawingModel.SimpleFactory::CreateShape(System.Int32)</Name>
              <FileRef uid="24" />
              <SequencePoints>
                <SequencePoint vc="0" uspid="1448" ordinal="0" offset="0" sl="20" sc="9" el="20" ec="10" bec="0" bev="0" fileid="24" />
                <SequencePoint vc="0" uspid="1449" ordinal="1" offset="1" sl="21" sc="13" el="21" ec="27" bec="2" bev="0" fileid="24" />
                <SequencePoint vc="0" uspid="1450" ordinal="2" offset="9" sl="22" sc="17" el="22" ec="46" bec="0" bev="0" fileid="24" />
                <SequencePoint vc="0" uspid="1451" ordinal="3" offset="23" sl="23" sc="18" el="23" ec="32" bec="2" bev="0" fileid="24" />
                <SequencePoint vc="0" uspid="1452" ordinal="4" offset="31" sl="24" sc="17" el="24" ec="44" bec="0" bev="0" fileid="24" />
                <SequencePoint vc="0" uspid="1453" ordinal="5" offset="45" sl="26" sc="17" el="26" ec="41" bec="0" bev="0" fileid="24" />
                <SequencePoint vc="0" uspid="1454" ordinal="6" offset="59" sl="27" sc="9" el="27" ec="10" bec="0" bev="0" fileid="24" />
              </SequencePoints>
              <BranchPoints>
                <BranchPoint vc="0" uspid="1455" ordinal="0" offset="7" sl="21" path="0" offsetend="9" fileid="24" />
                <BranchPoint vc="0" uspid="1456" ordinal="1" offset="7" sl="21" path="1" offsetend="23" fileid="24" />
                <BranchPoint vc="0" uspid="1457" ordinal="2" offset="29" sl="23" path="0" offsetend="31" fileid="24" />
                <BranchPoint vc="0" uspid="1458" ordinal="3" offset="29" sl="23" path="1" offsetend="45" fileid="24" />
              </BranchPoints>
              <MethodPoint xsi:type="SequencePoint" vc="0" uspid="1448" ordinal="0" offset="0" sl="20" sc="9" el="20" ec="10" bec="0" bev="0" fileid="24" />
            </Method>
          </Methods>
        </Class>
        <Class>
          <Summary numSequencePoints="0" visitedSequencePoints="0" numBranchPoints="0" visitedBranchPoints="0" sequenceCoverage="0" branchCoverage="0" maxCyclomaticComplexity="1" minCyclomaticComplexity="1" maxCrapScore="2" minCrapScore="2" visitedClasses="0" numClasses="0" visitedMethods="0" numMethods="0" />
          <FullName>DrawingModel.State</FullName>
          <Methods>
            <Method visited="false" cyclomaticComplexity="1" nPathComplexity="0" sequenceCoverage="0" branchCoverage="0" crapScore="2" isConstructor="true" isStatic="false" isGetter="false" isSetter="false">
              <Summary numSequencePoints="0" visitedSequencePoints="0" numBranchPoints="0" visitedBranchPoints="0" sequenceCoverage="0" branchCoverage="0" maxCyclomaticComplexity="1" minCyclomaticComplexity="1" maxCrapScore="2" minCrapScore="2" visitedClasses="0" numClasses="0" visitedMethods="0" numMethods="0" />
              <MetadataToken>100663540</MetadataToken>
              <Name>System.Void DrawingModel.State::.ctor()</Name>
              <SequencePoints />
              <BranchPoints />
              <MethodPoint vc="0" uspid="1459" ordinal="0" offset="0" />
            </Method>
          </Methods>
        </Class>
      </Classes>
    </Module>
  </Modules>
</CoverageSession>