<?xml version="1.0" encoding="utf-8"?>
<CoverageSession xmlns:xsd="http://www.w3.org/2001/XMLSchema" xmlns:xsi="http://www.w3.org/2001/XMLSchema-instance" Version="4.7.922.0">
  <Summary numSequencePoints="842" visitedSequencePoints="328" numBranchPoints="266" visitedBranchPoints="101" sequenceCoverage="38.95" branchCoverage="37.97" maxCyclomaticComplexity="8" minCyclomaticComplexity="1" maxCrapScore="72" minCrapScore="1" visitedClasses="13" numClasses="16" visitedMethods="82" numMethods="166" />
  <Modules>
    <Module hash="4A-CD-B3-B1-22-55-F8-29-AD-11-4F-18-C7-AD-81-19-6D-D7-B3-3D">
      <Summary numSequencePoints="129" visitedSequencePoints="129" numBranchPoints="16" visitedBranchPoints="16" sequenceCoverage="100" branchCoverage="100" maxCyclomaticComplexity="1" minCyclomaticComplexity="1" maxCrapScore="2" minCrapScore="1" visitedClasses="4" numClasses="4" visitedMethods="16" numMethods="16" />
      <ModulePath>D:\Mydata\視窗程式設計\Drawing\DrawingModelTests\bin\Debug\fine-code-coverage\build-output\DrawingModelTests.dll</ModulePath>
      <ModuleTime>2022-01-12T13:01:44.3654765Z</ModuleTime>
      <ModuleName>DrawingModelTests</ModuleName>
      <Files>
        <File uid="1" fullPath="D:\Mydata\視窗程式設計\Drawing\DrawingModelTests\EllipseTests.cs" />
        <File uid="2" fullPath="D:\Mydata\視窗程式設計\Drawing\DrawingModelTests\LineTests.cs" />
        <File uid="3" fullPath="D:\Mydata\視窗程式設計\Drawing\DrawingModelTests\ModelTests.cs" />
        <File uid="4" fullPath="D:\Mydata\視窗程式設計\Drawing\DrawingModelTests\RectangleTests.cs" />
      </Files>
      <Classes>
        <Class>
          <Summary numSequencePoints="32" visitedSequencePoints="32" numBranchPoints="4" visitedBranchPoints="4" sequenceCoverage="100" branchCoverage="100" maxCyclomaticComplexity="1" minCyclomaticComplexity="1" maxCrapScore="2" minCrapScore="1" visitedClasses="1" numClasses="1" visitedMethods="4" numMethods="4" />
          <FullName>DrawingModel.Tests.EllipseTests</FullName>
          <Methods>
            <Method visited="true" cyclomaticComplexity="1" nPathComplexity="0" sequenceCoverage="100" branchCoverage="100" crapScore="1" isConstructor="false" isStatic="false" isGetter="false" isSetter="false">
              <Summary numSequencePoints="7" visitedSequencePoints="7" numBranchPoints="1" visitedBranchPoints="1" sequenceCoverage="100" branchCoverage="100" maxCyclomaticComplexity="1" minCyclomaticComplexity="1" maxCrapScore="1" minCrapScore="1" visitedClasses="0" numClasses="0" visitedMethods="1" numMethods="1" />
              <MetadataToken>100663297</MetadataToken>
              <Name>System.Void DrawingModel.Tests.EllipseTests::SetLeftUpTest()</Name>
              <FileRef uid="1" />
              <SequencePoints>
                <SequencePoint vc="1" uspid="1" ordinal="0" offset="0" sl="17" sc="9" el="17" ec="10" bec="0" bev="0" fileid="1" />
                <SequencePoint vc="1" uspid="2" ordinal="1" offset="1" sl="18" sc="13" el="18" ec="39" bec="0" bev="0" fileid="1" />
                <SequencePoint vc="1" uspid="3" ordinal="2" offset="7" sl="19" sc="13" el="19" ec="49" bec="0" bev="0" fileid="1" />
                <SequencePoint vc="1" uspid="4" ordinal="3" offset="14" sl="20" sc="13" el="20" ec="38" bec="0" bev="0" fileid="1" />
                <SequencePoint vc="1" uspid="5" ordinal="4" offset="39" sl="21" sc="13" el="21" ec="45" bec="0" bev="0" fileid="1" />
                <SequencePoint vc="1" uspid="6" ordinal="5" offset="60" sl="22" sc="13" el="22" ec="45" bec="0" bev="0" fileid="1" />
                <SequencePoint vc="1" uspid="7" ordinal="6" offset="81" sl="23" sc="9" el="23" ec="10" bec="0" bev="0" fileid="1" />
              </SequencePoints>
              <BranchPoints />
              <MethodPoint xsi:type="SequencePoint" vc="1" uspid="1" ordinal="0" offset="0" sl="17" sc="9" el="17" ec="10" bec="0" bev="0" fileid="1" />
            </Method>
            <Method visited="true" cyclomaticComplexity="1" nPathComplexity="0" sequenceCoverage="100" branchCoverage="100" crapScore="1" isConstructor="false" isStatic="false" isGetter="false" isSetter="false">
              <Summary numSequencePoints="7" visitedSequencePoints="7" numBranchPoints="1" visitedBranchPoints="1" sequenceCoverage="100" branchCoverage="100" maxCyclomaticComplexity="1" minCyclomaticComplexity="1" maxCrapScore="1" minCrapScore="1" visitedClasses="0" numClasses="0" visitedMethods="1" numMethods="1" />
              <MetadataToken>100663298</MetadataToken>
              <Name>System.Void DrawingModel.Tests.EllipseTests::SetRightDownTest()</Name>
              <FileRef uid="1" />
              <SequencePoints>
                <SequencePoint vc="1" uspid="8" ordinal="0" offset="0" sl="28" sc="9" el="28" ec="10" bec="0" bev="0" fileid="1" />
                <SequencePoint vc="1" uspid="9" ordinal="1" offset="1" sl="29" sc="13" el="29" ec="39" bec="0" bev="0" fileid="1" />
                <SequencePoint vc="1" uspid="10" ordinal="2" offset="7" sl="30" sc="13" el="30" ec="49" bec="0" bev="0" fileid="1" />
                <SequencePoint vc="1" uspid="11" ordinal="3" offset="14" sl="31" sc="13" el="31" ec="41" bec="0" bev="0" fileid="1" />
                <SequencePoint vc="1" uspid="12" ordinal="4" offset="39" sl="32" sc="13" el="32" ec="45" bec="0" bev="0" fileid="1" />
                <SequencePoint vc="1" uspid="13" ordinal="5" offset="60" sl="33" sc="13" el="33" ec="45" bec="0" bev="0" fileid="1" />
                <SequencePoint vc="1" uspid="14" ordinal="6" offset="81" sl="34" sc="9" el="34" ec="10" bec="0" bev="0" fileid="1" />
              </SequencePoints>
              <BranchPoints />
              <MethodPoint xsi:type="SequencePoint" vc="1" uspid="8" ordinal="0" offset="0" sl="28" sc="9" el="28" ec="10" bec="0" bev="0" fileid="1" />
            </Method>
            <Method visited="true" cyclomaticComplexity="1" nPathComplexity="0" sequenceCoverage="100" branchCoverage="100" crapScore="1" isConstructor="false" isStatic="false" isGetter="false" isSetter="false">
              <Summary numSequencePoints="8" visitedSequencePoints="8" numBranchPoints="1" visitedBranchPoints="1" sequenceCoverage="100" branchCoverage="100" maxCyclomaticComplexity="1" minCyclomaticComplexity="1" maxCrapScore="1" minCrapScore="1" visitedClasses="0" numClasses="0" visitedMethods="1" numMethods="1" />
              <MetadataToken>100663299</MetadataToken>
              <Name>System.Void DrawingModel.Tests.EllipseTests::CheckContainTest()</Name>
              <FileRef uid="1" />
              <SequencePoints>
                <SequencePoint vc="1" uspid="15" ordinal="0" offset="0" sl="39" sc="9" el="39" ec="10" bec="0" bev="0" fileid="1" />
                <SequencePoint vc="1" uspid="16" ordinal="1" offset="1" sl="40" sc="13" el="40" ec="39" bec="0" bev="0" fileid="1" />
                <SequencePoint vc="1" uspid="17" ordinal="2" offset="7" sl="41" sc="13" el="41" ec="46" bec="0" bev="0" fileid="1" />
                <SequencePoint vc="1" uspid="18" ordinal="3" offset="14" sl="42" sc="13" el="42" ec="35" bec="0" bev="0" fileid="1" />
                <SequencePoint vc="1" uspid="19" ordinal="4" offset="39" sl="43" sc="13" el="43" ec="38" bec="0" bev="0" fileid="1" />
                <SequencePoint vc="1" uspid="20" ordinal="5" offset="64" sl="45" sc="13" el="45" ec="61" bec="0" bev="0" fileid="1" />
                <SequencePoint vc="1" uspid="21" ordinal="6" offset="87" sl="46" sc="13" el="46" ec="62" bec="0" bev="0" fileid="1" />
                <SequencePoint vc="1" uspid="22" ordinal="7" offset="110" sl="47" sc="9" el="47" ec="10" bec="0" bev="0" fileid="1" />
              </SequencePoints>
              <BranchPoints />
              <MethodPoint xsi:type="SequencePoint" vc="1" uspid="15" ordinal="0" offset="0" sl="39" sc="9" el="39" ec="10" bec="0" bev="0" fileid="1" />
            </Method>
            <Method visited="true" cyclomaticComplexity="1" nPathComplexity="0" sequenceCoverage="100" branchCoverage="100" crapScore="1" isConstructor="false" isStatic="false" isGetter="false" isSetter="false">
              <Summary numSequencePoints="10" visitedSequencePoints="10" numBranchPoints="1" visitedBranchPoints="1" sequenceCoverage="100" branchCoverage="100" maxCyclomaticComplexity="1" minCyclomaticComplexity="1" maxCrapScore="1" minCrapScore="1" visitedClasses="0" numClasses="0" visitedMethods="1" numMethods="1" />
              <MetadataToken>100663300</MetadataToken>
              <Name>System.Void DrawingModel.Tests.EllipseTests::GetPositionTest()</Name>
              <FileRef uid="1" />
              <SequencePoints>
                <SequencePoint vc="1" uspid="23" ordinal="0" offset="0" sl="52" sc="9" el="52" ec="10" bec="0" bev="0" fileid="1" />
                <SequencePoint vc="1" uspid="24" ordinal="1" offset="1" sl="53" sc="13" el="53" ec="39" bec="0" bev="0" fileid="1" />
                <SequencePoint vc="1" uspid="25" ordinal="2" offset="7" sl="54" sc="13" el="54" ec="46" bec="0" bev="0" fileid="1" />
                <SequencePoint vc="1" uspid="26" ordinal="3" offset="14" sl="55" sc="13" el="55" ec="35" bec="0" bev="0" fileid="1" />
                <SequencePoint vc="1" uspid="27" ordinal="4" offset="39" sl="56" sc="13" el="56" ec="38" bec="0" bev="0" fileid="1" />
                <SequencePoint vc="1" uspid="28" ordinal="5" offset="64" sl="57" sc="13" el="57" ec="55" bec="0" bev="0" fileid="1" />
                <SequencePoint vc="1" uspid="29" ordinal="6" offset="87" sl="58" sc="13" el="58" ec="55" bec="0" bev="0" fileid="1" />
                <SequencePoint vc="1" uspid="30" ordinal="7" offset="110" sl="59" sc="13" el="59" ec="55" bec="0" bev="0" fileid="1" />
                <SequencePoint vc="1" uspid="31" ordinal="8" offset="133" sl="60" sc="13" el="60" ec="55" bec="0" bev="0" fileid="1" />
                <SequencePoint vc="1" uspid="32" ordinal="9" offset="156" sl="61" sc="9" el="61" ec="10" bec="0" bev="0" fileid="1" />
              </SequencePoints>
              <BranchPoints />
              <MethodPoint xsi:type="SequencePoint" vc="1" uspid="23" ordinal="0" offset="0" sl="52" sc="9" el="52" ec="10" bec="0" bev="0" fileid="1" />
            </Method>
            <Method visited="false" cyclomaticComplexity="1" nPathComplexity="0" sequenceCoverage="0" branchCoverage="0" crapScore="2" isConstructor="true" isStatic="false" isGetter="false" isSetter="false">
              <Summary numSequencePoints="0" visitedSequencePoints="0" numBranchPoints="0" visitedBranchPoints="0" sequenceCoverage="0" branchCoverage="0" maxCyclomaticComplexity="1" minCyclomaticComplexity="1" maxCrapScore="2" minCrapScore="2" visitedClasses="0" numClasses="0" visitedMethods="0" numMethods="0" />
              <MetadataToken>100663301</MetadataToken>
              <Name>System.Void DrawingModel.Tests.EllipseTests::.ctor()</Name>
              <SequencePoints />
              <BranchPoints />
              <MethodPoint vc="0" uspid="33" ordinal="0" offset="0" />
            </Method>
          </Methods>
        </Class>
        <Class>
          <Summary numSequencePoints="32" visitedSequencePoints="32" numBranchPoints="4" visitedBranchPoints="4" sequenceCoverage="100" branchCoverage="100" maxCyclomaticComplexity="1" minCyclomaticComplexity="1" maxCrapScore="2" minCrapScore="1" visitedClasses="1" numClasses="1" visitedMethods="4" numMethods="4" />
          <FullName>DrawingModel.Tests.LineTests</FullName>
          <Methods>
            <Method visited="true" cyclomaticComplexity="1" nPathComplexity="0" sequenceCoverage="100" branchCoverage="100" crapScore="1" isConstructor="false" isStatic="false" isGetter="false" isSetter="false">
              <Summary numSequencePoints="7" visitedSequencePoints="7" numBranchPoints="1" visitedBranchPoints="1" sequenceCoverage="100" branchCoverage="100" maxCyclomaticComplexity="1" minCyclomaticComplexity="1" maxCrapScore="1" minCrapScore="1" visitedClasses="0" numClasses="0" visitedMethods="1" numMethods="1" />
              <MetadataToken>100663302</MetadataToken>
              <Name>System.Void DrawingModel.Tests.LineTests::SetLeftUpTest()</Name>
              <FileRef uid="2" />
              <SequencePoints>
                <SequencePoint vc="1" uspid="34" ordinal="0" offset="0" sl="17" sc="9" el="17" ec="10" bec="0" bev="0" fileid="2" />
                <SequencePoint vc="1" uspid="35" ordinal="1" offset="1" sl="18" sc="13" el="18" ec="39" bec="0" bev="0" fileid="2" />
                <SequencePoint vc="1" uspid="36" ordinal="2" offset="7" sl="19" sc="13" el="19" ec="40" bec="0" bev="0" fileid="2" />
                <SequencePoint vc="1" uspid="37" ordinal="3" offset="14" sl="20" sc="13" el="20" ec="35" bec="0" bev="0" fileid="2" />
                <SequencePoint vc="1" uspid="38" ordinal="4" offset="39" sl="21" sc="13" el="21" ec="41" bec="0" bev="0" fileid="2" />
                <SequencePoint vc="1" uspid="39" ordinal="5" offset="60" sl="22" sc="13" el="22" ec="41" bec="0" bev="0" fileid="2" />
                <SequencePoint vc="1" uspid="40" ordinal="6" offset="81" sl="23" sc="9" el="23" ec="10" bec="0" bev="0" fileid="2" />
              </SequencePoints>
              <BranchPoints />
              <MethodPoint xsi:type="SequencePoint" vc="1" uspid="34" ordinal="0" offset="0" sl="17" sc="9" el="17" ec="10" bec="0" bev="0" fileid="2" />
            </Method>
            <Method visited="true" cyclomaticComplexity="1" nPathComplexity="0" sequenceCoverage="100" branchCoverage="100" crapScore="1" isConstructor="false" isStatic="false" isGetter="false" isSetter="false">
              <Summary numSequencePoints="7" visitedSequencePoints="7" numBranchPoints="1" visitedBranchPoints="1" sequenceCoverage="100" branchCoverage="100" maxCyclomaticComplexity="1" minCyclomaticComplexity="1" maxCrapScore="1" minCrapScore="1" visitedClasses="0" numClasses="0" visitedMethods="1" numMethods="1" />
              <MetadataToken>100663303</MetadataToken>
              <Name>System.Void DrawingModel.Tests.LineTests::SetRightDownTest()</Name>
              <FileRef uid="2" />
              <SequencePoints>
                <SequencePoint vc="1" uspid="41" ordinal="0" offset="0" sl="28" sc="9" el="28" ec="10" bec="0" bev="0" fileid="2" />
                <SequencePoint vc="1" uspid="42" ordinal="1" offset="1" sl="29" sc="13" el="29" ec="39" bec="0" bev="0" fileid="2" />
                <SequencePoint vc="1" uspid="43" ordinal="2" offset="7" sl="30" sc="13" el="30" ec="40" bec="0" bev="0" fileid="2" />
                <SequencePoint vc="1" uspid="44" ordinal="3" offset="14" sl="31" sc="13" el="31" ec="38" bec="0" bev="0" fileid="2" />
                <SequencePoint vc="1" uspid="45" ordinal="4" offset="39" sl="32" sc="13" el="32" ec="42" bec="0" bev="0" fileid="2" />
                <SequencePoint vc="1" uspid="46" ordinal="5" offset="60" sl="33" sc="13" el="33" ec="42" bec="0" bev="0" fileid="2" />
                <SequencePoint vc="1" uspid="47" ordinal="6" offset="81" sl="34" sc="9" el="34" ec="10" bec="0" bev="0" fileid="2" />
              </SequencePoints>
              <BranchPoints />
              <MethodPoint xsi:type="SequencePoint" vc="1" uspid="41" ordinal="0" offset="0" sl="28" sc="9" el="28" ec="10" bec="0" bev="0" fileid="2" />
            </Method>
            <Method visited="true" cyclomaticComplexity="1" nPathComplexity="0" sequenceCoverage="100" branchCoverage="100" crapScore="1" isConstructor="false" isStatic="false" isGetter="false" isSetter="false">
              <Summary numSequencePoints="8" visitedSequencePoints="8" numBranchPoints="1" visitedBranchPoints="1" sequenceCoverage="100" branchCoverage="100" maxCyclomaticComplexity="1" minCyclomaticComplexity="1" maxCrapScore="1" minCrapScore="1" visitedClasses="0" numClasses="0" visitedMethods="1" numMethods="1" />
              <MetadataToken>100663304</MetadataToken>
              <Name>System.Void DrawingModel.Tests.LineTests::CheckContainTest()</Name>
              <FileRef uid="2" />
              <SequencePoints>
                <SequencePoint vc="1" uspid="48" ordinal="0" offset="0" sl="39" sc="9" el="39" ec="10" bec="0" bev="0" fileid="2" />
                <SequencePoint vc="1" uspid="49" ordinal="1" offset="1" sl="40" sc="13" el="40" ec="39" bec="0" bev="0" fileid="2" />
                <SequencePoint vc="1" uspid="50" ordinal="2" offset="7" sl="41" sc="13" el="41" ec="40" bec="0" bev="0" fileid="2" />
                <SequencePoint vc="1" uspid="51" ordinal="3" offset="14" sl="42" sc="13" el="42" ec="35" bec="0" bev="0" fileid="2" />
                <SequencePoint vc="1" uspid="52" ordinal="4" offset="39" sl="43" sc="13" el="43" ec="38" bec="0" bev="0" fileid="2" />
                <SequencePoint vc="1" uspid="53" ordinal="5" offset="64" sl="45" sc="13" el="45" ec="61" bec="0" bev="0" fileid="2" />
                <SequencePoint vc="1" uspid="54" ordinal="6" offset="87" sl="46" sc="13" el="46" ec="62" bec="0" bev="0" fileid="2" />
                <SequencePoint vc="1" uspid="55" ordinal="7" offset="110" sl="47" sc="9" el="47" ec="10" bec="0" bev="0" fileid="2" />
              </SequencePoints>
              <BranchPoints />
              <MethodPoint xsi:type="SequencePoint" vc="1" uspid="48" ordinal="0" offset="0" sl="39" sc="9" el="39" ec="10" bec="0" bev="0" fileid="2" />
            </Method>
            <Method visited="true" cyclomaticComplexity="1" nPathComplexity="0" sequenceCoverage="100" branchCoverage="100" crapScore="1" isConstructor="false" isStatic="false" isGetter="false" isSetter="false">
              <Summary numSequencePoints="10" visitedSequencePoints="10" numBranchPoints="1" visitedBranchPoints="1" sequenceCoverage="100" branchCoverage="100" maxCyclomaticComplexity="1" minCyclomaticComplexity="1" maxCrapScore="1" minCrapScore="1" visitedClasses="0" numClasses="0" visitedMethods="1" numMethods="1" />
              <MetadataToken>100663305</MetadataToken>
              <Name>System.Void DrawingModel.Tests.LineTests::GetPositionTest()</Name>
              <FileRef uid="2" />
              <SequencePoints>
                <SequencePoint vc="1" uspid="56" ordinal="0" offset="0" sl="52" sc="9" el="52" ec="10" bec="0" bev="0" fileid="2" />
                <SequencePoint vc="1" uspid="57" ordinal="1" offset="1" sl="53" sc="13" el="53" ec="39" bec="0" bev="0" fileid="2" />
                <SequencePoint vc="1" uspid="58" ordinal="2" offset="7" sl="54" sc="13" el="54" ec="40" bec="0" bev="0" fileid="2" />
                <SequencePoint vc="1" uspid="59" ordinal="3" offset="14" sl="55" sc="13" el="55" ec="35" bec="0" bev="0" fileid="2" />
                <SequencePoint vc="1" uspid="60" ordinal="4" offset="39" sl="56" sc="13" el="56" ec="38" bec="0" bev="0" fileid="2" />
                <SequencePoint vc="1" uspid="61" ordinal="5" offset="64" sl="57" sc="13" el="57" ec="54" bec="0" bev="0" fileid="2" />
                <SequencePoint vc="1" uspid="62" ordinal="6" offset="87" sl="58" sc="13" el="58" ec="54" bec="0" bev="0" fileid="2" />
                <SequencePoint vc="1" uspid="63" ordinal="7" offset="110" sl="59" sc="13" el="59" ec="55" bec="0" bev="0" fileid="2" />
                <SequencePoint vc="1" uspid="64" ordinal="8" offset="133" sl="60" sc="13" el="60" ec="55" bec="0" bev="0" fileid="2" />
                <SequencePoint vc="1" uspid="65" ordinal="9" offset="156" sl="61" sc="9" el="61" ec="10" bec="0" bev="0" fileid="2" />
              </SequencePoints>
              <BranchPoints />
              <MethodPoint xsi:type="SequencePoint" vc="1" uspid="56" ordinal="0" offset="0" sl="52" sc="9" el="52" ec="10" bec="0" bev="0" fileid="2" />
            </Method>
            <Method visited="false" cyclomaticComplexity="1" nPathComplexity="0" sequenceCoverage="0" branchCoverage="0" crapScore="2" isConstructor="true" isStatic="false" isGetter="false" isSetter="false">
              <Summary numSequencePoints="0" visitedSequencePoints="0" numBranchPoints="0" visitedBranchPoints="0" sequenceCoverage="0" branchCoverage="0" maxCyclomaticComplexity="1" minCyclomaticComplexity="1" maxCrapScore="2" minCrapScore="2" visitedClasses="0" numClasses="0" visitedMethods="0" numMethods="0" />
              <MetadataToken>100663306</MetadataToken>
              <Name>System.Void DrawingModel.Tests.LineTests::.ctor()</Name>
              <SequencePoints />
              <BranchPoints />
              <MethodPoint vc="0" uspid="66" ordinal="0" offset="0" />
            </Method>
          </Methods>
        </Class>
        <Class>
          <Summary numSequencePoints="33" visitedSequencePoints="33" numBranchPoints="4" visitedBranchPoints="4" sequenceCoverage="100" branchCoverage="100" maxCyclomaticComplexity="1" minCyclomaticComplexity="1" maxCrapScore="2" minCrapScore="1" visitedClasses="1" numClasses="1" visitedMethods="4" numMethods="4" />
          <FullName>DrawingModel.Tests.ModelTests</FullName>
          <Methods>
            <Method visited="true" cyclomaticComplexity="1" nPathComplexity="0" sequenceCoverage="100" branchCoverage="100" crapScore="1" isConstructor="false" isStatic="false" isGetter="false" isSetter="false">
              <Summary numSequencePoints="7" visitedSequencePoints="7" numBranchPoints="1" visitedBranchPoints="1" sequenceCoverage="100" branchCoverage="100" maxCyclomaticComplexity="1" minCyclomaticComplexity="1" maxCrapScore="1" minCrapScore="1" visitedClasses="0" numClasses="0" visitedMethods="1" numMethods="1" />
              <MetadataToken>100663307</MetadataToken>
              <Name>System.Void DrawingModel.Tests.ModelTests::PressdPointerTest()</Name>
              <FileRef uid="3" />
              <SequencePoints>
                <SequencePoint vc="1" uspid="67" ordinal="0" offset="0" sl="17" sc="9" el="17" ec="10" bec="0" bev="0" fileid="3" />
                <SequencePoint vc="1" uspid="68" ordinal="1" offset="1" sl="18" sc="13" el="18" ec="39" bec="0" bev="0" fileid="3" />
                <SequencePoint vc="1" uspid="69" ordinal="2" offset="7" sl="19" sc="13" el="19" ec="47" bec="0" bev="0" fileid="3" />
                <SequencePoint vc="1" uspid="70" ordinal="3" offset="14" sl="20" sc="13" el="20" ec="47" bec="0" bev="0" fileid="3" />
                <SequencePoint vc="1" uspid="71" ordinal="4" offset="40" sl="21" sc="13" el="21" ec="53" bec="0" bev="0" fileid="3" />
                <SequencePoint vc="1" uspid="72" ordinal="5" offset="61" sl="22" sc="13" el="22" ec="53" bec="0" bev="0" fileid="3" />
                <SequencePoint vc="1" uspid="73" ordinal="6" offset="82" sl="23" sc="9" el="23" ec="10" bec="0" bev="0" fileid="3" />
              </SequencePoints>
              <BranchPoints />
              <MethodPoint xsi:type="SequencePoint" vc="1" uspid="67" ordinal="0" offset="0" sl="17" sc="9" el="17" ec="10" bec="0" bev="0" fileid="3" />
            </Method>
            <Method visited="true" cyclomaticComplexity="1" nPathComplexity="0" sequenceCoverage="100" branchCoverage="100" crapScore="1" isConstructor="false" isStatic="false" isGetter="false" isSetter="false">
              <Summary numSequencePoints="8" visitedSequencePoints="8" numBranchPoints="1" visitedBranchPoints="1" sequenceCoverage="100" branchCoverage="100" maxCyclomaticComplexity="1" minCyclomaticComplexity="1" maxCrapScore="1" minCrapScore="1" visitedClasses="0" numClasses="0" visitedMethods="1" numMethods="1" />
              <MetadataToken>100663308</MetadataToken>
              <Name>System.Void DrawingModel.Tests.ModelTests::MovedPointerTest()</Name>
              <FileRef uid="3" />
              <SequencePoints>
                <SequencePoint vc="1" uspid="74" ordinal="0" offset="0" sl="28" sc="9" el="28" ec="10" bec="0" bev="0" fileid="3" />
                <SequencePoint vc="1" uspid="75" ordinal="1" offset="1" sl="29" sc="13" el="29" ec="39" bec="0" bev="0" fileid="3" />
                <SequencePoint vc="1" uspid="76" ordinal="2" offset="7" sl="30" sc="13" el="30" ec="47" bec="0" bev="0" fileid="3" />
                <SequencePoint vc="1" uspid="77" ordinal="3" offset="14" sl="31" sc="13" el="31" ec="47" bec="0" bev="0" fileid="3" />
                <SequencePoint vc="1" uspid="78" ordinal="4" offset="40" sl="32" sc="13" el="32" ec="46" bec="0" bev="0" fileid="3" />
                <SequencePoint vc="1" uspid="79" ordinal="5" offset="66" sl="33" sc="13" el="33" ec="53" bec="0" bev="0" fileid="3" />
                <SequencePoint vc="1" uspid="80" ordinal="6" offset="87" sl="34" sc="13" el="34" ec="53" bec="0" bev="0" fileid="3" />
                <SequencePoint vc="1" uspid="81" ordinal="7" offset="108" sl="35" sc="9" el="35" ec="10" bec="0" bev="0" fileid="3" />
              </SequencePoints>
              <BranchPoints />
              <MethodPoint xsi:type="SequencePoint" vc="1" uspid="74" ordinal="0" offset="0" sl="28" sc="9" el="28" ec="10" bec="0" bev="0" fileid="3" />
            </Method>
            <Method visited="true" cyclomaticComplexity="1" nPathComplexity="0" sequenceCoverage="100" branchCoverage="100" crapScore="1" isConstructor="false" isStatic="false" isGetter="false" isSetter="false">
              <Summary numSequencePoints="9" visitedSequencePoints="9" numBranchPoints="1" visitedBranchPoints="1" sequenceCoverage="100" branchCoverage="100" maxCyclomaticComplexity="1" minCyclomaticComplexity="1" maxCrapScore="1" minCrapScore="1" visitedClasses="0" numClasses="0" visitedMethods="1" numMethods="1" />
              <MetadataToken>100663309</MetadataToken>
              <Name>System.Void DrawingModel.Tests.ModelTests::ReleasedPointerTest()</Name>
              <FileRef uid="3" />
              <SequencePoints>
                <SequencePoint vc="1" uspid="82" ordinal="0" offset="0" sl="40" sc="9" el="40" ec="10" bec="0" bev="0" fileid="3" />
                <SequencePoint vc="1" uspid="83" ordinal="1" offset="1" sl="41" sc="13" el="41" ec="39" bec="0" bev="0" fileid="3" />
                <SequencePoint vc="1" uspid="84" ordinal="2" offset="7" sl="42" sc="13" el="42" ec="47" bec="0" bev="0" fileid="3" />
                <SequencePoint vc="1" uspid="85" ordinal="3" offset="14" sl="43" sc="13" el="43" ec="47" bec="0" bev="0" fileid="3" />
                <SequencePoint vc="1" uspid="86" ordinal="4" offset="40" sl="44" sc="13" el="44" ec="46" bec="0" bev="0" fileid="3" />
                <SequencePoint vc="1" uspid="87" ordinal="5" offset="66" sl="45" sc="13" el="45" ec="49" bec="0" bev="0" fileid="3" />
                <SequencePoint vc="1" uspid="88" ordinal="6" offset="92" sl="46" sc="13" el="46" ec="53" bec="0" bev="0" fileid="3" />
                <SequencePoint vc="1" uspid="89" ordinal="7" offset="113" sl="47" sc="13" el="47" ec="53" bec="0" bev="0" fileid="3" />
                <SequencePoint vc="1" uspid="90" ordinal="8" offset="134" sl="48" sc="9" el="48" ec="10" bec="0" bev="0" fileid="3" />
              </SequencePoints>
              <BranchPoints />
              <MethodPoint xsi:type="SequencePoint" vc="1" uspid="82" ordinal="0" offset="0" sl="40" sc="9" el="40" ec="10" bec="0" bev="0" fileid="3" />
            </Method>
            <Method visited="true" cyclomaticComplexity="1" nPathComplexity="0" sequenceCoverage="100" branchCoverage="100" crapScore="1" isConstructor="false" isStatic="false" isGetter="false" isSetter="false">
              <Summary numSequencePoints="9" visitedSequencePoints="9" numBranchPoints="1" visitedBranchPoints="1" sequenceCoverage="100" branchCoverage="100" maxCyclomaticComplexity="1" minCyclomaticComplexity="1" maxCrapScore="1" minCrapScore="1" visitedClasses="0" numClasses="0" visitedMethods="1" numMethods="1" />
              <MetadataToken>100663310</MetadataToken>
              <Name>System.Void DrawingModel.Tests.ModelTests::ClearTest()</Name>
              <FileRef uid="3" />
              <SequencePoints>
                <SequencePoint vc="1" uspid="91" ordinal="0" offset="0" sl="53" sc="9" el="53" ec="10" bec="0" bev="0" fileid="3" />
                <SequencePoint vc="1" uspid="92" ordinal="1" offset="1" sl="54" sc="13" el="54" ec="39" bec="0" bev="0" fileid="3" />
                <SequencePoint vc="1" uspid="93" ordinal="2" offset="7" sl="55" sc="13" el="55" ec="47" bec="0" bev="0" fileid="3" />
                <SequencePoint vc="1" uspid="94" ordinal="3" offset="14" sl="56" sc="13" el="56" ec="47" bec="0" bev="0" fileid="3" />
                <SequencePoint vc="1" uspid="95" ordinal="4" offset="40" sl="57" sc="13" el="57" ec="46" bec="0" bev="0" fileid="3" />
                <SequencePoint vc="1" uspid="96" ordinal="5" offset="66" sl="58" sc="13" el="58" ec="49" bec="0" bev="0" fileid="3" />
                <SequencePoint vc="1" uspid="97" ordinal="6" offset="92" sl="59" sc="13" el="59" ec="27" bec="0" bev="0" fileid="3" />
                <SequencePoint vc="1" uspid="98" ordinal="7" offset="99" sl="60" sc="13" el="60" ec="55" bec="0" bev="0" fileid="3" />
                <SequencePoint vc="1" uspid="99" ordinal="8" offset="112" sl="61" sc="9" el="61" ec="10" bec="0" bev="0" fileid="3" />
              </SequencePoints>
              <BranchPoints />
              <MethodPoint xsi:type="SequencePoint" vc="1" uspid="91" ordinal="0" offset="0" sl="53" sc="9" el="53" ec="10" bec="0" bev="0" fileid="3" />
            </Method>
            <Method visited="false" cyclomaticComplexity="1" nPathComplexity="0" sequenceCoverage="0" branchCoverage="0" crapScore="2" isConstructor="true" isStatic="false" isGetter="false" isSetter="false">
              <Summary numSequencePoints="0" visitedSequencePoints="0" numBranchPoints="0" visitedBranchPoints="0" sequenceCoverage="0" branchCoverage="0" maxCyclomaticComplexity="1" minCyclomaticComplexity="1" maxCrapScore="2" minCrapScore="2" visitedClasses="0" numClasses="0" visitedMethods="0" numMethods="0" />
              <MetadataToken>100663311</MetadataToken>
              <Name>System.Void DrawingModel.Tests.ModelTests::.ctor()</Name>
              <SequencePoints />
              <BranchPoints />
              <MethodPoint vc="0" uspid="100" ordinal="0" offset="0" />
            </Method>
          </Methods>
        </Class>
        <Class>
          <Summary numSequencePoints="32" visitedSequencePoints="32" numBranchPoints="4" visitedBranchPoints="4" sequenceCoverage="100" branchCoverage="100" maxCyclomaticComplexity="1" minCyclomaticComplexity="1" maxCrapScore="2" minCrapScore="1" visitedClasses="1" numClasses="1" visitedMethods="4" numMethods="4" />
          <FullName>DrawingModel.Tests.RectangleTests</FullName>
          <Methods>
            <Method visited="true" cyclomaticComplexity="1" nPathComplexity="0" sequenceCoverage="100" branchCoverage="100" crapScore="1" isConstructor="false" isStatic="false" isGetter="false" isSetter="false">
              <Summary numSequencePoints="7" visitedSequencePoints="7" numBranchPoints="1" visitedBranchPoints="1" sequenceCoverage="100" branchCoverage="100" maxCyclomaticComplexity="1" minCyclomaticComplexity="1" maxCrapScore="1" minCrapScore="1" visitedClasses="0" numClasses="0" visitedMethods="1" numMethods="1" />
              <MetadataToken>100663312</MetadataToken>
              <Name>System.Void DrawingModel.Tests.RectangleTests::SetLeftUpTest()</Name>
              <FileRef uid="4" />
              <SequencePoints>
                <SequencePoint vc="1" uspid="101" ordinal="0" offset="0" sl="17" sc="9" el="17" ec="10" bec="0" bev="0" fileid="4" />
                <SequencePoint vc="1" uspid="102" ordinal="1" offset="1" sl="18" sc="13" el="18" ec="39" bec="0" bev="0" fileid="4" />
                <SequencePoint vc="1" uspid="103" ordinal="2" offset="7" sl="19" sc="13" el="19" ec="50" bec="0" bev="0" fileid="4" />
                <SequencePoint vc="1" uspid="104" ordinal="3" offset="14" sl="20" sc="13" el="20" ec="35" bec="0" bev="0" fileid="4" />
                <SequencePoint vc="1" uspid="105" ordinal="4" offset="39" sl="21" sc="13" el="21" ec="42" bec="0" bev="0" fileid="4" />
                <SequencePoint vc="1" uspid="106" ordinal="5" offset="60" sl="22" sc="13" el="22" ec="42" bec="0" bev="0" fileid="4" />
                <SequencePoint vc="1" uspid="107" ordinal="6" offset="81" sl="23" sc="9" el="23" ec="10" bec="0" bev="0" fileid="4" />
              </SequencePoints>
              <BranchPoints />
              <MethodPoint xsi:type="SequencePoint" vc="1" uspid="101" ordinal="0" offset="0" sl="17" sc="9" el="17" ec="10" bec="0" bev="0" fileid="4" />
            </Method>
            <Method visited="true" cyclomaticComplexity="1" nPathComplexity="0" sequenceCoverage="100" branchCoverage="100" crapScore="1" isConstructor="false" isStatic="false" isGetter="false" isSetter="false">
              <Summary numSequencePoints="7" visitedSequencePoints="7" numBranchPoints="1" visitedBranchPoints="1" sequenceCoverage="100" branchCoverage="100" maxCyclomaticComplexity="1" minCyclomaticComplexity="1" maxCrapScore="1" minCrapScore="1" visitedClasses="0" numClasses="0" visitedMethods="1" numMethods="1" />
              <MetadataToken>100663313</MetadataToken>
              <Name>System.Void DrawingModel.Tests.RectangleTests::SetRightDownTest()</Name>
              <FileRef uid="4" />
              <SequencePoints>
                <SequencePoint vc="1" uspid="108" ordinal="0" offset="0" sl="28" sc="9" el="28" ec="10" bec="0" bev="0" fileid="4" />
                <SequencePoint vc="1" uspid="109" ordinal="1" offset="1" sl="29" sc="13" el="29" ec="39" bec="0" bev="0" fileid="4" />
                <SequencePoint vc="1" uspid="110" ordinal="2" offset="7" sl="30" sc="13" el="30" ec="50" bec="0" bev="0" fileid="4" />
                <SequencePoint vc="1" uspid="111" ordinal="3" offset="14" sl="31" sc="13" el="31" ec="38" bec="0" bev="0" fileid="4" />
                <SequencePoint vc="1" uspid="112" ordinal="4" offset="39" sl="32" sc="13" el="32" ec="42" bec="0" bev="0" fileid="4" />
                <SequencePoint vc="1" uspid="113" ordinal="5" offset="60" sl="33" sc="13" el="33" ec="42" bec="0" bev="0" fileid="4" />
                <SequencePoint vc="1" uspid="114" ordinal="6" offset="81" sl="34" sc="9" el="34" ec="10" bec="0" bev="0" fileid="4" />
              </SequencePoints>
              <BranchPoints />
              <MethodPoint xsi:type="SequencePoint" vc="1" uspid="108" ordinal="0" offset="0" sl="28" sc="9" el="28" ec="10" bec="0" bev="0" fileid="4" />
            </Method>
            <Method visited="true" cyclomaticComplexity="1" nPathComplexity="0" sequenceCoverage="100" branchCoverage="100" crapScore="1" isConstructor="false" isStatic="false" isGetter="false" isSetter="false">
              <Summary numSequencePoints="8" visitedSequencePoints="8" numBranchPoints="1" visitedBranchPoints="1" sequenceCoverage="100" branchCoverage="100" maxCyclomaticComplexity="1" minCyclomaticComplexity="1" maxCrapScore="1" minCrapScore="1" visitedClasses="0" numClasses="0" visitedMethods="1" numMethods="1" />
              <MetadataToken>100663314</MetadataToken>
              <Name>System.Void DrawingModel.Tests.RectangleTests::CheckContainTest()</Name>
              <FileRef uid="4" />
              <SequencePoints>
                <SequencePoint vc="1" uspid="115" ordinal="0" offset="0" sl="39" sc="9" el="39" ec="10" bec="0" bev="0" fileid="4" />
                <SequencePoint vc="1" uspid="116" ordinal="1" offset="1" sl="40" sc="13" el="40" ec="39" bec="0" bev="0" fileid="4" />
                <SequencePoint vc="1" uspid="117" ordinal="2" offset="7" sl="41" sc="13" el="41" ec="50" bec="0" bev="0" fileid="4" />
                <SequencePoint vc="1" uspid="118" ordinal="3" offset="14" sl="42" sc="13" el="42" ec="35" bec="0" bev="0" fileid="4" />
                <SequencePoint vc="1" uspid="119" ordinal="4" offset="39" sl="43" sc="13" el="43" ec="38" bec="0" bev="0" fileid="4" />
                <SequencePoint vc="1" uspid="120" ordinal="5" offset="64" sl="45" sc="13" el="45" ec="61" bec="0" bev="0" fileid="4" />
                <SequencePoint vc="1" uspid="121" ordinal="6" offset="87" sl="46" sc="13" el="46" ec="62" bec="0" bev="0" fileid="4" />
                <SequencePoint vc="1" uspid="122" ordinal="7" offset="110" sl="47" sc="9" el="47" ec="10" bec="0" bev="0" fileid="4" />
              </SequencePoints>
              <BranchPoints />
              <MethodPoint xsi:type="SequencePoint" vc="1" uspid="115" ordinal="0" offset="0" sl="39" sc="9" el="39" ec="10" bec="0" bev="0" fileid="4" />
            </Method>
            <Method visited="true" cyclomaticComplexity="1" nPathComplexity="0" sequenceCoverage="100" branchCoverage="100" crapScore="1" isConstructor="false" isStatic="false" isGetter="false" isSetter="false">
              <Summary numSequencePoints="10" visitedSequencePoints="10" numBranchPoints="1" visitedBranchPoints="1" sequenceCoverage="100" branchCoverage="100" maxCyclomaticComplexity="1" minCyclomaticComplexity="1" maxCrapScore="1" minCrapScore="1" visitedClasses="0" numClasses="0" visitedMethods="1" numMethods="1" />
              <MetadataToken>100663315</MetadataToken>
              <Name>System.Void DrawingModel.Tests.RectangleTests::GetPositionTest()</Name>
              <FileRef uid="4" />
              <SequencePoints>
                <SequencePoint vc="1" uspid="123" ordinal="0" offset="0" sl="52" sc="9" el="52" ec="10" bec="0" bev="0" fileid="4" />
                <SequencePoint vc="1" uspid="124" ordinal="1" offset="1" sl="53" sc="13" el="53" ec="39" bec="0" bev="0" fileid="4" />
                <SequencePoint vc="1" uspid="125" ordinal="2" offset="7" sl="54" sc="13" el="54" ec="50" bec="0" bev="0" fileid="4" />
                <SequencePoint vc="1" uspid="126" ordinal="3" offset="14" sl="55" sc="13" el="55" ec="35" bec="0" bev="0" fileid="4" />
                <SequencePoint vc="1" uspid="127" ordinal="4" offset="39" sl="56" sc="13" el="56" ec="38" bec="0" bev="0" fileid="4" />
                <SequencePoint vc="1" uspid="128" ordinal="5" offset="64" sl="57" sc="13" el="57" ec="55" bec="0" bev="0" fileid="4" />
                <SequencePoint vc="1" uspid="129" ordinal="6" offset="87" sl="58" sc="13" el="58" ec="55" bec="0" bev="0" fileid="4" />
                <SequencePoint vc="1" uspid="130" ordinal="7" offset="110" sl="59" sc="13" el="59" ec="55" bec="0" bev="0" fileid="4" />
                <SequencePoint vc="1" uspid="131" ordinal="8" offset="133" sl="60" sc="13" el="60" ec="55" bec="0" bev="0" fileid="4" />
                <SequencePoint vc="1" uspid="132" ordinal="9" offset="156" sl="61" sc="9" el="61" ec="10" bec="0" bev="0" fileid="4" />
              </SequencePoints>
              <BranchPoints />
              <MethodPoint xsi:type="SequencePoint" vc="1" uspid="123" ordinal="0" offset="0" sl="52" sc="9" el="52" ec="10" bec="0" bev="0" fileid="4" />
            </Method>
            <Method visited="false" cyclomaticComplexity="1" nPathComplexity="0" sequenceCoverage="0" branchCoverage="0" crapScore="2" isConstructor="true" isStatic="false" isGetter="false" isSetter="false">
              <Summary numSequencePoints="0" visitedSequencePoints="0" numBranchPoints="0" visitedBranchPoints="0" sequenceCoverage="0" branchCoverage="0" maxCyclomaticComplexity="1" minCyclomaticComplexity="1" maxCrapScore="2" minCrapScore="2" visitedClasses="0" numClasses="0" visitedMethods="0" numMethods="0" />
              <MetadataToken>100663316</MetadataToken>
              <Name>System.Void DrawingModel.Tests.RectangleTests::.ctor()</Name>
              <SequencePoints />
              <BranchPoints />
              <MethodPoint vc="0" uspid="133" ordinal="0" offset="0" />
            </Method>
          </Methods>
        </Class>
      </Classes>
    </Module>
    <Module hash="A0-0B-D1-2E-51-B6-54-7B-A1-60-64-7E-77-11-6E-BC-70-F2-2C-60">
      <Summary numSequencePoints="713" visitedSequencePoints="199" numBranchPoints="250" visitedBranchPoints="85" sequenceCoverage="27.91" branchCoverage="34" maxCyclomaticComplexity="8" minCyclomaticComplexity="1" maxCrapScore="72" minCrapScore="1" visitedClasses="9" numClasses="12" visitedMethods="66" numMethods="150" />
      <ModulePath>D:\Mydata\視窗程式設計\Drawing\DrawingModelTests\bin\Debug\fine-code-coverage\build-output\DrawingModel.dll</ModulePath>
      <ModuleTime>2022-01-12T13:01:42.7649278Z</ModuleTime>
      <ModuleName>DrawingModel</ModuleName>
      <Files>
        <File uid="9" fullPath="D:\Mydata\視窗程式設計\Drawing\DrawingModel\CommandManager.cs" />
        <File uid="10" fullPath="D:\Mydata\視窗程式設計\Drawing\DrawingModel\DrawCommand.cs" />
        <File uid="11" fullPath="D:\Mydata\視窗程式設計\Drawing\DrawingModel\DrawingLineState.cs" />
        <File uid="12" fullPath="D:\Mydata\視窗程式設計\Drawing\DrawingModel\DrawingState.cs" />
        <File uid="13" fullPath="D:\Mydata\視窗程式設計\Drawing\DrawingModel\Ellipse.cs" />
        <File uid="14" fullPath="D:\Mydata\視窗程式設計\Drawing\DrawingModel\GoogleDriveService.cs" />
        <File uid="15" fullPath="D:\Mydata\視窗程式設計\Drawing\DrawingModel\Line.cs" />
        <File uid="16" fullPath="D:\Mydata\視窗程式設計\Drawing\DrawingModel\Model.cs" />
        <File uid="17" fullPath="D:\Mydata\視窗程式設計\Drawing\DrawingModel\PageFunction.cs" />
        <File uid="18" fullPath="D:\Mydata\視窗程式設計\Drawing\DrawingModel\PointerState.cs" />
        <File uid="19" fullPath="D:\Mydata\視窗程式設計\Drawing\DrawingModel\Rectangle.cs" />
        <File uid="20" fullPath="D:\Mydata\視窗程式設計\Drawing\DrawingModel\SimpleFactory.cs" />
      </Files>
      <Classes>
        <Class>
          <Summary numSequencePoints="37" visitedSequencePoints="11" numBranchPoints="12" visitedBranchPoints="3" sequenceCoverage="29.73" branchCoverage="25" maxCyclomaticComplexity="2" minCyclomaticComplexity="1" maxCrapScore="6" minCrapScore="1" visitedClasses="1" numClasses="1" visitedMethods="3" numMethods="8" />
          <FullName>DrawingModel.CommandManager</FullName>
          <Methods>
            <Method visited="false" cyclomaticComplexity="1" nPathComplexity="0" sequenceCoverage="0" branchCoverage="0" crapScore="2" isConstructor="false" isStatic="false" isGetter="true" isSetter="false">
              <Summary numSequencePoints="3" visitedSequencePoints="0" numBranchPoints="1" visitedBranchPoints="0" sequenceCoverage="0" branchCoverage="0" maxCyclomaticComplexity="1" minCyclomaticComplexity="1" maxCrapScore="2" minCrapScore="2" visitedClasses="0" numClasses="0" visitedMethods="0" numMethods="1" />
              <MetadataToken>100663302</MetadataToken>
              <Name>System.Boolean DrawingModel.CommandManager::get_IsRedoEnabled()</Name>
              <FileRef uid="9" />
              <SequencePoints>
                <SequencePoint vc="0" uspid="134" ordinal="0" offset="0" sl="66" sc="13" el="66" ec="14" bec="0" bev="0" fileid="9" />
                <SequencePoint vc="0" uspid="135" ordinal="1" offset="1" sl="67" sc="17" el="67" ec="41" bec="0" bev="0" fileid="9" />
                <SequencePoint vc="0" uspid="136" ordinal="2" offset="18" sl="68" sc="13" el="68" ec="14" bec="0" bev="0" fileid="9" />
              </SequencePoints>
              <BranchPoints />
              <MethodPoint xsi:type="SequencePoint" vc="0" uspid="134" ordinal="0" offset="0" sl="66" sc="13" el="66" ec="14" bec="0" bev="0" fileid="9" />
            </Method>
            <Method visited="false" cyclomaticComplexity="1" nPathComplexity="0" sequenceCoverage="0" branchCoverage="0" crapScore="2" isConstructor="false" isStatic="false" isGetter="true" isSetter="false">
              <Summary numSequencePoints="3" visitedSequencePoints="0" numBranchPoints="1" visitedBranchPoints="0" sequenceCoverage="0" branchCoverage="0" maxCyclomaticComplexity="1" minCyclomaticComplexity="1" maxCrapScore="2" minCrapScore="2" visitedClasses="0" numClasses="0" visitedMethods="0" numMethods="1" />
              <MetadataToken>100663303</MetadataToken>
              <Name>System.Boolean DrawingModel.CommandManager::get_IsUndoEnabled()</Name>
              <FileRef uid="9" />
              <SequencePoints>
                <SequencePoint vc="0" uspid="137" ordinal="0" offset="0" sl="74" sc="13" el="74" ec="14" bec="0" bev="0" fileid="9" />
                <SequencePoint vc="0" uspid="138" ordinal="1" offset="1" sl="75" sc="17" el="75" ec="41" bec="0" bev="0" fileid="9" />
                <SequencePoint vc="0" uspid="139" ordinal="2" offset="18" sl="76" sc="13" el="76" ec="14" bec="0" bev="0" fileid="9" />
              </SequencePoints>
              <BranchPoints />
              <MethodPoint xsi:type="SequencePoint" vc="0" uspid="137" ordinal="0" offset="0" sl="74" sc="13" el="74" ec="14" bec="0" bev="0" fileid="9" />
            </Method>
            <Method visited="true" cyclomaticComplexity="1" nPathComplexity="0" sequenceCoverage="100" branchCoverage="100" crapScore="1" isConstructor="false" isStatic="false" isGetter="false" isSetter="false">
              <Summary numSequencePoints="5" visitedSequencePoints="5" numBranchPoints="1" visitedBranchPoints="1" sequenceCoverage="100" branchCoverage="100" maxCyclomaticComplexity="1" minCyclomaticComplexity="1" maxCrapScore="1" minCrapScore="1" visitedClasses="0" numClasses="0" visitedMethods="1" numMethods="1" />
              <MetadataToken>100663297</MetadataToken>
              <Name>System.Void DrawingModel.CommandManager::Execute(DrawingModel.ICommand)</Name>
              <FileRef uid="9" />
              <SequencePoints>
                <SequencePoint vc="2" uspid="140" ordinal="0" offset="0" sl="19" sc="9" el="19" ec="10" bec="0" bev="0" fileid="9" />
                <SequencePoint vc="2" uspid="141" ordinal="1" offset="1" sl="20" sc="13" el="20" ec="31" bec="0" bev="0" fileid="9" />
                <SequencePoint vc="2" uspid="142" ordinal="2" offset="8" sl="21" sc="13" el="21" ec="33" bec="0" bev="0" fileid="9" />
                <SequencePoint vc="2" uspid="143" ordinal="3" offset="21" sl="22" sc="13" el="22" ec="27" bec="0" bev="0" fileid="9" />
                <SequencePoint vc="2" uspid="144" ordinal="4" offset="33" sl="23" sc="9" el="23" ec="10" bec="0" bev="0" fileid="9" />
              </SequencePoints>
              <BranchPoints />
              <MethodPoint xsi:type="SequencePoint" vc="2" uspid="140" ordinal="0" offset="0" sl="19" sc="9" el="19" ec="10" bec="0" bev="0" fileid="9" />
            </Method>
            <Method visited="false" cyclomaticComplexity="1" nPathComplexity="0" sequenceCoverage="0" branchCoverage="0" crapScore="2" isConstructor="false" isStatic="false" isGetter="false" isSetter="false">
              <Summary numSequencePoints="6" visitedSequencePoints="0" numBranchPoints="1" visitedBranchPoints="0" sequenceCoverage="0" branchCoverage="0" maxCyclomaticComplexity="1" minCyclomaticComplexity="1" maxCrapScore="2" minCrapScore="2" visitedClasses="0" numClasses="0" visitedMethods="0" numMethods="1" />
              <MetadataToken>100663298</MetadataToken>
              <Name>System.Void DrawingModel.CommandManager::ExecuteMove(DrawingModel.ICommand,System.Double,System.Double)</Name>
              <FileRef uid="9" />
              <SequencePoints>
                <SequencePoint vc="0" uspid="145" ordinal="0" offset="0" sl="27" sc="9" el="27" ec="10" bec="0" bev="0" fileid="9" />
                <SequencePoint vc="0" uspid="146" ordinal="1" offset="1" sl="28" sc="13" el="28" ec="31" bec="0" bev="0" fileid="9" />
                <SequencePoint vc="0" uspid="147" ordinal="2" offset="8" sl="29" sc="13" el="29" ec="43" bec="0" bev="0" fileid="9" />
                <SequencePoint vc="0" uspid="148" ordinal="3" offset="17" sl="32" sc="13" el="32" ec="33" bec="0" bev="0" fileid="9" />
                <SequencePoint vc="0" uspid="149" ordinal="4" offset="30" sl="33" sc="13" el="33" ec="27" bec="0" bev="0" fileid="9" />
                <SequencePoint vc="0" uspid="150" ordinal="5" offset="42" sl="34" sc="9" el="34" ec="10" bec="0" bev="0" fileid="9" />
              </SequencePoints>
              <BranchPoints />
              <MethodPoint xsi:type="SequencePoint" vc="0" uspid="145" ordinal="0" offset="0" sl="27" sc="9" el="27" ec="10" bec="0" bev="0" fileid="9" />
            </Method>
            <Method visited="false" cyclomaticComplexity="2" nPathComplexity="2" sequenceCoverage="0" branchCoverage="0" crapScore="6" isConstructor="false" isStatic="false" isGetter="false" isSetter="false">
              <Summary numSequencePoints="7" visitedSequencePoints="0" numBranchPoints="3" visitedBranchPoints="0" sequenceCoverage="0" branchCoverage="0" maxCyclomaticComplexity="2" minCyclomaticComplexity="2" maxCrapScore="6" minCrapScore="6" visitedClasses="0" numClasses="0" visitedMethods="0" numMethods="1" />
              <MetadataToken>100663299</MetadataToken>
              <Name>System.Void DrawingModel.CommandManager::Undo()</Name>
              <FileRef uid="9" />
              <SequencePoints>
                <SequencePoint vc="0" uspid="151" ordinal="0" offset="0" sl="38" sc="9" el="38" ec="10" bec="0" bev="0" fileid="9" />
                <SequencePoint vc="0" uspid="152" ordinal="1" offset="1" sl="39" sc="13" el="39" ec="34" bec="2" bev="0" fileid="9" />
                <SequencePoint vc="0" uspid="153" ordinal="2" offset="22" sl="40" sc="17" el="40" ec="43" bec="0" bev="0" fileid="9" />
                <SequencePoint vc="0" uspid="154" ordinal="3" offset="33" sl="41" sc="13" el="41" ec="44" bec="0" bev="0" fileid="9" />
                <SequencePoint vc="0" uspid="155" ordinal="4" offset="45" sl="42" sc="13" el="42" ec="33" bec="0" bev="0" fileid="9" />
                <SequencePoint vc="0" uspid="156" ordinal="5" offset="58" sl="43" sc="13" el="43" ec="35" bec="0" bev="0" fileid="9" />
                <SequencePoint vc="0" uspid="157" ordinal="6" offset="65" sl="44" sc="9" el="44" ec="10" bec="0" bev="0" fileid="9" />
              </SequencePoints>
              <BranchPoints>
                <BranchPoint vc="0" uspid="158" ordinal="0" offset="20" sl="39" path="0" offsetend="22" fileid="9" />
                <BranchPoint vc="0" uspid="159" ordinal="1" offset="20" sl="39" path="1" offsetend="33" fileid="9" />
              </BranchPoints>
              <MethodPoint xsi:type="SequencePoint" vc="0" uspid="151" ordinal="0" offset="0" sl="38" sc="9" el="38" ec="10" bec="0" bev="0" fileid="9" />
            </Method>
            <Method visited="false" cyclomaticComplexity="2" nPathComplexity="2" sequenceCoverage="0" branchCoverage="0" crapScore="6" isConstructor="false" isStatic="false" isGetter="false" isSetter="false">
              <Summary numSequencePoints="7" visitedSequencePoints="0" numBranchPoints="3" visitedBranchPoints="0" sequenceCoverage="0" branchCoverage="0" maxCyclomaticComplexity="2" minCyclomaticComplexity="2" maxCrapScore="6" minCrapScore="6" visitedClasses="0" numClasses="0" visitedMethods="0" numMethods="1" />
              <MetadataToken>100663300</MetadataToken>
              <Name>System.Void DrawingModel.CommandManager::Redo()</Name>
              <FileRef uid="9" />
              <SequencePoints>
                <SequencePoint vc="0" uspid="160" ordinal="0" offset="0" sl="48" sc="9" el="48" ec="10" bec="0" bev="0" fileid="9" />
                <SequencePoint vc="0" uspid="161" ordinal="1" offset="1" sl="49" sc="13" el="49" ec="34" bec="2" bev="0" fileid="9" />
                <SequencePoint vc="0" uspid="162" ordinal="2" offset="22" sl="50" sc="17" el="50" ec="43" bec="0" bev="0" fileid="9" />
                <SequencePoint vc="0" uspid="163" ordinal="3" offset="33" sl="51" sc="13" el="51" ec="44" bec="0" bev="0" fileid="9" />
                <SequencePoint vc="0" uspid="164" ordinal="4" offset="45" sl="52" sc="13" el="52" ec="33" bec="0" bev="0" fileid="9" />
                <SequencePoint vc="0" uspid="165" ordinal="5" offset="58" sl="53" sc="13" el="53" ec="31" bec="0" bev="0" fileid="9" />
                <SequencePoint vc="0" uspid="166" ordinal="6" offset="65" sl="54" sc="9" el="54" ec="10" bec="0" bev="0" fileid="9" />
              </SequencePoints>
              <BranchPoints>
                <BranchPoint vc="0" uspid="167" ordinal="0" offset="20" sl="49" path="0" offsetend="22" fileid="9" />
                <BranchPoint vc="0" uspid="168" ordinal="1" offset="20" sl="49" path="1" offsetend="33" fileid="9" />
              </BranchPoints>
              <MethodPoint xsi:type="SequencePoint" vc="0" uspid="160" ordinal="0" offset="0" sl="48" sc="9" el="48" ec="10" bec="0" bev="0" fileid="9" />
            </Method>
            <Method visited="true" cyclomaticComplexity="1" nPathComplexity="0" sequenceCoverage="100" branchCoverage="100" crapScore="1" isConstructor="false" isStatic="false" isGetter="false" isSetter="false">
              <Summary numSequencePoints="4" visitedSequencePoints="4" numBranchPoints="1" visitedBranchPoints="1" sequenceCoverage="100" branchCoverage="100" maxCyclomaticComplexity="1" minCyclomaticComplexity="1" maxCrapScore="1" minCrapScore="1" visitedClasses="0" numClasses="0" visitedMethods="1" numMethods="1" />
              <MetadataToken>100663301</MetadataToken>
              <Name>System.Void DrawingModel.CommandManager::Clear()</Name>
              <FileRef uid="9" />
              <SequencePoints>
                <SequencePoint vc="1" uspid="169" ordinal="0" offset="0" sl="58" sc="9" el="58" ec="10" bec="0" bev="0" fileid="9" />
                <SequencePoint vc="1" uspid="170" ordinal="1" offset="1" sl="59" sc="13" el="59" ec="27" bec="0" bev="0" fileid="9" />
                <SequencePoint vc="1" uspid="171" ordinal="2" offset="13" sl="60" sc="13" el="60" ec="27" bec="0" bev="0" fileid="9" />
                <SequencePoint vc="1" uspid="172" ordinal="3" offset="25" sl="61" sc="9" el="61" ec="10" bec="0" bev="0" fileid="9" />
              </SequencePoints>
              <BranchPoints />
              <MethodPoint xsi:type="SequencePoint" vc="1" uspid="169" ordinal="0" offset="0" sl="58" sc="9" el="58" ec="10" bec="0" bev="0" fileid="9" />
            </Method>
            <Method visited="true" cyclomaticComplexity="1" nPathComplexity="0" sequenceCoverage="100" branchCoverage="100" crapScore="1" isConstructor="true" isStatic="false" isGetter="false" isSetter="false">
              <Summary numSequencePoints="2" visitedSequencePoints="2" numBranchPoints="1" visitedBranchPoints="1" sequenceCoverage="100" branchCoverage="100" maxCyclomaticComplexity="1" minCyclomaticComplexity="1" maxCrapScore="1" minCrapScore="1" visitedClasses="0" numClasses="0" visitedMethods="1" numMethods="1" />
              <MetadataToken>100663304</MetadataToken>
              <Name>System.Void DrawingModel.CommandManager::.ctor()</Name>
              <FileRef uid="9" />
              <SequencePoints>
                <SequencePoint vc="16" uspid="173" ordinal="0" offset="0" sl="11" sc="9" el="11" ec="55" bec="0" bev="0" fileid="9" />
                <SequencePoint vc="16" uspid="174" ordinal="1" offset="11" sl="12" sc="9" el="12" ec="55" bec="0" bev="0" fileid="9" />
              </SequencePoints>
              <BranchPoints />
              <MethodPoint xsi:type="SequencePoint" vc="16" uspid="173" ordinal="0" offset="0" sl="11" sc="9" el="11" ec="55" bec="0" bev="0" fileid="9" />
            </Method>
          </Methods>
        </Class>
        <Class>
          <Summary numSequencePoints="20" visitedSequencePoints="10" numBranchPoints="8" visitedBranchPoints="3" sequenceCoverage="50" branchCoverage="37.5" maxCyclomaticComplexity="2" minCyclomaticComplexity="1" maxCrapScore="6" minCrapScore="1" visitedClasses="1" numClasses="1" visitedMethods="2" numMethods="4" />
          <FullName>DrawingModel.DrawCommand</FullName>
          <Methods>
            <Method visited="true" cyclomaticComplexity="1" nPathComplexity="0" sequenceCoverage="100" branchCoverage="100" crapScore="1" isConstructor="true" isStatic="false" isGetter="false" isSetter="false">
              <Summary numSequencePoints="6" visitedSequencePoints="6" numBranchPoints="1" visitedBranchPoints="1" sequenceCoverage="100" branchCoverage="100" maxCyclomaticComplexity="1" minCyclomaticComplexity="1" maxCrapScore="1" minCrapScore="1" visitedClasses="0" numClasses="0" visitedMethods="1" numMethods="1" />
              <MetadataToken>100663305</MetadataToken>
              <Name>System.Void DrawingModel.DrawCommand::.ctor(DrawingModel.Model,DrawingModel.Shape,System.Boolean)</Name>
              <FileRef uid="10" />
              <SequencePoints>
                <SequencePoint vc="2" uspid="175" ordinal="0" offset="0" sl="17" sc="9" el="17" ec="63" bec="0" bev="0" fileid="10" />
                <SequencePoint vc="2" uspid="176" ordinal="1" offset="7" sl="18" sc="9" el="18" ec="10" bec="0" bev="0" fileid="10" />
                <SequencePoint vc="2" uspid="177" ordinal="2" offset="8" sl="19" sc="13" el="19" ec="26" bec="0" bev="0" fileid="10" />
                <SequencePoint vc="2" uspid="178" ordinal="3" offset="15" sl="20" sc="13" el="20" ec="28" bec="0" bev="0" fileid="10" />
                <SequencePoint vc="2" uspid="179" ordinal="4" offset="22" sl="21" sc="13" el="21" ec="26" bec="0" bev="0" fileid="10" />
                <SequencePoint vc="2" uspid="180" ordinal="5" offset="29" sl="22" sc="9" el="22" ec="10" bec="0" bev="0" fileid="10" />
              </SequencePoints>
              <BranchPoints />
              <MethodPoint xsi:type="SequencePoint" vc="2" uspid="175" ordinal="0" offset="0" sl="17" sc="9" el="17" ec="63" bec="0" bev="0" fileid="10" />
            </Method>
            <Method visited="false" cyclomaticComplexity="1" nPathComplexity="0" sequenceCoverage="0" branchCoverage="0" crapScore="2" isConstructor="false" isStatic="false" isGetter="false" isSetter="false">
              <Summary numSequencePoints="4" visitedSequencePoints="0" numBranchPoints="1" visitedBranchPoints="0" sequenceCoverage="0" branchCoverage="0" maxCyclomaticComplexity="1" minCyclomaticComplexity="1" maxCrapScore="2" minCrapScore="2" visitedClasses="0" numClasses="0" visitedMethods="0" numMethods="1" />
              <MetadataToken>100663306</MetadataToken>
              <Name>System.Void DrawingModel.DrawCommand::SetMove(System.Double,System.Double)</Name>
              <FileRef uid="10" />
              <SequencePoints>
                <SequencePoint vc="0" uspid="181" ordinal="0" offset="0" sl="26" sc="9" el="26" ec="10" bec="0" bev="0" fileid="10" />
                <SequencePoint vc="0" uspid="182" ordinal="1" offset="1" sl="27" sc="13" el="27" ec="28" bec="0" bev="0" fileid="10" />
                <SequencePoint vc="0" uspid="183" ordinal="2" offset="8" sl="28" sc="13" el="28" ec="29" bec="0" bev="0" fileid="10" />
                <SequencePoint vc="0" uspid="184" ordinal="3" offset="15" sl="29" sc="9" el="29" ec="10" bec="0" bev="0" fileid="10" />
              </SequencePoints>
              <BranchPoints />
              <MethodPoint xsi:type="SequencePoint" vc="0" uspid="181" ordinal="0" offset="0" sl="26" sc="9" el="26" ec="10" bec="0" bev="0" fileid="10" />
            </Method>
            <Method visited="true" cyclomaticComplexity="2" nPathComplexity="2" sequenceCoverage="80" branchCoverage="66.67" crapScore="2.03" isConstructor="false" isStatic="false" isGetter="false" isSetter="false">
              <Summary numSequencePoints="5" visitedSequencePoints="4" numBranchPoints="3" visitedBranchPoints="2" sequenceCoverage="80" branchCoverage="66.67" maxCyclomaticComplexity="2" minCyclomaticComplexity="2" maxCrapScore="2.03" minCrapScore="2.03" visitedClasses="0" numClasses="0" visitedMethods="1" numMethods="1" />
              <MetadataToken>100663307</MetadataToken>
              <Name>System.Void DrawingModel.DrawCommand::Execute()</Name>
              <FileRef uid="10" />
              <SequencePoints>
                <SequencePoint vc="2" uspid="185" ordinal="0" offset="0" sl="33" sc="9" el="33" ec="10" bec="0" bev="0" fileid="10" />
                <SequencePoint vc="2" uspid="186" ordinal="1" offset="1" sl="34" sc="13" el="34" ec="24" bec="2" bev="1" fileid="10" />
                <SequencePoint vc="2" uspid="187" ordinal="2" offset="14" sl="35" sc="17" el="35" ec="41" bec="0" bev="0" fileid="10" />
                <SequencePoint vc="0" uspid="188" ordinal="3" offset="34" sl="37" sc="17" el="37" ec="60" bec="0" bev="0" fileid="10" />
                <SequencePoint vc="2" uspid="189" ordinal="4" offset="64" sl="38" sc="9" el="38" ec="10" bec="0" bev="0" fileid="10" />
              </SequencePoints>
              <BranchPoints>
                <BranchPoint vc="2" uspid="190" ordinal="0" offset="12" sl="34" path="0" offsetend="14" fileid="10" />
                <BranchPoint vc="0" uspid="191" ordinal="1" offset="12" sl="34" path="1" offsetend="34" fileid="10" />
              </BranchPoints>
              <MethodPoint xsi:type="SequencePoint" vc="2" uspid="185" ordinal="0" offset="0" sl="33" sc="9" el="33" ec="10" bec="0" bev="0" fileid="10" />
            </Method>
            <Method visited="false" cyclomaticComplexity="2" nPathComplexity="2" sequenceCoverage="0" branchCoverage="0" crapScore="6" isConstructor="false" isStatic="false" isGetter="false" isSetter="false">
              <Summary numSequencePoints="5" visitedSequencePoints="0" numBranchPoints="3" visitedBranchPoints="0" sequenceCoverage="0" branchCoverage="0" maxCyclomaticComplexity="2" minCyclomaticComplexity="2" maxCrapScore="6" minCrapScore="6" visitedClasses="0" numClasses="0" visitedMethods="0" numMethods="1" />
              <MetadataToken>100663308</MetadataToken>
              <Name>System.Void DrawingModel.DrawCommand::DoNoExecute()</Name>
              <FileRef uid="10" />
              <SequencePoints>
                <SequencePoint vc="0" uspid="192" ordinal="0" offset="0" sl="42" sc="9" el="42" ec="10" bec="0" bev="0" fileid="10" />
                <SequencePoint vc="0" uspid="193" ordinal="1" offset="1" sl="43" sc="13" el="43" ec="24" bec="2" bev="0" fileid="10" />
                <SequencePoint vc="0" uspid="194" ordinal="2" offset="14" sl="44" sc="17" el="44" ec="38" bec="0" bev="0" fileid="10" />
                <SequencePoint vc="0" uspid="195" ordinal="3" offset="28" sl="46" sc="17" el="46" ec="66" bec="0" bev="0" fileid="10" />
                <SequencePoint vc="0" uspid="196" ordinal="4" offset="60" sl="47" sc="9" el="47" ec="10" bec="0" bev="0" fileid="10" />
              </SequencePoints>
              <BranchPoints>
                <BranchPoint vc="0" uspid="197" ordinal="0" offset="12" sl="43" path="0" offsetend="14" fileid="10" />
                <BranchPoint vc="0" uspid="198" ordinal="1" offset="12" sl="43" path="1" offsetend="28" fileid="10" />
              </BranchPoints>
              <MethodPoint xsi:type="SequencePoint" vc="0" uspid="192" ordinal="0" offset="0" sl="42" sc="9" el="42" ec="10" bec="0" bev="0" fileid="10" />
            </Method>
          </Methods>
        </Class>
        <Class>
          <Summary numSequencePoints="12" visitedSequencePoints="4" numBranchPoints="4" visitedBranchPoints="1" sequenceCoverage="33.33" branchCoverage="25" maxCyclomaticComplexity="2" minCyclomaticComplexity="1" maxCrapScore="6" minCrapScore="1" visitedClasses="1" numClasses="1" visitedMethods="1" numMethods="2" />
          <FullName>DrawingModel.DrawingLineState</FullName>
          <Methods>
            <Method visited="true" cyclomaticComplexity="1" nPathComplexity="0" sequenceCoverage="100" branchCoverage="100" crapScore="1" isConstructor="true" isStatic="false" isGetter="false" isSetter="false">
              <Summary numSequencePoints="4" visitedSequencePoints="4" numBranchPoints="1" visitedBranchPoints="1" sequenceCoverage="100" branchCoverage="100" maxCyclomaticComplexity="1" minCyclomaticComplexity="1" maxCrapScore="1" minCrapScore="1" visitedClasses="0" numClasses="0" visitedMethods="1" numMethods="1" />
              <MetadataToken>100663309</MetadataToken>
              <Name>System.Void DrawingModel.DrawingLineState::.ctor(DrawingModel.CommandManager)</Name>
              <FileRef uid="11" />
              <SequencePoints>
                <SequencePoint vc="16" uspid="199" ordinal="0" offset="0" sl="12" sc="9" el="12" ec="63" bec="0" bev="0" fileid="11" />
                <SequencePoint vc="16" uspid="200" ordinal="1" offset="7" sl="13" sc="9" el="13" ec="10" bec="0" bev="0" fileid="11" />
                <SequencePoint vc="16" uspid="201" ordinal="2" offset="8" sl="14" sc="13" el="14" ec="46" bec="0" bev="0" fileid="11" />
                <SequencePoint vc="16" uspid="202" ordinal="3" offset="15" sl="15" sc="9" el="15" ec="10" bec="0" bev="0" fileid="11" />
              </SequencePoints>
              <BranchPoints />
              <MethodPoint xsi:type="SequencePoint" vc="16" uspid="199" ordinal="0" offset="0" sl="12" sc="9" el="12" ec="63" bec="0" bev="0" fileid="11" />
            </Method>
            <Method visited="false" cyclomaticComplexity="2" nPathComplexity="2" sequenceCoverage="0" branchCoverage="0" crapScore="6" isConstructor="false" isStatic="false" isGetter="false" isSetter="false">
              <Summary numSequencePoints="8" visitedSequencePoints="0" numBranchPoints="3" visitedBranchPoints="0" sequenceCoverage="0" branchCoverage="0" maxCyclomaticComplexity="2" minCyclomaticComplexity="2" maxCrapScore="6" minCrapScore="6" visitedClasses="0" numClasses="0" visitedMethods="0" numMethods="1" />
              <MetadataToken>100663310</MetadataToken>
              <Name>System.Void DrawingModel.DrawingLineState::CallCommand(DrawingModel.Model,DrawingModel.Shape,System.Boolean)</Name>
              <FileRef uid="11" />
              <SequencePoints>
                <SequencePoint vc="0" uspid="203" ordinal="0" offset="0" sl="19" sc="9" el="19" ec="10" bec="0" bev="0" fileid="11" />
                <SequencePoint vc="0" uspid="204" ordinal="1" offset="1" sl="20" sc="13" el="20" ec="23" bec="2" bev="0" fileid="11" />
                <SequencePoint vc="0" uspid="205" ordinal="2" offset="6" sl="21" sc="13" el="21" ec="14" bec="0" bev="0" fileid="11" />
                <SequencePoint vc="0" uspid="206" ordinal="3" offset="7" sl="22" sc="17" el="22" ec="117" bec="0" bev="0" fileid="11" />
                <SequencePoint vc="0" uspid="207" ordinal="4" offset="44" sl="23" sc="17" el="23" ec="34" bec="0" bev="0" fileid="11" />
                <SequencePoint vc="0" uspid="208" ordinal="5" offset="60" sl="24" sc="17" el="24" ec="34" bec="0" bev="0" fileid="11" />
                <SequencePoint vc="0" uspid="209" ordinal="6" offset="76" sl="25" sc="13" el="25" ec="14" bec="0" bev="0" fileid="11" />
                <SequencePoint vc="0" uspid="210" ordinal="7" offset="77" sl="26" sc="9" el="26" ec="10" bec="0" bev="0" fileid="11" />
              </SequencePoints>
              <BranchPoints>
                <BranchPoint vc="0" uspid="211" ordinal="0" offset="4" sl="20" path="0" offsetend="6" fileid="11" />
                <BranchPoint vc="0" uspid="212" ordinal="1" offset="4" sl="20" path="1" offsetend="77" fileid="11" />
              </BranchPoints>
              <MethodPoint xsi:type="SequencePoint" vc="0" uspid="203" ordinal="0" offset="0" sl="19" sc="9" el="19" ec="10" bec="0" bev="0" fileid="11" />
            </Method>
          </Methods>
        </Class>
        <Class>
          <Summary numSequencePoints="7" visitedSequencePoints="7" numBranchPoints="2" visitedBranchPoints="2" sequenceCoverage="100" branchCoverage="100" maxCyclomaticComplexity="1" minCyclomaticComplexity="1" maxCrapScore="1" minCrapScore="1" visitedClasses="1" numClasses="1" visitedMethods="2" numMethods="2" />
          <FullName>DrawingModel.DrawingState</FullName>
          <Methods>
            <Method visited="true" cyclomaticComplexity="1" nPathComplexity="0" sequenceCoverage="100" branchCoverage="100" crapScore="1" isConstructor="true" isStatic="false" isGetter="false" isSetter="false">
              <Summary numSequencePoints="4" visitedSequencePoints="4" numBranchPoints="1" visitedBranchPoints="1" sequenceCoverage="100" branchCoverage="100" maxCyclomaticComplexity="1" minCyclomaticComplexity="1" maxCrapScore="1" minCrapScore="1" visitedClasses="0" numClasses="0" visitedMethods="1" numMethods="1" />
              <MetadataToken>100663311</MetadataToken>
              <Name>System.Void DrawingModel.DrawingState::.ctor(DrawingModel.CommandManager)</Name>
              <FileRef uid="12" />
              <SequencePoints>
                <SequencePoint vc="16" uspid="213" ordinal="0" offset="0" sl="12" sc="9" el="12" ec="59" bec="0" bev="0" fileid="12" />
                <SequencePoint vc="16" uspid="214" ordinal="1" offset="7" sl="13" sc="9" el="13" ec="10" bec="0" bev="0" fileid="12" />
                <SequencePoint vc="16" uspid="215" ordinal="2" offset="8" sl="14" sc="13" el="14" ec="46" bec="0" bev="0" fileid="12" />
                <SequencePoint vc="16" uspid="216" ordinal="3" offset="15" sl="15" sc="9" el="15" ec="10" bec="0" bev="0" fileid="12" />
              </SequencePoints>
              <BranchPoints />
              <MethodPoint xsi:type="SequencePoint" vc="16" uspid="213" ordinal="0" offset="0" sl="12" sc="9" el="12" ec="59" bec="0" bev="0" fileid="12" />
            </Method>
            <Method visited="true" cyclomaticComplexity="1" nPathComplexity="0" sequenceCoverage="100" branchCoverage="100" crapScore="1" isConstructor="false" isStatic="false" isGetter="false" isSetter="false">
              <Summary numSequencePoints="3" visitedSequencePoints="3" numBranchPoints="1" visitedBranchPoints="1" sequenceCoverage="100" branchCoverage="100" maxCyclomaticComplexity="1" minCyclomaticComplexity="1" maxCrapScore="1" minCrapScore="1" visitedClasses="0" numClasses="0" visitedMethods="1" numMethods="1" />
              <MetadataToken>100663312</MetadataToken>
              <Name>System.Void DrawingModel.DrawingState::CallCommand(DrawingModel.Model,DrawingModel.Shape,System.Boolean)</Name>
              <FileRef uid="12" />
              <SequencePoints>
                <SequencePoint vc="2" uspid="217" ordinal="0" offset="0" sl="19" sc="9" el="19" ec="10" bec="0" bev="0" fileid="12" />
                <SequencePoint vc="2" uspid="218" ordinal="1" offset="1" sl="20" sc="13" el="20" ec="74" bec="0" bev="0" fileid="12" />
                <SequencePoint vc="2" uspid="219" ordinal="2" offset="21" sl="21" sc="9" el="21" ec="10" bec="0" bev="0" fileid="12" />
              </SequencePoints>
              <BranchPoints />
              <MethodPoint xsi:type="SequencePoint" vc="2" uspid="217" ordinal="0" offset="0" sl="19" sc="9" el="19" ec="10" bec="0" bev="0" fileid="12" />
            </Method>
          </Methods>
        </Class>
        <Class>
          <Summary numSequencePoints="62" visitedSequencePoints="29" numBranchPoints="27" visitedBranchPoints="17" sequenceCoverage="46.77" branchCoverage="62.96" maxCyclomaticComplexity="3" minCyclomaticComplexity="1" maxCrapScore="6" minCrapScore="1" visitedClasses="1" numClasses="1" visitedMethods="13" numMethods="21" />
          <FullName>DrawingModel.Ellipse</FullName>
          <Methods>
            <Method visited="true" cyclomaticComplexity="1" nPathComplexity="0" sequenceCoverage="100" branchCoverage="100" crapScore="1" isConstructor="false" isStatic="false" isGetter="true" isSetter="false">
              <Summary numSequencePoints="1" visitedSequencePoints="1" numBranchPoints="1" visitedBranchPoints="1" sequenceCoverage="100" branchCoverage="100" maxCyclomaticComplexity="1" minCyclomaticComplexity="1" maxCrapScore="1" minCrapScore="1" visitedClasses="0" numClasses="0" visitedMethods="1" numMethods="1" />
              <MetadataToken>100663313</MetadataToken>
              <Name>System.Double DrawingModel.Ellipse::get__x1()</Name>
              <FileRef uid="13" />
              <SequencePoints>
                <SequencePoint vc="7" uspid="220" ordinal="0" offset="0" sl="17" sc="13" el="17" ec="17" bec="0" bev="0" fileid="13" />
              </SequencePoints>
              <BranchPoints />
              <MethodPoint xsi:type="SequencePoint" vc="7" uspid="220" ordinal="0" offset="0" sl="17" sc="13" el="17" ec="17" bec="0" bev="0" fileid="13" />
            </Method>
            <Method visited="true" cyclomaticComplexity="1" nPathComplexity="0" sequenceCoverage="100" branchCoverage="100" crapScore="1" isConstructor="false" isStatic="false" isGetter="false" isSetter="true">
              <Summary numSequencePoints="1" visitedSequencePoints="1" numBranchPoints="1" visitedBranchPoints="1" sequenceCoverage="100" branchCoverage="100" maxCyclomaticComplexity="1" minCyclomaticComplexity="1" maxCrapScore="1" minCrapScore="1" visitedClasses="0" numClasses="0" visitedMethods="1" numMethods="1" />
              <MetadataToken>100663314</MetadataToken>
              <Name>System.Void DrawingModel.Ellipse::set__x1(System.Double)</Name>
              <FileRef uid="13" />
              <SequencePoints>
                <SequencePoint vc="3" uspid="221" ordinal="0" offset="0" sl="17" sc="17" el="17" ec="21" bec="0" bev="0" fileid="13" />
              </SequencePoints>
              <BranchPoints />
              <MethodPoint xsi:type="SequencePoint" vc="3" uspid="221" ordinal="0" offset="0" sl="17" sc="17" el="17" ec="21" bec="0" bev="0" fileid="13" />
            </Method>
            <Method visited="true" cyclomaticComplexity="1" nPathComplexity="0" sequenceCoverage="100" branchCoverage="100" crapScore="1" isConstructor="false" isStatic="false" isGetter="true" isSetter="false">
              <Summary numSequencePoints="1" visitedSequencePoints="1" numBranchPoints="1" visitedBranchPoints="1" sequenceCoverage="100" branchCoverage="100" maxCyclomaticComplexity="1" minCyclomaticComplexity="1" maxCrapScore="1" minCrapScore="1" visitedClasses="0" numClasses="0" visitedMethods="1" numMethods="1" />
              <MetadataToken>100663315</MetadataToken>
              <Name>System.Double DrawingModel.Ellipse::get__x2()</Name>
              <FileRef uid="13" />
              <SequencePoints>
                <SequencePoint vc="7" uspid="222" ordinal="0" offset="0" sl="21" sc="13" el="21" ec="17" bec="0" bev="0" fileid="13" />
              </SequencePoints>
              <BranchPoints />
              <MethodPoint xsi:type="SequencePoint" vc="7" uspid="222" ordinal="0" offset="0" sl="21" sc="13" el="21" ec="17" bec="0" bev="0" fileid="13" />
            </Method>
            <Method visited="true" cyclomaticComplexity="1" nPathComplexity="0" sequenceCoverage="100" branchCoverage="100" crapScore="1" isConstructor="false" isStatic="false" isGetter="false" isSetter="true">
              <Summary numSequencePoints="1" visitedSequencePoints="1" numBranchPoints="1" visitedBranchPoints="1" sequenceCoverage="100" branchCoverage="100" maxCyclomaticComplexity="1" minCyclomaticComplexity="1" maxCrapScore="1" minCrapScore="1" visitedClasses="0" numClasses="0" visitedMethods="1" numMethods="1" />
              <MetadataToken>100663316</MetadataToken>
              <Name>System.Void DrawingModel.Ellipse::set__x2(System.Double)</Name>
              <FileRef uid="13" />
              <SequencePoints>
                <SequencePoint vc="3" uspid="223" ordinal="0" offset="0" sl="21" sc="18" el="21" ec="22" bec="0" bev="0" fileid="13" />
              </SequencePoints>
              <BranchPoints />
              <MethodPoint xsi:type="SequencePoint" vc="3" uspid="223" ordinal="0" offset="0" sl="21" sc="18" el="21" ec="22" bec="0" bev="0" fileid="13" />
            </Method>
            <Method visited="true" cyclomaticComplexity="1" nPathComplexity="0" sequenceCoverage="100" branchCoverage="100" crapScore="1" isConstructor="false" isStatic="false" isGetter="true" isSetter="false">
              <Summary numSequencePoints="1" visitedSequencePoints="1" numBranchPoints="1" visitedBranchPoints="1" sequenceCoverage="100" branchCoverage="100" maxCyclomaticComplexity="1" minCyclomaticComplexity="1" maxCrapScore="1" minCrapScore="1" visitedClasses="0" numClasses="0" visitedMethods="1" numMethods="1" />
              <MetadataToken>100663317</MetadataToken>
              <Name>System.Double DrawingModel.Ellipse::get__y1()</Name>
              <FileRef uid="13" />
              <SequencePoints>
                <SequencePoint vc="6" uspid="224" ordinal="0" offset="0" sl="25" sc="13" el="25" ec="17" bec="0" bev="0" fileid="13" />
              </SequencePoints>
              <BranchPoints />
              <MethodPoint xsi:type="SequencePoint" vc="6" uspid="224" ordinal="0" offset="0" sl="25" sc="13" el="25" ec="17" bec="0" bev="0" fileid="13" />
            </Method>
            <Method visited="true" cyclomaticComplexity="1" nPathComplexity="0" sequenceCoverage="100" branchCoverage="100" crapScore="1" isConstructor="false" isStatic="false" isGetter="false" isSetter="true">
              <Summary numSequencePoints="1" visitedSequencePoints="1" numBranchPoints="1" visitedBranchPoints="1" sequenceCoverage="100" branchCoverage="100" maxCyclomaticComplexity="1" minCyclomaticComplexity="1" maxCrapScore="1" minCrapScore="1" visitedClasses="0" numClasses="0" visitedMethods="1" numMethods="1" />
              <MetadataToken>100663318</MetadataToken>
              <Name>System.Void DrawingModel.Ellipse::set__y1(System.Double)</Name>
              <FileRef uid="13" />
              <SequencePoints>
                <SequencePoint vc="3" uspid="225" ordinal="0" offset="0" sl="25" sc="18" el="25" ec="22" bec="0" bev="0" fileid="13" />
              </SequencePoints>
              <BranchPoints />
              <MethodPoint xsi:type="SequencePoint" vc="3" uspid="225" ordinal="0" offset="0" sl="25" sc="18" el="25" ec="22" bec="0" bev="0" fileid="13" />
            </Method>
            <Method visited="true" cyclomaticComplexity="1" nPathComplexity="0" sequenceCoverage="100" branchCoverage="100" crapScore="1" isConstructor="false" isStatic="false" isGetter="true" isSetter="false">
              <Summary numSequencePoints="1" visitedSequencePoints="1" numBranchPoints="1" visitedBranchPoints="1" sequenceCoverage="100" branchCoverage="100" maxCyclomaticComplexity="1" minCyclomaticComplexity="1" maxCrapScore="1" minCrapScore="1" visitedClasses="0" numClasses="0" visitedMethods="1" numMethods="1" />
              <MetadataToken>100663319</MetadataToken>
              <Name>System.Double DrawingModel.Ellipse::get__y2()</Name>
              <FileRef uid="13" />
              <SequencePoints>
                <SequencePoint vc="6" uspid="226" ordinal="0" offset="0" sl="29" sc="13" el="29" ec="17" bec="0" bev="0" fileid="13" />
              </SequencePoints>
              <BranchPoints />
              <MethodPoint xsi:type="SequencePoint" vc="6" uspid="226" ordinal="0" offset="0" sl="29" sc="13" el="29" ec="17" bec="0" bev="0" fileid="13" />
            </Method>
            <Method visited="true" cyclomaticComplexity="1" nPathComplexity="0" sequenceCoverage="100" branchCoverage="100" crapScore="1" isConstructor="false" isStatic="false" isGetter="false" isSetter="true">
              <Summary numSequencePoints="1" visitedSequencePoints="1" numBranchPoints="1" visitedBranchPoints="1" sequenceCoverage="100" branchCoverage="100" maxCyclomaticComplexity="1" minCyclomaticComplexity="1" maxCrapScore="1" minCrapScore="1" visitedClasses="0" numClasses="0" visitedMethods="1" numMethods="1" />
              <MetadataToken>100663320</MetadataToken>
              <Name>System.Void DrawingModel.Ellipse::set__y2(System.Double)</Name>
              <FileRef uid="13" />
              <SequencePoints>
                <SequencePoint vc="3" uspid="227" ordinal="0" offset="0" sl="29" sc="18" el="29" ec="22" bec="0" bev="0" fileid="13" />
              </SequencePoints>
              <BranchPoints />
[...]
            <Method visited="false" cyclomaticComplexity="1" nPathComplexity="0" sequenceCoverage="0" branchCoverage="0" crapScore="2" isConstructor="false" isStatic="false" isGetter="false" isSetter="false">
              <Summary numSequencePoints="3" visitedSequencePoints="0" numBranchPoints="1" visitedBranchPoints="0" sequenceCoverage="0" branchCoverage="0" maxCyclomaticComplexity="1" minCyclomaticComplexity="1" maxCrapScore="2" minCrapScore="2" visitedClasses="0" numClasses="0" visitedMethods="0" numMethods="1" />
              <MetadataToken>100663449</MetadataToken>
              <Name>System.Void DrawingModel.Rectangle::DrawLine(DrawingModel.IGraphics)</Name>
              <FileRef uid="19" />
              <SequencePoints>
                <SequencePoint vc="0" uspid="916" ordinal="0" offset="0" sl="69" sc="9" el="69" ec="10" bec="0" bev="0" fileid="19" />
                <SequencePoint vc="0" uspid="917" ordinal="1" offset="1" sl="70" sc="13" el="70" ec="56" bec="0" bev="0" fileid="19" />
                <SequencePoint vc="0" uspid="918" ordinal="2" offset="32" sl="71" sc="9" el="71" ec="10" bec="0" bev="0" fileid="19" />
              </SequencePoints>
              <BranchPoints />
              <MethodPoint xsi:type="SequencePoint" vc="0" uspid="916" ordinal="0" offset="0" sl="69" sc="9" el="69" ec="10" bec="0" bev="0" fileid="19" />
            </Method>
            <Method visited="false" cyclomaticComplexity="1" nPathComplexity="0" sequenceCoverage="0" branchCoverage="0" crapScore="2" isConstructor="false" isStatic="false" isGetter="false" isSetter="false">
              <Summary numSequencePoints="3" visitedSequencePoints="0" numBranchPoints="1" visitedBranchPoints="0" sequenceCoverage="0" branchCoverage="0" maxCyclomaticComplexity="1" minCyclomaticComplexity="1" maxCrapScore="2" minCrapScore="2" visitedClasses="0" numClasses="0" visitedMethods="0" numMethods="1" />
              <MetadataToken>100663450</MetadataToken>
              <Name>System.Void DrawingModel.Rectangle::DrawShape(DrawingModel.IGraphics)</Name>
              <FileRef uid="19" />
              <SequencePoints>
                <SequencePoint vc="0" uspid="919" ordinal="0" offset="0" sl="75" sc="9" el="75" ec="10" bec="0" bev="0" fileid="19" />
                <SequencePoint vc="0" uspid="920" ordinal="1" offset="1" sl="76" sc="13" el="76" ec="61" bec="0" bev="0" fileid="19" />
                <SequencePoint vc="0" uspid="921" ordinal="2" offset="32" sl="77" sc="9" el="77" ec="10" bec="0" bev="0" fileid="19" />
              </SequencePoints>
              <BranchPoints />
              <MethodPoint xsi:type="SequencePoint" vc="0" uspid="919" ordinal="0" offset="0" sl="75" sc="9" el="75" ec="10" bec="0" bev="0" fileid="19" />
            </Method>
            <Method visited="false" cyclomaticComplexity="1" nPathComplexity="0" sequenceCoverage="0" branchCoverage="0" crapScore="2" isConstructor="false" isStatic="false" isGetter="false" isSetter="false">
              <Summary numSequencePoints="4" visitedSequencePoints="0" numBranchPoints="1" visitedBranchPoints="0" sequenceCoverage="0" branchCoverage="0" maxCyclomaticComplexity="1" minCyclomaticComplexity="1" maxCrapScore="2" minCrapScore="2" visitedClasses="0" numClasses="0" visitedMethods="0" numMethods="1" />
              <MetadataToken>100663451</MetadataToken>
              <Name>DrawingModel.Shape DrawingModel.Rectangle::CreateNew()</Name>
              <FileRef uid="19" />
              <SequencePoints>
                <SequencePoint vc="0" uspid="922" ordinal="0" offset="0" sl="81" sc="9" el="81" ec="10" bec="0" bev="0" fileid="19" />
                <SequencePoint vc="0" uspid="923" ordinal="1" offset="1" sl="82" sc="13" el="82" ec="52" bec="0" bev="0" fileid="19" />
                <SequencePoint vc="0" uspid="924" ordinal="2" offset="13" sl="83" sc="13" el="83" ec="25" bec="0" bev="0" fileid="19" />
                <SequencePoint vc="0" uspid="925" ordinal="3" offset="17" sl="84" sc="9" el="84" ec="10" bec="0" bev="0" fileid="19" />
              </SequencePoints>
              <BranchPoints />
              <MethodPoint xsi:type="SequencePoint" vc="0" uspid="922" ordinal="0" offset="0" sl="81" sc="9" el="81" ec="10" bec="0" bev="0" fileid="19" />
            </Method>
            <Method visited="false" cyclomaticComplexity="1" nPathComplexity="0" sequenceCoverage="0" branchCoverage="0" crapScore="2" isConstructor="false" isStatic="false" isGetter="false" isSetter="false">
              <Summary numSequencePoints="6" visitedSequencePoints="0" numBranchPoints="1" visitedBranchPoints="0" sequenceCoverage="0" branchCoverage="0" maxCyclomaticComplexity="1" minCyclomaticComplexity="1" maxCrapScore="2" minCrapScore="2" visitedClasses="0" numClasses="0" visitedMethods="0" numMethods="1" />
              <MetadataToken>100663452</MetadataToken>
              <Name>DrawingModel.Shape DrawingModel.Rectangle::Copy()</Name>
              <FileRef uid="19" />
              <SequencePoints>
                <SequencePoint vc="0" uspid="926" ordinal="0" offset="0" sl="88" sc="9" el="88" ec="10" bec="0" bev="0" fileid="19" />
                <SequencePoint vc="0" uspid="927" ordinal="1" offset="1" sl="89" sc="13" el="89" ec="52" bec="0" bev="0" fileid="19" />
                <SequencePoint vc="0" uspid="928" ordinal="2" offset="13" sl="90" sc="13" el="90" ec="38" bec="0" bev="0" fileid="19" />
                <SequencePoint vc="0" uspid="929" ordinal="3" offset="32" sl="91" sc="13" el="91" ec="41" bec="0" bev="0" fileid="19" />
                <SequencePoint vc="0" uspid="930" ordinal="4" offset="51" sl="92" sc="13" el="92" ec="25" bec="0" bev="0" fileid="19" />
                <SequencePoint vc="0" uspid="931" ordinal="5" offset="55" sl="93" sc="9" el="93" ec="10" bec="0" bev="0" fileid="19" />
              </SequencePoints>
              <BranchPoints />
              <MethodPoint xsi:type="SequencePoint" vc="0" uspid="926" ordinal="0" offset="0" sl="88" sc="9" el="88" ec="10" bec="0" bev="0" fileid="19" />
            </Method>
            <Method visited="true" cyclomaticComplexity="3" nPathComplexity="4" sequenceCoverage="100" branchCoverage="100" crapScore="3" isConstructor="false" isStatic="false" isGetter="false" isSetter="false">
              <Summary numSequencePoints="5" visitedSequencePoints="5" numBranchPoints="5" visitedBranchPoints="5" sequenceCoverage="100" branchCoverage="100" maxCyclomaticComplexity="3" minCyclomaticComplexity="3" maxCrapScore="3" minCrapScore="3" visitedClasses="0" numClasses="0" visitedMethods="1" numMethods="1" />
              <MetadataToken>100663453</MetadataToken>
              <Name>System.Boolean DrawingModel.Rectangle::CheckContain(System.Single,System.Single)</Name>
              <FileRef uid="19" />
              <SequencePoints>
                <SequencePoint vc="2" uspid="932" ordinal="0" offset="0" sl="97" sc="9" el="97" ec="10" bec="0" bev="0" fileid="19" />
                <SequencePoint vc="2" uspid="933" ordinal="1" offset="1" sl="98" sc="13" el="98" ec="90" bec="4" bev="4" fileid="19" />
                <SequencePoint vc="1" uspid="934" ordinal="2" offset="68" sl="99" sc="17" el="99" ec="29" bec="0" bev="0" fileid="19" />
                <SequencePoint vc="1" uspid="935" ordinal="3" offset="72" sl="101" sc="17" el="101" ec="30" bec="0" bev="0" fileid="19" />
                <SequencePoint vc="2" uspid="936" ordinal="4" offset="76" sl="102" sc="9" el="102" ec="10" bec="0" bev="0" fileid="19" />
              </SequencePoints>
              <BranchPoints>
                <BranchPoint vc="1" uspid="937" ordinal="0" offset="29" sl="98" path="0" offsetend="31" fileid="19" />
                <BranchPoint vc="1" uspid="938" ordinal="1" offset="29" sl="98" path="1" offsetend="63" fileid="19" />
                <BranchPoint vc="1" uspid="939" ordinal="2" offset="66" sl="98" path="0" offsetend="68" fileid="19" />
                <BranchPoint vc="1" uspid="940" ordinal="3" offset="66" sl="98" path="1" offsetend="72" fileid="19" />
              </BranchPoints>
              <MethodPoint xsi:type="SequencePoint" vc="2" uspid="932" ordinal="0" offset="0" sl="97" sc="9" el="97" ec="10" bec="0" bev="0" fileid="19" />
            </Method>
            <Method visited="true" cyclomaticComplexity="1" nPathComplexity="0" sequenceCoverage="100" branchCoverage="100" crapScore="1" isConstructor="false" isStatic="false" isGetter="false" isSetter="false">
              <Summary numSequencePoints="4" visitedSequencePoints="4" numBranchPoints="1" visitedBranchPoints="1" sequenceCoverage="100" branchCoverage="100" maxCyclomaticComplexity="1" minCyclomaticComplexity="1" maxCrapScore="1" minCrapScore="1" visitedClasses="0" numClasses="0" visitedMethods="1" numMethods="1" />
              <MetadataToken>100663454</MetadataToken>
              <Name>System.Double[] DrawingModel.Rectangle::GetPosition()</Name>
              <FileRef uid="19" />
              <SequencePoints>
                <SequencePoint vc="4" uspid="941" ordinal="0" offset="0" sl="106" sc="9" el="106" ec="10" bec="0" bev="0" fileid="19" />
                <SequencePoint vc="4" uspid="942" ordinal="1" offset="1" sl="107" sc="13" el="107" ec="51" bec="0" bev="0" fileid="19" />
                <SequencePoint vc="4" uspid="943" ordinal="2" offset="44" sl="108" sc="13" el="108" ec="24" bec="0" bev="0" fileid="19" />
                <SequencePoint vc="4" uspid="944" ordinal="3" offset="48" sl="109" sc="9" el="109" ec="10" bec="0" bev="0" fileid="19" />
              </SequencePoints>
              <BranchPoints />
              <MethodPoint xsi:type="SequencePoint" vc="4" uspid="941" ordinal="0" offset="0" sl="106" sc="9" el="106" ec="10" bec="0" bev="0" fileid="19" />
            </Method>
            <Method visited="false" cyclomaticComplexity="1" nPathComplexity="0" sequenceCoverage="0" branchCoverage="0" crapScore="2" isConstructor="false" isStatic="false" isGetter="false" isSetter="false">
              <Summary numSequencePoints="6" visitedSequencePoints="0" numBranchPoints="1" visitedBranchPoints="0" sequenceCoverage="0" branchCoverage="0" maxCyclomaticComplexity="1" minCyclomaticComplexity="1" maxCrapScore="2" minCrapScore="2" visitedClasses="0" numClasses="0" visitedMethods="0" numMethods="1" />
              <MetadataToken>100663455</MetadataToken>
              <Name>System.Void DrawingModel.Rectangle::Move(System.Single,System.Single)</Name>
              <FileRef uid="19" />
              <SequencePoints>
                <SequencePoint vc="0" uspid="945" ordinal="0" offset="0" sl="113" sc="9" el="113" ec="10" bec="0" bev="0" fileid="19" />
                <SequencePoint vc="0" uspid="946" ordinal="1" offset="1" sl="114" sc="13" el="114" ec="31" bec="0" bev="0" fileid="19" />
                <SequencePoint vc="0" uspid="947" ordinal="2" offset="17" sl="115" sc="13" el="115" ec="31" bec="0" bev="0" fileid="19" />
                <SequencePoint vc="0" uspid="948" ordinal="3" offset="33" sl="116" sc="13" el="116" ec="32" bec="0" bev="0" fileid="19" />
                <SequencePoint vc="0" uspid="949" ordinal="4" offset="49" sl="117" sc="13" el="117" ec="32" bec="0" bev="0" fileid="19" />
                <SequencePoint vc="0" uspid="950" ordinal="5" offset="65" sl="118" sc="9" el="118" ec="10" bec="0" bev="0" fileid="19" />
              </SequencePoints>
              <BranchPoints />
              <MethodPoint xsi:type="SequencePoint" vc="0" uspid="945" ordinal="0" offset="0" sl="113" sc="9" el="113" ec="10" bec="0" bev="0" fileid="19" />
            </Method>
            <Method visited="false" cyclomaticComplexity="1" nPathComplexity="0" sequenceCoverage="0" branchCoverage="0" crapScore="2" isConstructor="false" isStatic="false" isGetter="false" isSetter="false">
              <Summary numSequencePoints="3" visitedSequencePoints="0" numBranchPoints="1" visitedBranchPoints="0" sequenceCoverage="0" branchCoverage="0" maxCyclomaticComplexity="1" minCyclomaticComplexity="1" maxCrapScore="2" minCrapScore="2" visitedClasses="0" numClasses="0" visitedMethods="0" numMethods="1" />
              <MetadataToken>100663456</MetadataToken>
              <Name>System.Boolean DrawingModel.Rectangle::CheckType()</Name>
              <FileRef uid="19" />
              <SequencePoints>
                <SequencePoint vc="0" uspid="951" ordinal="0" offset="0" sl="122" sc="9" el="122" ec="10" bec="0" bev="0" fileid="19" />
                <SequencePoint vc="0" uspid="952" ordinal="1" offset="1" sl="123" sc="13" el="123" ec="25" bec="0" bev="0" fileid="19" />
                <SequencePoint vc="0" uspid="953" ordinal="2" offset="5" sl="124" sc="9" el="124" ec="10" bec="0" bev="0" fileid="19" />
              </SequencePoints>
              <BranchPoints />
              <MethodPoint xsi:type="SequencePoint" vc="0" uspid="951" ordinal="0" offset="0" sl="122" sc="9" el="122" ec="10" bec="0" bev="0" fileid="19" />
            </Method>
          </Methods>
        </Class>
        <Class>
          <Summary numSequencePoints="0" visitedSequencePoints="0" numBranchPoints="0" visitedBranchPoints="0" sequenceCoverage="0" branchCoverage="0" maxCyclomaticComplexity="1" minCyclomaticComplexity="1" maxCrapScore="2" minCrapScore="2" visitedClasses="0" numClasses="0" visitedMethods="0" numMethods="0" />
          <FullName>DrawingModel.Shape</FullName>
          <Methods>
            <Method visited="false" cyclomaticComplexity="1" nPathComplexity="0" sequenceCoverage="0" branchCoverage="0" crapScore="2" isConstructor="true" isStatic="false" isGetter="false" isSetter="false">
              <Summary numSequencePoints="0" visitedSequencePoints="0" numBranchPoints="0" visitedBranchPoints="0" sequenceCoverage="0" branchCoverage="0" maxCyclomaticComplexity="1" minCyclomaticComplexity="1" maxCrapScore="2" minCrapScore="2" visitedClasses="0" numClasses="0" visitedMethods="0" numMethods="0" />
              <MetadataToken>100663469</MetadataToken>
              <Name>System.Void DrawingModel.Shape::.ctor()</Name>
              <SequencePoints />
              <BranchPoints />
              <MethodPoint vc="0" uspid="954" ordinal="0" offset="0" />
            </Method>
          </Methods>
        </Class>
        <Class>
          <Summary numSequencePoints="11" visitedSequencePoints="0" numBranchPoints="6" visitedBranchPoints="0" sequenceCoverage="0" branchCoverage="0" maxCyclomaticComplexity="3" minCyclomaticComplexity="1" maxCrapScore="12" minCrapScore="2" visitedClasses="0" numClasses="1" visitedMethods="0" numMethods="2" />
          <FullName>DrawingModel.SimpleFactory</FullName>
          <Methods>
            <Method visited="false" cyclomaticComplexity="1" nPathComplexity="0" sequenceCoverage="0" branchCoverage="0" crapScore="2" isConstructor="true" isStatic="false" isGetter="false" isSetter="false">
              <Summary numSequencePoints="4" visitedSequencePoints="0" numBranchPoints="1" visitedBranchPoints="0" sequenceCoverage="0" branchCoverage="0" maxCyclomaticComplexity="1" minCyclomaticComplexity="1" maxCrapScore="2" minCrapScore="2" visitedClasses="0" numClasses="0" visitedMethods="0" numMethods="1" />
              <MetadataToken>100663470</MetadataToken>
              <Name>System.Void DrawingModel.SimpleFactory::.ctor(DrawingModel.Model)</Name>
              <FileRef uid="20" />
              <SequencePoints>
                <SequencePoint vc="0" uspid="955" ordinal="0" offset="0" sl="13" sc="9" el="13" ec="42" bec="0" bev="0" fileid="20" />
                <SequencePoint vc="0" uspid="956" ordinal="1" offset="7" sl="14" sc="9" el="14" ec="10" bec="0" bev="0" fileid="20" />
                <SequencePoint vc="0" uspid="957" ordinal="2" offset="8" sl="15" sc="13" el="15" ec="28" bec="0" bev="0" fileid="20" />
                <SequencePoint vc="0" uspid="958" ordinal="3" offset="15" sl="16" sc="9" el="16" ec="10" bec="0" bev="0" fileid="20" />
              </SequencePoints>
              <BranchPoints />
              <MethodPoint xsi:type="SequencePoint" vc="0" uspid="955" ordinal="0" offset="0" sl="13" sc="9" el="13" ec="42" bec="0" bev="0" fileid="20" />
            </Method>
            <Method visited="false" cyclomaticComplexity="3" nPathComplexity="4" sequenceCoverage="0" branchCoverage="0" crapScore="12" isConstructor="false" isStatic="false" isGetter="false" isSetter="false">
              <Summary numSequencePoints="7" visitedSequencePoints="0" numBranchPoints="5" visitedBranchPoints="0" sequenceCoverage="0" branchCoverage="0" maxCyclomaticComplexity="3" minCyclomaticComplexity="3" maxCrapScore="12" minCrapScore="12" visitedClasses="0" numClasses="0" visitedMethods="0" numMethods="1" />
              <MetadataToken>100663471</MetadataToken>
              <Name>DrawingModel.Shape DrawingModel.SimpleFactory::CreateShape(System.Int32)</Name>
              <FileRef uid="20" />
              <SequencePoints>
                <SequencePoint vc="0" uspid="959" ordinal="0" offset="0" sl="20" sc="9" el="20" ec="10" bec="0" bev="0" fileid="20" />
                <SequencePoint vc="0" uspid="960" ordinal="1" offset="1" sl="21" sc="13" el="21" ec="27" bec="2" bev="0" fileid="20" />
                <SequencePoint vc="0" uspid="961" ordinal="2" offset="9" sl="22" sc="17" el="22" ec="46" bec="0" bev="0" fileid="20" />
                <SequencePoint vc="0" uspid="962" ordinal="3" offset="23" sl="23" sc="18" el="23" ec="32" bec="2" bev="0" fileid="20" />
                <SequencePoint vc="0" uspid="963" ordinal="4" offset="31" sl="24" sc="17" el="24" ec="44" bec="0" bev="0" fileid="20" />
                <SequencePoint vc="0" uspid="964" ordinal="5" offset="45" sl="26" sc="17" el="26" ec="41" bec="0" bev="0" fileid="20" />
                <SequencePoint vc="0" uspid="965" ordinal="6" offset="59" sl="27" sc="9" el="27" ec="10" bec="0" bev="0" fileid="20" />
              </SequencePoints>
              <BranchPoints>
                <BranchPoint vc="0" uspid="966" ordinal="0" offset="7" sl="21" path="0" offsetend="9" fileid="20" />
                <BranchPoint vc="0" uspid="967" ordinal="1" offset="7" sl="21" path="1" offsetend="23" fileid="20" />
                <BranchPoint vc="0" uspid="968" ordinal="2" offset="29" sl="23" path="0" offsetend="31" fileid="20" />
                <BranchPoint vc="0" uspid="969" ordinal="3" offset="29" sl="23" path="1" offsetend="45" fileid="20" />
              </BranchPoints>
              <MethodPoint xsi:type="SequencePoint" vc="0" uspid="959" ordinal="0" offset="0" sl="20" sc="9" el="20" ec="10" bec="0" bev="0" fileid="20" />
            </Method>
          </Methods>
        </Class>
        <Class>
          <Summary numSequencePoints="0" visitedSequencePoints="0" numBranchPoints="0" visitedBranchPoints="0" sequenceCoverage="0" branchCoverage="0" maxCyclomaticComplexity="1" minCyclomaticComplexity="1" maxCrapScore="2" minCrapScore="2" visitedClasses="0" numClasses="0" visitedMethods="0" numMethods="0" />
          <FullName>DrawingModel.State</FullName>
          <Methods>
            <Method visited="false" cyclomaticComplexity="1" nPathComplexity="0" sequenceCoverage="0" branchCoverage="0" crapScore="2" isConstructor="true" isStatic="false" isGetter="false" isSetter="false">
              <Summary numSequencePoints="0" visitedSequencePoints="0" numBranchPoints="0" visitedBranchPoints="0" sequenceCoverage="0" branchCoverage="0" maxCyclomaticComplexity="1" minCyclomaticComplexity="1" maxCrapScore="2" minCrapScore="2" visitedClasses="0" numClasses="0" visitedMethods="0" numMethods="0" />
              <MetadataToken>100663473</MetadataToken>
              <Name>System.Void DrawingModel.State::.ctor()</Name>
              <SequencePoints />
              <BranchPoints />
              <MethodPoint vc="0" uspid="970" ordinal="0" offset="0" />
            </Method>
          </Methods>
        </Class>
      </Classes>
    </Module>
  </Modules>
</CoverageSession>